[3.304s] Invoking command in '/home/can/ros2_ws/src/examples/rclpy/executors': PYTHONPATH=/home/can/ros2_ws/build/examples_rclpy_executors/prefix_override:/home/can/ros2_ws/install/examples_rclpy_executors/lib/python3.8/site-packages:${PYTHONPATH} /usr/bin/python3 setup.py egg_info --egg-base ../../../../build/examples_rclpy_executors build --build-base /home/can/ros2_ws/build/examples_rclpy_executors/build install --record /home/can/ros2_ws/build/examples_rclpy_executors/install.log --install-scripts $base/lib/examples_rclpy_executors --single-version-externally-managed
[3.712s] running egg_info
[3.713s] writing ../../../../build/examples_rclpy_executors/examples_rclpy_executors.egg-info/PKG-INFO
[3.713s] writing dependency_links to ../../../../build/examples_rclpy_executors/examples_rclpy_executors.egg-info/dependency_links.txt
[3.713s] writing entry points to ../../../../build/examples_rclpy_executors/examples_rclpy_executors.egg-info/entry_points.txt
[3.713s] writing requirements to ../../../../build/examples_rclpy_executors/examples_rclpy_executors.egg-info/requires.txt
[3.713s] writing top-level names to ../../../../build/examples_rclpy_executors/examples_rclpy_executors.egg-info/top_level.txt
[3.713s] reading manifest file '../../../../build/examples_rclpy_executors/examples_rclpy_executors.egg-info/SOURCES.txt'
[3.713s] writing manifest file '../../../../build/examples_rclpy_executors/examples_rclpy_executors.egg-info/SOURCES.txt'
[3.713s] running build
[3.714s] running build_py
[3.714s] running install
[3.714s] running install_lib
[3.714s] running install_data
[3.714s] running install_egg_info
[3.714s] removing '/home/can/ros2_ws/install/examples_rclpy_executors/lib/python3.8/site-packages/examples_rclpy_executors-0.9.4-py3.8.egg-info' (and everything under it)
[3.714s] Copying ../../../../build/examples_rclpy_executors/examples_rclpy_executors.egg-info to /home/can/ros2_ws/install/examples_rclpy_executors/lib/python3.8/site-packages/examples_rclpy_executors-0.9.4-py3.8.egg-info
[3.714s] running install_scripts
[3.714s] Installing callback_group script to /home/can/ros2_ws/install/examples_rclpy_executors/lib/examples_rclpy_executors
[3.714s] Installing composed script to /home/can/ros2_ws/install/examples_rclpy_executors/lib/examples_rclpy_executors
[3.714s] Installing custom_callback_group script to /home/can/ros2_ws/install/examples_rclpy_executors/lib/examples_rclpy_executors
[3.714s] Installing custom_executor script to /home/can/ros2_ws/install/examples_rclpy_executors/lib/examples_rclpy_executors
[3.714s] Installing listener script to /home/can/ros2_ws/install/examples_rclpy_executors/lib/examples_rclpy_executors
[3.715s] Installing talker script to /home/can/ros2_ws/install/examples_rclpy_executors/lib/examples_rclpy_executors
[3.715s] writing list of installed files to '/home/can/ros2_ws/build/examples_rclpy_executors/install.log'
[4.368s] Invoked command in '/home/can/ros2_ws/src/examples/rclpy/executors' returned '0': PYTHONPATH=/home/can/ros2_ws/build/examples_rclpy_executors/prefix_override:/home/can/ros2_ws/install/examples_rclpy_executors/lib/python3.8/site-packages:${PYTHONPATH} /usr/bin/python3 setup.py egg_info --egg-base ../../../../build/examples_rclpy_executors build --build-base /home/can/ros2_ws/build/examples_rclpy_executors/build install --record /home/can/ros2_ws/build/examples_rclpy_executors/install.log --install-scripts $base/lib/examples_rclpy_executors --single-version-externally-managed
