[1.180s] Invoking command in '/home/can/ros2_ws/build/examples_rclcpp_minimal_client': CMAKE_PREFIX_PATH=/opt/ros/foxy /usr/bin/cmake /home/can/ros2_ws/src/examples/rclcpp/services/minimal_client -DCMAKE_INSTALL_PREFIX=/home/can/ros2_ws/install/examples_rclcpp_minimal_client
[3.058s] -- Found ament_cmake: 0.9.12 (/opt/ros/foxy/share/ament_cmake/cmake)
[3.058s] -- Using PYTHON_EXECUTABLE: /usr/bin/python3
[3.060s] -- Override CMake install command with custom implementation using symlinks instead of copying resources
[3.060s] -- Found example_interfaces: 0.9.1 (/opt/ros/foxy/share/example_interfaces/cmake)
[3.060s] -- Using all available rosidl_typesupport_c: rosidl_typesupport_fastrtps_c;rosidl_typesupport_introspection_c
[3.060s] -- Found rosidl_adapter: 1.3.1 (/opt/ros/foxy/share/rosidl_adapter/cmake)
[3.063s] -- Using all available rosidl_typesupport_cpp: rosidl_typesupport_fastrtps_cpp;rosidl_typesupport_introspection_cpp
[3.063s] -- Found rclcpp: 2.4.3 (/opt/ros/foxy/share/rclcpp/cmake)
[3.063s] -- Found rmw_implementation_cmake: 1.0.4 (/opt/ros/foxy/share/rmw_implementation_cmake/cmake)
[3.063s] -- Using RMW implementation 'rmw_fastrtps_cpp' as default
[3.063s] -- Found ament_lint_auto: 0.9.8 (/opt/ros/foxy/share/ament_lint_auto/cmake)
[3.063s] -- Added test 'copyright' to check source files copyright and LICENSE
[3.063s] -- Added test 'cppcheck' to perform static code analysis on C / C++ code
[3.063s] -- Configured cppcheck include dirs: 
[3.063s] -- Configured cppcheck exclude dirs and/or files: 
[3.063s] -- Added test 'cpplint' to check C / C++ code against the Google style
[3.063s] -- Configured cpplint exclude dirs and/or files: 
[3.064s] -- Added test 'lint_cmake' to check CMake code style
[3.064s] -- Added test 'uncrustify' to check C / C++ code style
[3.064s] -- Configured uncrustify additional arguments: 
[3.064s] -- Added test 'xmllint' to check XML markup files
[3.064s] -- Configuring done
[3.064s] -- Generating done
[3.064s] -- Build files have been written to: /home/can/ros2_ws/build/examples_rclcpp_minimal_client
[3.077s] Invoked command in '/home/can/ros2_ws/build/examples_rclcpp_minimal_client' returned '0': CMAKE_PREFIX_PATH=/opt/ros/foxy /usr/bin/cmake /home/can/ros2_ws/src/examples/rclcpp/services/minimal_client -DCMAKE_INSTALL_PREFIX=/home/can/ros2_ws/install/examples_rclcpp_minimal_client
[3.079s] Invoking command in '/home/can/ros2_ws/build/examples_rclcpp_minimal_client': CMAKE_PREFIX_PATH=/opt/ros/foxy /usr/bin/cmake --build /home/can/ros2_ws/build/examples_rclcpp_minimal_client -- -j16 -l16
[3.176s] [100%] Built target client_main
[3.198s] Invoked command in '/home/can/ros2_ws/build/examples_rclcpp_minimal_client' returned '0': CMAKE_PREFIX_PATH=/opt/ros/foxy /usr/bin/cmake --build /home/can/ros2_ws/build/examples_rclcpp_minimal_client -- -j16 -l16
[3.259s] Invoking command in '/home/can/ros2_ws/build/examples_rclcpp_minimal_client': CMAKE_PREFIX_PATH=/opt/ros/foxy /usr/bin/cmake --install /home/can/ros2_ws/build/examples_rclcpp_minimal_client
[3.269s] -- Install configuration: ""
[3.269s] -- Execute custom install script
[3.271s] -- Up-to-date symlink: /home/can/ros2_ws/install/examples_rclcpp_minimal_client/lib/examples_rclcpp_minimal_client/client_main
[3.272s] -- Up-to-date symlink: /home/can/ros2_ws/install/examples_rclcpp_minimal_client/share/ament_index/resource_index/package_run_dependencies/examples_rclcpp_minimal_client
[3.272s] -- Up-to-date symlink: /home/can/ros2_ws/install/examples_rclcpp_minimal_client/share/ament_index/resource_index/parent_prefix_path/examples_rclcpp_minimal_client
[3.272s] -- Up-to-date symlink: /home/can/ros2_ws/install/examples_rclcpp_minimal_client/share/examples_rclcpp_minimal_client/environment/ament_prefix_path.sh
[3.272s] -- Up-to-date symlink: /home/can/ros2_ws/install/examples_rclcpp_minimal_client/share/examples_rclcpp_minimal_client/environment/ament_prefix_path.dsv
[3.272s] -- Up-to-date symlink: /home/can/ros2_ws/install/examples_rclcpp_minimal_client/share/examples_rclcpp_minimal_client/environment/path.sh
[3.272s] -- Up-to-date symlink: /home/can/ros2_ws/install/examples_rclcpp_minimal_client/share/examples_rclcpp_minimal_client/environment/path.dsv
[3.273s] -- Up-to-date symlink: /home/can/ros2_ws/install/examples_rclcpp_minimal_client/share/examples_rclcpp_minimal_client/local_setup.bash
[3.273s] -- Up-to-date symlink: /home/can/ros2_ws/install/examples_rclcpp_minimal_client/share/examples_rclcpp_minimal_client/local_setup.sh
[3.274s] -- Up-to-date symlink: /home/can/ros2_ws/install/examples_rclcpp_minimal_client/share/examples_rclcpp_minimal_client/local_setup.zsh
[3.274s] -- Up-to-date symlink: /home/can/ros2_ws/install/examples_rclcpp_minimal_client/share/examples_rclcpp_minimal_client/local_setup.dsv
[3.274s] -- Symlinking: /home/can/ros2_ws/install/examples_rclcpp_minimal_client/share/examples_rclcpp_minimal_client/package.dsv
[3.287s] -- Up-to-date symlink: /home/can/ros2_ws/install/examples_rclcpp_minimal_client/share/ament_index/resource_index/packages/examples_rclcpp_minimal_client
[3.288s] -- Up-to-date symlink: /home/can/ros2_ws/install/examples_rclcpp_minimal_client/share/examples_rclcpp_minimal_client/cmake/examples_rclcpp_minimal_clientConfig.cmake
[3.289s] -- Up-to-date symlink: /home/can/ros2_ws/install/examples_rclcpp_minimal_client/share/examples_rclcpp_minimal_client/cmake/examples_rclcpp_minimal_clientConfig-version.cmake
[3.293s] -- Up-to-date symlink: /home/can/ros2_ws/install/examples_rclcpp_minimal_client/share/examples_rclcpp_minimal_client/package.xml
[3.321s] Invoked command in '/home/can/ros2_ws/build/examples_rclcpp_minimal_client' returned '0': CMAKE_PREFIX_PATH=/opt/ros/foxy /usr/bin/cmake --install /home/can/ros2_ws/build/examples_rclcpp_minimal_client
