[1.705s] Invoking command in '/home/can/ros2_ws/build/tutorial_interfaces': CMAKE_PREFIX_PATH=${CMAKE_PREFIX_PATH}:/home/can/ros2_ws/install/py_pubsub:/home/can/ros2_ws/install/py_srvcli:/home/can/ros2_ws/install/examples_rclpy_minimal_subscriber:/home/can/ros2_ws/install/examples_rclpy_minimal_service:/home/can/ros2_ws/install/examples_rclpy_minimal_publisher:/home/can/ros2_ws/install/examples_rclpy_minimal_client:/home/can/ros2_ws/install/examples_rclpy_minimal_action_server:/home/can/ros2_ws/install/examples_rclpy_minimal_action_client:/home/can/ros2_ws/install/examples_rclpy_executors:/opt/ros/foxy /usr/bin/cmake --build /home/can/ros2_ws/build/tutorial_interfaces -- -j16 -l16
[3.258s] [  2%] Built target tutorial_interfaces__cpp
[3.258s] [ 12%] Built target tutorial_interfaces__rosidl_generator_c
[3.258s] [ 23%] Built target tutorial_interfaces__rosidl_typesupport_cpp
[3.258s] [ 34%] Built target tutorial_interfaces__rosidl_typesupport_c
[3.258s] [ 44%] Built target tutorial_interfaces__rosidl_typesupport_introspection_c
[3.258s] [ 55%] Built target tutorial_interfaces__rosidl_typesupport_introspection_cpp
[3.258s] [ 65%] Built target tutorial_interfaces__rosidl_typesupport_fastrtps_cpp
[3.258s] [ 76%] Built target tutorial_interfaces__rosidl_typesupport_fastrtps_c
[3.258s] [ 76%] Built target tutorial_interfaces
[3.258s] [ 78%] Built target tutorial_interfaces__py
[3.258s] [ 87%] Built target tutorial_interfaces__python
[3.258s] [ 91%] Built target tutorial_interfaces__rosidl_typesupport_fastrtps_c__pyext
[3.259s] [100%] Built target tutorial_interfaces__rosidl_typesupport_c__pyext
[3.259s] [100%] Built target tutorial_interfaces__rosidl_typesupport_introspection_c__pyext
[3.267s] Invoked command in '/home/can/ros2_ws/build/tutorial_interfaces' returned '0': CMAKE_PREFIX_PATH=${CMAKE_PREFIX_PATH}:/home/can/ros2_ws/install/py_pubsub:/home/can/ros2_ws/install/py_srvcli:/home/can/ros2_ws/install/examples_rclpy_minimal_subscriber:/home/can/ros2_ws/install/examples_rclpy_minimal_service:/home/can/ros2_ws/install/examples_rclpy_minimal_publisher:/home/can/ros2_ws/install/examples_rclpy_minimal_client:/home/can/ros2_ws/install/examples_rclpy_minimal_action_server:/home/can/ros2_ws/install/examples_rclpy_minimal_action_client:/home/can/ros2_ws/install/examples_rclpy_executors:/opt/ros/foxy /usr/bin/cmake --build /home/can/ros2_ws/build/tutorial_interfaces -- -j16 -l16
[3.771s] Invoking command in '/home/can/ros2_ws/build/tutorial_interfaces': CMAKE_PREFIX_PATH=${CMAKE_PREFIX_PATH}:/home/can/ros2_ws/install/py_pubsub:/home/can/ros2_ws/install/py_srvcli:/home/can/ros2_ws/install/examples_rclpy_minimal_subscriber:/home/can/ros2_ws/install/examples_rclpy_minimal_service:/home/can/ros2_ws/install/examples_rclpy_minimal_publisher:/home/can/ros2_ws/install/examples_rclpy_minimal_client:/home/can/ros2_ws/install/examples_rclpy_minimal_action_server:/home/can/ros2_ws/install/examples_rclpy_minimal_action_client:/home/can/ros2_ws/install/examples_rclpy_executors:/opt/ros/foxy /usr/bin/cmake --install /home/can/ros2_ws/build/tutorial_interfaces
[3.937s] -- Install configuration: ""
[3.937s] -- Up-to-date: /home/can/ros2_ws/install/tutorial_interfaces/share/ament_index/resource_index/rosidl_interfaces/tutorial_interfaces
[3.937s] -- Up-to-date: /home/can/ros2_ws/install/tutorial_interfaces/include/tutorial_interfaces
[3.937s] -- Up-to-date: /home/can/ros2_ws/install/tutorial_interfaces/include/tutorial_interfaces/srv
[3.937s] -- Up-to-date: /home/can/ros2_ws/install/tutorial_interfaces/include/tutorial_interfaces/srv/detail
[3.937s] -- Up-to-date: /home/can/ros2_ws/install/tutorial_interfaces/include/tutorial_interfaces/srv/detail/add_three_ints__functions.h
[3.937s] -- Up-to-date: /home/can/ros2_ws/install/tutorial_interfaces/include/tutorial_interfaces/srv/detail/add_three_ints__functions.c
[3.937s] -- Up-to-date: /home/can/ros2_ws/install/tutorial_interfaces/include/tutorial_interfaces/srv/detail/add_three_ints__struct.h
[3.937s] -- Up-to-date: /home/can/ros2_ws/install/tutorial_interfaces/include/tutorial_interfaces/srv/detail/add_three_ints__type_support.h
[3.937s] -- Up-to-date: /home/can/ros2_ws/install/tutorial_interfaces/include/tutorial_interfaces/srv/add_three_ints.h
[3.937s] -- Up-to-date: /home/can/ros2_ws/install/tutorial_interfaces/include/tutorial_interfaces/msg
[3.938s] -- Up-to-date: /home/can/ros2_ws/install/tutorial_interfaces/include/tutorial_interfaces/msg/sphere.h
[3.938s] -- Up-to-date: /home/can/ros2_ws/install/tutorial_interfaces/include/tutorial_interfaces/msg/num.h
[3.938s] -- Up-to-date: /home/can/ros2_ws/install/tutorial_interfaces/include/tutorial_interfaces/msg/detail
[3.938s] -- Up-to-date: /home/can/ros2_ws/install/tutorial_interfaces/include/tutorial_interfaces/msg/detail/num__functions.c
[3.938s] -- Up-to-date: /home/can/ros2_ws/install/tutorial_interfaces/include/tutorial_interfaces/msg/detail/num__struct.h
[3.938s] -- Up-to-date: /home/can/ros2_ws/install/tutorial_interfaces/include/tutorial_interfaces/msg/detail/sphere__type_support.h
[3.938s] -- Up-to-date: /home/can/ros2_ws/install/tutorial_interfaces/include/tutorial_interfaces/msg/detail/num__type_support.h
[3.938s] -- Up-to-date: /home/can/ros2_ws/install/tutorial_interfaces/include/tutorial_interfaces/msg/detail/num__functions.h
[3.939s] -- Up-to-date: /home/can/ros2_ws/install/tutorial_interfaces/include/tutorial_interfaces/msg/detail/sphere__functions.h
[3.939s] -- Up-to-date: /home/can/ros2_ws/install/tutorial_interfaces/include/tutorial_interfaces/msg/detail/sphere__struct.h
[3.939s] -- Up-to-date: /home/can/ros2_ws/install/tutorial_interfaces/include/tutorial_interfaces/msg/detail/sphere__functions.c
[3.939s] -- Up-to-date: /home/can/ros2_ws/install/tutorial_interfaces/include/tutorial_interfaces/msg/rosidl_generator_c__visibility_control.h
[3.939s] -- Up-to-date: /home/can/ros2_ws/install/tutorial_interfaces/share/tutorial_interfaces/environment/library_path.sh
[3.939s] -- Up-to-date: /home/can/ros2_ws/install/tutorial_interfaces/share/tutorial_interfaces/environment/library_path.dsv
[3.939s] -- Up-to-date: /home/can/ros2_ws/install/tutorial_interfaces/lib/libtutorial_interfaces__rosidl_generator_c.so
[3.939s] -- Up-to-date: /home/can/ros2_ws/install/tutorial_interfaces/include/tutorial_interfaces
[3.939s] -- Up-to-date: /home/can/ros2_ws/install/tutorial_interfaces/include/tutorial_interfaces/srv
[3.939s] -- Up-to-date: /home/can/ros2_ws/install/tutorial_interfaces/include/tutorial_interfaces/srv/detail
[3.939s] -- Up-to-date: /home/can/ros2_ws/install/tutorial_interfaces/include/tutorial_interfaces/srv/detail/add_three_ints__rosidl_typesupport_fastrtps_c.h
[3.939s] -- Up-to-date: /home/can/ros2_ws/install/tutorial_interfaces/include/tutorial_interfaces/msg
[3.939s] -- Up-to-date: /home/can/ros2_ws/install/tutorial_interfaces/include/tutorial_interfaces/msg/detail
[3.939s] -- Up-to-date: /home/can/ros2_ws/install/tutorial_interfaces/include/tutorial_interfaces/msg/detail/sphere__rosidl_typesupport_fastrtps_c.h
[3.939s] -- Up-to-date: /home/can/ros2_ws/install/tutorial_interfaces/include/tutorial_interfaces/msg/detail/num__rosidl_typesupport_fastrtps_c.h
[3.939s] -- Up-to-date: /home/can/ros2_ws/install/tutorial_interfaces/include/tutorial_interfaces/msg/rosidl_typesupport_fastrtps_c__visibility_control.h
[3.939s] -- Up-to-date: /home/can/ros2_ws/install/tutorial_interfaces/lib/libtutorial_interfaces__rosidl_typesupport_fastrtps_c.so
[3.939s] -- Up-to-date: /home/can/ros2_ws/install/tutorial_interfaces/include/tutorial_interfaces
[3.939s] -- Up-to-date: /home/can/ros2_ws/install/tutorial_interfaces/include/tutorial_interfaces/srv
[3.939s] -- Up-to-date: /home/can/ros2_ws/install/tutorial_interfaces/include/tutorial_interfaces/srv/detail
[3.940s] -- Up-to-date: /home/can/ros2_ws/install/tutorial_interfaces/include/tutorial_interfaces/srv/detail/dds_fastrtps
[3.940s] -- Up-to-date: /home/can/ros2_ws/install/tutorial_interfaces/include/tutorial_interfaces/srv/detail/add_three_ints__rosidl_typesupport_fastrtps_cpp.hpp
[3.940s] -- Up-to-date: /home/can/ros2_ws/install/tutorial_interfaces/include/tutorial_interfaces/msg
[3.940s] -- Up-to-date: /home/can/ros2_ws/install/tutorial_interfaces/include/tutorial_interfaces/msg/rosidl_typesupport_fastrtps_cpp__visibility_control.h
[3.940s] -- Up-to-date: /home/can/ros2_ws/install/tutorial_interfaces/include/tutorial_interfaces/msg/detail
[3.940s] -- Up-to-date: /home/can/ros2_ws/install/tutorial_interfaces/include/tutorial_interfaces/msg/detail/dds_fastrtps
[3.940s] -- Up-to-date: /home/can/ros2_ws/install/tutorial_interfaces/include/tutorial_interfaces/msg/detail/num__rosidl_typesupport_fastrtps_cpp.hpp
[3.940s] -- Up-to-date: /home/can/ros2_ws/install/tutorial_interfaces/include/tutorial_interfaces/msg/detail/sphere__rosidl_typesupport_fastrtps_cpp.hpp
[3.940s] -- Up-to-date: /home/can/ros2_ws/install/tutorial_interfaces/lib/libtutorial_interfaces__rosidl_typesupport_fastrtps_cpp.so
[3.940s] -- Up-to-date: /home/can/ros2_ws/install/tutorial_interfaces/include/tutorial_interfaces
[3.940s] -- Up-to-date: /home/can/ros2_ws/install/tutorial_interfaces/include/tutorial_interfaces/srv
[3.940s] -- Up-to-date: /home/can/ros2_ws/install/tutorial_interfaces/include/tutorial_interfaces/srv/detail
[3.940s] -- Up-to-date: /home/can/ros2_ws/install/tutorial_interfaces/include/tutorial_interfaces/srv/detail/add_three_ints__type_support.c
[3.940s] -- Up-to-date: /home/can/ros2_ws/install/tutorial_interfaces/include/tutorial_interfaces/srv/detail/add_three_ints__rosidl_typesupport_introspection_c.h
[3.940s] -- Up-to-date: /home/can/ros2_ws/install/tutorial_interfaces/include/tutorial_interfaces/msg
[3.940s] -- Up-to-date: /home/can/ros2_ws/install/tutorial_interfaces/include/tutorial_interfaces/msg/rosidl_typesupport_introspection_c__visibility_control.h
[3.940s] -- Up-to-date: /home/can/ros2_ws/install/tutorial_interfaces/include/tutorial_interfaces/msg/detail
[3.940s] -- Up-to-date: /home/can/ros2_ws/install/tutorial_interfaces/include/tutorial_interfaces/msg/detail/sphere__type_support.c
[3.940s] -- Up-to-date: /home/can/ros2_ws/install/tutorial_interfaces/include/tutorial_interfaces/msg/detail/num__rosidl_typesupport_introspection_c.h
[3.940s] -- Up-to-date: /home/can/ros2_ws/install/tutorial_interfaces/include/tutorial_interfaces/msg/detail/num__type_support.c
[3.940s] -- Up-to-date: /home/can/ros2_ws/install/tutorial_interfaces/include/tutorial_interfaces/msg/detail/sphere__rosidl_typesupport_introspection_c.h
[3.941s] -- Up-to-date: /home/can/ros2_ws/install/tutorial_interfaces/lib/libtutorial_interfaces__rosidl_typesupport_introspection_c.so
[3.941s] -- Up-to-date: /home/can/ros2_ws/install/tutorial_interfaces/lib/libtutorial_interfaces__rosidl_typesupport_c.so
[3.941s] -- Up-to-date: /home/can/ros2_ws/install/tutorial_interfaces/include/tutorial_interfaces
[3.941s] -- Up-to-date: /home/can/ros2_ws/install/tutorial_interfaces/include/tutorial_interfaces/srv
[3.941s] -- Up-to-date: /home/can/ros2_ws/install/tutorial_interfaces/include/tutorial_interfaces/srv/add_three_ints.hpp
[3.941s] -- Up-to-date: /home/can/ros2_ws/install/tutorial_interfaces/include/tutorial_interfaces/srv/detail
[3.941s] -- Up-to-date: /home/can/ros2_ws/install/tutorial_interfaces/include/tutorial_interfaces/srv/detail/add_three_ints__type_support.hpp
[3.941s] -- Up-to-date: /home/can/ros2_ws/install/tutorial_interfaces/include/tutorial_interfaces/srv/detail/add_three_ints__struct.hpp
[3.941s] -- Up-to-date: /home/can/ros2_ws/install/tutorial_interfaces/include/tutorial_interfaces/srv/detail/add_three_ints__traits.hpp
[3.941s] -- Up-to-date: /home/can/ros2_ws/install/tutorial_interfaces/include/tutorial_interfaces/srv/detail/add_three_ints__builder.hpp
[3.941s] -- Up-to-date: /home/can/ros2_ws/install/tutorial_interfaces/include/tutorial_interfaces/msg
[3.941s] -- Up-to-date: /home/can/ros2_ws/install/tutorial_interfaces/include/tutorial_interfaces/msg/num.hpp
[3.941s] -- Up-to-date: /home/can/ros2_ws/install/tutorial_interfaces/include/tutorial_interfaces/msg/detail
[3.941s] -- Up-to-date: /home/can/ros2_ws/install/tutorial_interfaces/include/tutorial_interfaces/msg/detail/num__traits.hpp
[3.941s] -- Up-to-date: /home/can/ros2_ws/install/tutorial_interfaces/include/tutorial_interfaces/msg/detail/sphere__traits.hpp
[3.941s] -- Up-to-date: /home/can/ros2_ws/install/tutorial_interfaces/include/tutorial_interfaces/msg/detail/num__type_support.hpp
[3.941s] -- Up-to-date: /home/can/ros2_ws/install/tutorial_interfaces/include/tutorial_interfaces/msg/detail/sphere__builder.hpp
[3.941s] -- Up-to-date: /home/can/ros2_ws/install/tutorial_interfaces/include/tutorial_interfaces/msg/detail/sphere__struct.hpp
[3.941s] -- Up-to-date: /home/can/ros2_ws/install/tutorial_interfaces/include/tutorial_interfaces/msg/detail/num__struct.hpp
[3.941s] -- Up-to-date: /home/can/ros2_ws/install/tutorial_interfaces/include/tutorial_interfaces/msg/detail/num__builder.hpp
[3.941s] -- Up-to-date: /home/can/ros2_ws/install/tutorial_interfaces/include/tutorial_interfaces/msg/detail/sphere__type_support.hpp
[3.941s] -- Up-to-date: /home/can/ros2_ws/install/tutorial_interfaces/include/tutorial_interfaces/msg/sphere.hpp
[3.942s] -- Up-to-date: /home/can/ros2_ws/install/tutorial_interfaces/include/tutorial_interfaces/msg/rosidl_generator_cpp__visibility_control.hpp
[3.942s] -- Up-to-date: /home/can/ros2_ws/install/tutorial_interfaces/include/tutorial_interfaces
[3.942s] -- Up-to-date: /home/can/ros2_ws/install/tutorial_interfaces/include/tutorial_interfaces/srv
[3.942s] -- Up-to-date: /home/can/ros2_ws/install/tutorial_interfaces/include/tutorial_interfaces/srv/detail
[3.942s] -- Up-to-date: /home/can/ros2_ws/install/tutorial_interfaces/include/tutorial_interfaces/srv/detail/add_three_ints__rosidl_typesupport_introspection_cpp.hpp
[3.942s] -- Up-to-date: /home/can/ros2_ws/install/tutorial_interfaces/include/tutorial_interfaces/srv/detail/add_three_ints__type_support.cpp
[3.942s] -- Up-to-date: /home/can/ros2_ws/install/tutorial_interfaces/include/tutorial_interfaces/msg
[3.942s] -- Up-to-date: /home/can/ros2_ws/install/tutorial_interfaces/include/tutorial_interfaces/msg/detail
[3.942s] -- Up-to-date: /home/can/ros2_ws/install/tutorial_interfaces/include/tutorial_interfaces/msg/detail/num__type_support.cpp
[3.942s] -- Up-to-date: /home/can/ros2_ws/install/tutorial_interfaces/include/tutorial_interfaces/msg/detail/sphere__type_support.cpp
[3.942s] -- Up-to-date: /home/can/ros2_ws/install/tutorial_interfaces/include/tutorial_interfaces/msg/detail/num__rosidl_typesupport_introspection_cpp.hpp
[3.942s] -- Up-to-date: /home/can/ros2_ws/install/tutorial_interfaces/include/tutorial_interfaces/msg/detail/sphere__rosidl_typesupport_introspection_cpp.hpp
[3.942s] -- Up-to-date: /home/can/ros2_ws/install/tutorial_interfaces/lib/libtutorial_interfaces__rosidl_typesupport_introspection_cpp.so
[3.942s] -- Up-to-date: /home/can/ros2_ws/install/tutorial_interfaces/lib/libtutorial_interfaces__rosidl_typesupport_cpp.so
[3.942s] -- Up-to-date: /home/can/ros2_ws/install/tutorial_interfaces/share/tutorial_interfaces/environment/pythonpath.sh
[3.942s] -- Up-to-date: /home/can/ros2_ws/install/tutorial_interfaces/share/tutorial_interfaces/environment/pythonpath.dsv
[3.942s] -- Up-to-date: /home/can/ros2_ws/install/tutorial_interfaces/lib/python3.8/site-packages/tutorial_interfaces/__init__.py
[3.942s] -- Up-to-date: /home/can/ros2_ws/install/tutorial_interfaces/lib/python3.8/site-packages/tutorial_interfaces/msg
[3.942s] -- Up-to-date: /home/can/ros2_ws/install/tutorial_interfaces/lib/python3.8/site-packages/tutorial_interfaces/msg/_num.py
[3.942s] -- Up-to-date: /home/can/ros2_ws/install/tutorial_interfaces/lib/python3.8/site-packages/tutorial_interfaces/msg/__init__.py
[3.942s] -- Up-to-date: /home/can/ros2_ws/install/tutorial_interfaces/lib/python3.8/site-packages/tutorial_interfaces/msg/_sphere_s.c
[3.942s] -- Up-to-date: /home/can/ros2_ws/install/tutorial_interfaces/lib/python3.8/site-packages/tutorial_interfaces/msg/_num_s.c
[3.943s] -- Up-to-date: /home/can/ros2_ws/install/tutorial_interfaces/lib/python3.8/site-packages/tutorial_interfaces/msg/_sphere.py
[3.943s] -- Up-to-date: /home/can/ros2_ws/install/tutorial_interfaces/lib/python3.8/site-packages/tutorial_interfaces/srv
[3.943s] -- Up-to-date: /home/can/ros2_ws/install/tutorial_interfaces/lib/python3.8/site-packages/tutorial_interfaces/srv/_add_three_ints_s.c
[3.943s] -- Up-to-date: /home/can/ros2_ws/install/tutorial_interfaces/lib/python3.8/site-packages/tutorial_interfaces/srv/__init__.py
[3.943s] -- Up-to-date: /home/can/ros2_ws/install/tutorial_interfaces/lib/python3.8/site-packages/tutorial_interfaces/srv/_add_three_ints.py
[3.943s] -- Up-to-date: /home/can/ros2_ws/install/tutorial_interfaces/lib/python3.8/site-packages/tutorial_interfaces/tutorial_interfaces_s__rosidl_typesupport_fastrtps_c.cpython-38-x86_64-linux-gnu.so
[3.943s] -- Up-to-date: /home/can/ros2_ws/install/tutorial_interfaces/lib/python3.8/site-packages/tutorial_interfaces/tutorial_interfaces_s__rosidl_typesupport_introspection_c.cpython-38-x86_64-linux-gnu.so
[3.943s] -- Up-to-date: /home/can/ros2_ws/install/tutorial_interfaces/lib/python3.8/site-packages/tutorial_interfaces/tutorial_interfaces_s__rosidl_typesupport_c.cpython-38-x86_64-linux-gnu.so
[3.943s] -- Up-to-date: /home/can/ros2_ws/install/tutorial_interfaces/lib/libtutorial_interfaces__python.so
[3.943s] -- Up-to-date: /home/can/ros2_ws/install/tutorial_interfaces/share/tutorial_interfaces/msg/Num.idl
[3.943s] -- Up-to-date: /home/can/ros2_ws/install/tutorial_interfaces/share/tutorial_interfaces/msg/Sphere.idl
[3.943s] -- Up-to-date: /home/can/ros2_ws/install/tutorial_interfaces/share/tutorial_interfaces/srv/AddThreeInts.idl
[3.943s] -- Up-to-date: /home/can/ros2_ws/install/tutorial_interfaces/share/tutorial_interfaces/msg/Num.msg
[3.943s] -- Up-to-date: /home/can/ros2_ws/install/tutorial_interfaces/share/tutorial_interfaces/msg/Sphere.msg
[3.943s] -- Up-to-date: /home/can/ros2_ws/install/tutorial_interfaces/share/tutorial_interfaces/srv/AddThreeInts.srv
[3.943s] -- Up-to-date: /home/can/ros2_ws/install/tutorial_interfaces/share/tutorial_interfaces/srv/AddThreeInts_Request.msg
[3.943s] -- Up-to-date: /home/can/ros2_ws/install/tutorial_interfaces/share/tutorial_interfaces/srv/AddThreeInts_Response.msg
[3.943s] -- Up-to-date: /home/can/ros2_ws/install/tutorial_interfaces/share/ament_index/resource_index/package_run_dependencies/tutorial_interfaces
[3.943s] -- Up-to-date: /home/can/ros2_ws/install/tutorial_interfaces/share/ament_index/resource_index/parent_prefix_path/tutorial_interfaces
[3.943s] -- Up-to-date: /home/can/ros2_ws/install/tutorial_interfaces/share/tutorial_interfaces/environment/ament_prefix_path.sh
[3.943s] -- Up-to-date: /home/can/ros2_ws/install/tutorial_interfaces/share/tutorial_interfaces/environment/ament_prefix_path.dsv
[3.943s] -- Up-to-date: /home/can/ros2_ws/install/tutorial_interfaces/share/tutorial_interfaces/environment/path.sh
[3.944s] -- Up-to-date: /home/can/ros2_ws/install/tutorial_interfaces/share/tutorial_interfaces/environment/path.dsv
[3.944s] -- Up-to-date: /home/can/ros2_ws/install/tutorial_interfaces/share/tutorial_interfaces/local_setup.bash
[3.944s] -- Up-to-date: /home/can/ros2_ws/install/tutorial_interfaces/share/tutorial_interfaces/local_setup.sh
[3.944s] -- Up-to-date: /home/can/ros2_ws/install/tutorial_interfaces/share/tutorial_interfaces/local_setup.zsh
[3.944s] -- Up-to-date: /home/can/ros2_ws/install/tutorial_interfaces/share/tutorial_interfaces/local_setup.dsv
[3.944s] -- Installing: /home/can/ros2_ws/install/tutorial_interfaces/share/tutorial_interfaces/package.dsv
[3.944s] -- Up-to-date: /home/can/ros2_ws/install/tutorial_interfaces/share/ament_index/resource_index/packages/tutorial_interfaces
[3.944s] -- Up-to-date: /home/can/ros2_ws/install/tutorial_interfaces/share/tutorial_interfaces/cmake/tutorial_interfaces__rosidl_generator_cExport.cmake
[3.944s] -- Up-to-date: /home/can/ros2_ws/install/tutorial_interfaces/share/tutorial_interfaces/cmake/tutorial_interfaces__rosidl_generator_cExport-noconfig.cmake
[3.944s] -- Up-to-date: /home/can/ros2_ws/install/tutorial_interfaces/share/tutorial_interfaces/cmake/tutorial_interfaces__rosidl_typesupport_introspection_cExport.cmake
[3.944s] -- Up-to-date: /home/can/ros2_ws/install/tutorial_interfaces/share/tutorial_interfaces/cmake/tutorial_interfaces__rosidl_typesupport_introspection_cExport-noconfig.cmake
[3.944s] -- Up-to-date: /home/can/ros2_ws/install/tutorial_interfaces/share/tutorial_interfaces/cmake/tutorial_interfaces__rosidl_typesupport_cExport.cmake
[3.944s] -- Up-to-date: /home/can/ros2_ws/install/tutorial_interfaces/share/tutorial_interfaces/cmake/tutorial_interfaces__rosidl_typesupport_cExport-noconfig.cmake
[3.944s] -- Up-to-date: /home/can/ros2_ws/install/tutorial_interfaces/share/tutorial_interfaces/cmake/tutorial_interfaces__rosidl_generator_cppExport.cmake
[3.944s] -- Up-to-date: /home/can/ros2_ws/install/tutorial_interfaces/share/tutorial_interfaces/cmake/tutorial_interfaces__rosidl_typesupport_introspection_cppExport.cmake
[3.944s] -- Up-to-date: /home/can/ros2_ws/install/tutorial_interfaces/share/tutorial_interfaces/cmake/tutorial_interfaces__rosidl_typesupport_introspection_cppExport-noconfig.cmake
[3.944s] -- Up-to-date: /home/can/ros2_ws/install/tutorial_interfaces/share/tutorial_interfaces/cmake/tutorial_interfaces__rosidl_typesupport_cppExport.cmake
[3.944s] -- Up-to-date: /home/can/ros2_ws/install/tutorial_interfaces/share/tutorial_interfaces/cmake/tutorial_interfaces__rosidl_typesupport_cppExport-noconfig.cmake
[3.944s] -- Up-to-date: /home/can/ros2_ws/install/tutorial_interfaces/share/tutorial_interfaces/cmake/rosidl_cmake-extras.cmake
[3.944s] -- Up-to-date: /home/can/ros2_ws/install/tutorial_interfaces/share/tutorial_interfaces/cmake/ament_cmake_export_dependencies-extras.cmake
[3.944s] -- Up-to-date: /home/can/ros2_ws/install/tutorial_interfaces/share/tutorial_interfaces/cmake/ament_cmake_export_libraries-extras.cmake
[3.944s] -- Up-to-date: /home/can/ros2_ws/install/tutorial_interfaces/share/tutorial_interfaces/cmake/ament_cmake_export_targets-extras.cmake
[3.945s] -- Up-to-date: /home/can/ros2_ws/install/tutorial_interfaces/share/tutorial_interfaces/cmake/ament_cmake_export_include_directories-extras.cmake
[3.945s] -- Up-to-date: /home/can/ros2_ws/install/tutorial_interfaces/share/tutorial_interfaces/cmake/rosidl_cmake_export_typesupport_libraries-extras.cmake
[3.945s] -- Up-to-date: /home/can/ros2_ws/install/tutorial_interfaces/share/tutorial_interfaces/cmake/rosidl_cmake_export_typesupport_targets-extras.cmake
[3.945s] -- Up-to-date: /home/can/ros2_ws/install/tutorial_interfaces/share/tutorial_interfaces/cmake/tutorial_interfacesConfig.cmake
[3.945s] -- Up-to-date: /home/can/ros2_ws/install/tutorial_interfaces/share/tutorial_interfaces/cmake/tutorial_interfacesConfig-version.cmake
[3.945s] -- Up-to-date: /home/can/ros2_ws/install/tutorial_interfaces/share/tutorial_interfaces/package.xml
[4.718s] Invoked command in '/home/can/ros2_ws/build/tutorial_interfaces' returned '0': CMAKE_PREFIX_PATH=${CMAKE_PREFIX_PATH}:/home/can/ros2_ws/install/py_pubsub:/home/can/ros2_ws/install/py_srvcli:/home/can/ros2_ws/install/examples_rclpy_minimal_subscriber:/home/can/ros2_ws/install/examples_rclpy_minimal_service:/home/can/ros2_ws/install/examples_rclpy_minimal_publisher:/home/can/ros2_ws/install/examples_rclpy_minimal_client:/home/can/ros2_ws/install/examples_rclpy_minimal_action_server:/home/can/ros2_ws/install/examples_rclpy_minimal_action_client:/home/can/ros2_ws/install/examples_rclpy_executors:/opt/ros/foxy /usr/bin/cmake --install /home/can/ros2_ws/build/tutorial_interfaces
