[3.576s] Invoking command in '/home/can/ros2_ws/build/examples_rclpy_minimal_action_server': PYTHONPATH=/home/can/ros2_ws/build/examples_rclpy_minimal_action_server/prefix_override:/home/can/ros2_ws/install/examples_rclpy_minimal_action_server/lib/python3.8/site-packages:${PYTHONPATH} /usr/bin/python3 setup.py develop --uninstall --editable --build-directory /home/can/ros2_ws/build/examples_rclpy_minimal_action_server/build
[4.012s] running develop
[4.012s] Removing /home/can/ros2_ws/install/examples_rclpy_minimal_action_server/lib/python3.8/site-packages/examples-rclpy-minimal-action-server.egg-link (link to .)
[4.601s] Invoked command in '/home/can/ros2_ws/build/examples_rclpy_minimal_action_server' returned '0': PYTHONPATH=/home/can/ros2_ws/build/examples_rclpy_minimal_action_server/prefix_override:/home/can/ros2_ws/install/examples_rclpy_minimal_action_server/lib/python3.8/site-packages:${PYTHONPATH} /usr/bin/python3 setup.py develop --uninstall --editable --build-directory /home/can/ros2_ws/build/examples_rclpy_minimal_action_server/build
[4.603s] Invoking command in '/home/can/ros2_ws/src/examples/rclpy/actions/minimal_action_server': PYTHONPATH=/home/can/ros2_ws/build/examples_rclpy_minimal_action_server/prefix_override:/home/can/ros2_ws/install/examples_rclpy_minimal_action_server/lib/python3.8/site-packages:${PYTHONPATH} /usr/bin/python3 setup.py egg_info --egg-base ../../../../../build/examples_rclpy_minimal_action_server build --build-base /home/can/ros2_ws/build/examples_rclpy_minimal_action_server/build install --record /home/can/ros2_ws/build/examples_rclpy_minimal_action_server/install.log --install-scripts $base/lib/examples_rclpy_minimal_action_server --single-version-externally-managed
[4.811s] running egg_info
[4.812s] writing ../../../../../build/examples_rclpy_minimal_action_server/examples_rclpy_minimal_action_server.egg-info/PKG-INFO
[4.812s] writing dependency_links to ../../../../../build/examples_rclpy_minimal_action_server/examples_rclpy_minimal_action_server.egg-info/dependency_links.txt
[4.812s] writing entry points to ../../../../../build/examples_rclpy_minimal_action_server/examples_rclpy_minimal_action_server.egg-info/entry_points.txt
[4.812s] writing requirements to ../../../../../build/examples_rclpy_minimal_action_server/examples_rclpy_minimal_action_server.egg-info/requires.txt
[4.812s] writing top-level names to ../../../../../build/examples_rclpy_minimal_action_server/examples_rclpy_minimal_action_server.egg-info/top_level.txt
[4.852s] reading manifest file '../../../../../build/examples_rclpy_minimal_action_server/examples_rclpy_minimal_action_server.egg-info/SOURCES.txt'
[4.853s] writing manifest file '../../../../../build/examples_rclpy_minimal_action_server/examples_rclpy_minimal_action_server.egg-info/SOURCES.txt'
[4.853s] running build
[4.853s] running build_py
[4.853s] creating /home/can/ros2_ws/build/examples_rclpy_minimal_action_server/build
[4.853s] creating /home/can/ros2_ws/build/examples_rclpy_minimal_action_server/build/lib
[4.854s] creating /home/can/ros2_ws/build/examples_rclpy_minimal_action_server/build/lib/examples_rclpy_minimal_action_server
[4.854s] copying examples_rclpy_minimal_action_server/server_defer.py -> /home/can/ros2_ws/build/examples_rclpy_minimal_action_server/build/lib/examples_rclpy_minimal_action_server
[4.854s] copying examples_rclpy_minimal_action_server/__init__.py -> /home/can/ros2_ws/build/examples_rclpy_minimal_action_server/build/lib/examples_rclpy_minimal_action_server
[4.854s] copying examples_rclpy_minimal_action_server/server.py -> /home/can/ros2_ws/build/examples_rclpy_minimal_action_server/build/lib/examples_rclpy_minimal_action_server
[4.855s] copying examples_rclpy_minimal_action_server/server_single_goal.py -> /home/can/ros2_ws/build/examples_rclpy_minimal_action_server/build/lib/examples_rclpy_minimal_action_server
[4.855s] copying examples_rclpy_minimal_action_server/server_not_composable.py -> /home/can/ros2_ws/build/examples_rclpy_minimal_action_server/build/lib/examples_rclpy_minimal_action_server
[4.855s] copying examples_rclpy_minimal_action_server/server_queue_goals.py -> /home/can/ros2_ws/build/examples_rclpy_minimal_action_server/build/lib/examples_rclpy_minimal_action_server
[4.855s] running install
[4.855s] running install_lib
[4.856s] creating /home/can/ros2_ws/install/examples_rclpy_minimal_action_server/lib/python3.8/site-packages/examples_rclpy_minimal_action_server
[4.856s] copying /home/can/ros2_ws/build/examples_rclpy_minimal_action_server/build/lib/examples_rclpy_minimal_action_server/server_defer.py -> /home/can/ros2_ws/install/examples_rclpy_minimal_action_server/lib/python3.8/site-packages/examples_rclpy_minimal_action_server
[4.857s] copying /home/can/ros2_ws/build/examples_rclpy_minimal_action_server/build/lib/examples_rclpy_minimal_action_server/__init__.py -> /home/can/ros2_ws/install/examples_rclpy_minimal_action_server/lib/python3.8/site-packages/examples_rclpy_minimal_action_server
[4.857s] copying /home/can/ros2_ws/build/examples_rclpy_minimal_action_server/build/lib/examples_rclpy_minimal_action_server/server.py -> /home/can/ros2_ws/install/examples_rclpy_minimal_action_server/lib/python3.8/site-packages/examples_rclpy_minimal_action_server
[4.857s] copying /home/can/ros2_ws/build/examples_rclpy_minimal_action_server/build/lib/examples_rclpy_minimal_action_server/server_single_goal.py -> /home/can/ros2_ws/install/examples_rclpy_minimal_action_server/lib/python3.8/site-packages/examples_rclpy_minimal_action_server
[4.857s] copying /home/can/ros2_ws/build/examples_rclpy_minimal_action_server/build/lib/examples_rclpy_minimal_action_server/server_not_composable.py -> /home/can/ros2_ws/install/examples_rclpy_minimal_action_server/lib/python3.8/site-packages/examples_rclpy_minimal_action_server
[4.857s] copying /home/can/ros2_ws/build/examples_rclpy_minimal_action_server/build/lib/examples_rclpy_minimal_action_server/server_queue_goals.py -> /home/can/ros2_ws/install/examples_rclpy_minimal_action_server/lib/python3.8/site-packages/examples_rclpy_minimal_action_server
[4.857s] byte-compiling /home/can/ros2_ws/install/examples_rclpy_minimal_action_server/lib/python3.8/site-packages/examples_rclpy_minimal_action_server/server_defer.py to server_defer.cpython-38.pyc
[4.858s] byte-compiling /home/can/ros2_ws/install/examples_rclpy_minimal_action_server/lib/python3.8/site-packages/examples_rclpy_minimal_action_server/__init__.py to __init__.cpython-38.pyc
[4.858s] byte-compiling /home/can/ros2_ws/install/examples_rclpy_minimal_action_server/lib/python3.8/site-packages/examples_rclpy_minimal_action_server/server.py to server.cpython-38.pyc
[4.858s] byte-compiling /home/can/ros2_ws/install/examples_rclpy_minimal_action_server/lib/python3.8/site-packages/examples_rclpy_minimal_action_server/server_single_goal.py to server_single_goal.cpython-38.pyc
[4.859s] byte-compiling /home/can/ros2_ws/install/examples_rclpy_minimal_action_server/lib/python3.8/site-packages/examples_rclpy_minimal_action_server/server_not_composable.py to server_not_composable.cpython-38.pyc
[4.859s] byte-compiling /home/can/ros2_ws/install/examples_rclpy_minimal_action_server/lib/python3.8/site-packages/examples_rclpy_minimal_action_server/server_queue_goals.py to server_queue_goals.cpython-38.pyc
[4.860s] running install_data
[4.860s] running install_egg_info
[4.862s] Copying ../../../../../build/examples_rclpy_minimal_action_server/examples_rclpy_minimal_action_server.egg-info to /home/can/ros2_ws/install/examples_rclpy_minimal_action_server/lib/python3.8/site-packages/examples_rclpy_minimal_action_server-0.9.4-py3.8.egg-info
[4.863s] running install_scripts
[4.882s] Installing server script to /home/can/ros2_ws/install/examples_rclpy_minimal_action_server/lib/examples_rclpy_minimal_action_server
[4.882s] Installing server_defer script to /home/can/ros2_ws/install/examples_rclpy_minimal_action_server/lib/examples_rclpy_minimal_action_server
[4.882s] Installing server_not_composable script to /home/can/ros2_ws/install/examples_rclpy_minimal_action_server/lib/examples_rclpy_minimal_action_server
[4.882s] Installing server_queue_goals script to /home/can/ros2_ws/install/examples_rclpy_minimal_action_server/lib/examples_rclpy_minimal_action_server
[4.883s] Installing server_single_goal script to /home/can/ros2_ws/install/examples_rclpy_minimal_action_server/lib/examples_rclpy_minimal_action_server
[4.883s] writing list of installed files to '/home/can/ros2_ws/build/examples_rclpy_minimal_action_server/install.log'
[5.414s] Invoked command in '/home/can/ros2_ws/src/examples/rclpy/actions/minimal_action_server' returned '0': PYTHONPATH=/home/can/ros2_ws/build/examples_rclpy_minimal_action_server/prefix_override:/home/can/ros2_ws/install/examples_rclpy_minimal_action_server/lib/python3.8/site-packages:${PYTHONPATH} /usr/bin/python3 setup.py egg_info --egg-base ../../../../../build/examples_rclpy_minimal_action_server build --build-base /home/can/ros2_ws/build/examples_rclpy_minimal_action_server/build install --record /home/can/ros2_ws/build/examples_rclpy_minimal_action_server/install.log --install-scripts $base/lib/examples_rclpy_minimal_action_server --single-version-externally-managed
