[1.717s] Invoking command in '/home/can/ros2_ws/src/py_pubsub': PYTHONPATH=/home/can/ros2_ws/build/py_pubsub/prefix_override:/home/can/ros2_ws/install/py_pubsub/lib/python3.8/site-packages:/home/can/ros2_ws/install/tutorial_interfaces/lib/python3.8/site-packages:/home/can/ros2_ws/install/py_pubsub/lib/python3.8/site-packages:/home/can/ros2_ws/install/turtlesim/lib/python3.8/site-packages:/home/can/ros2_ws/install/py_srvcli/lib/python3.8/site-packages:/home/can/ros2_ws/install/more_interfaces/lib/python3.8/site-packages:/home/can/ros2_ws/install/examples_rclpy_minimal_subscriber/lib/python3.8/site-packages:/home/can/ros2_ws/install/examples_rclpy_minimal_service/lib/python3.8/site-packages:/home/can/ros2_ws/install/examples_rclpy_minimal_publisher/lib/python3.8/site-packages:/home/can/ros2_ws/install/examples_rclpy_minimal_client/lib/python3.8/site-packages:/home/can/ros2_ws/install/examples_rclpy_minimal_action_server/lib/python3.8/site-packages:/home/can/ros2_ws/install/examples_rclpy_minimal_action_client/lib/python3.8/site-packages:/home/can/ros2_ws/install/examples_rclpy_executors/lib/python3.8/site-packages:/opt/ros/foxy/lib/python3.8/site-packages /usr/bin/python3 setup.py egg_info --egg-base ../../build/py_pubsub build --build-base /home/can/ros2_ws/build/py_pubsub/build install --record /home/can/ros2_ws/build/py_pubsub/install.log --install-scripts $base/lib/py_pubsub --single-version-externally-managed
[1.912s] running egg_info
[1.912s] writing ../../build/py_pubsub/py_pubsub.egg-info/PKG-INFO
[1.912s] writing dependency_links to ../../build/py_pubsub/py_pubsub.egg-info/dependency_links.txt
[1.912s] writing entry points to ../../build/py_pubsub/py_pubsub.egg-info/entry_points.txt
[1.912s] writing requirements to ../../build/py_pubsub/py_pubsub.egg-info/requires.txt
[1.912s] writing top-level names to ../../build/py_pubsub/py_pubsub.egg-info/top_level.txt
[1.930s] reading manifest file '../../build/py_pubsub/py_pubsub.egg-info/SOURCES.txt'
[1.931s] writing manifest file '../../build/py_pubsub/py_pubsub.egg-info/SOURCES.txt'
[1.931s] running build
[1.931s] running build_py
[1.931s] running install
[1.933s] running install_lib
[1.933s] running install_data
[1.934s] running install_egg_info
[1.936s] removing '/home/can/ros2_ws/install/py_pubsub/lib/python3.8/site-packages/py_pubsub-0.0.0-py3.8.egg-info' (and everything under it)
[1.937s] Copying ../../build/py_pubsub/py_pubsub.egg-info to /home/can/ros2_ws/install/py_pubsub/lib/python3.8/site-packages/py_pubsub-0.0.0-py3.8.egg-info
[1.937s] running install_scripts
[1.951s] Installing listener script to /home/can/ros2_ws/install/py_pubsub/lib/py_pubsub
[1.951s] Installing talker script to /home/can/ros2_ws/install/py_pubsub/lib/py_pubsub
[1.951s] writing list of installed files to '/home/can/ros2_ws/build/py_pubsub/install.log'
[2.217s] Invoked command in '/home/can/ros2_ws/src/py_pubsub' returned '0': PYTHONPATH=/home/can/ros2_ws/build/py_pubsub/prefix_override:/home/can/ros2_ws/install/py_pubsub/lib/python3.8/site-packages:/home/can/ros2_ws/install/tutorial_interfaces/lib/python3.8/site-packages:/home/can/ros2_ws/install/py_pubsub/lib/python3.8/site-packages:/home/can/ros2_ws/install/turtlesim/lib/python3.8/site-packages:/home/can/ros2_ws/install/py_srvcli/lib/python3.8/site-packages:/home/can/ros2_ws/install/more_interfaces/lib/python3.8/site-packages:/home/can/ros2_ws/install/examples_rclpy_minimal_subscriber/lib/python3.8/site-packages:/home/can/ros2_ws/install/examples_rclpy_minimal_service/lib/python3.8/site-packages:/home/can/ros2_ws/install/examples_rclpy_minimal_publisher/lib/python3.8/site-packages:/home/can/ros2_ws/install/examples_rclpy_minimal_client/lib/python3.8/site-packages:/home/can/ros2_ws/install/examples_rclpy_minimal_action_server/lib/python3.8/site-packages:/home/can/ros2_ws/install/examples_rclpy_minimal_action_client/lib/python3.8/site-packages:/home/can/ros2_ws/install/examples_rclpy_executors/lib/python3.8/site-packages:/opt/ros/foxy/lib/python3.8/site-packages /usr/bin/python3 setup.py egg_info --egg-base ../../build/py_pubsub build --build-base /home/can/ros2_ws/build/py_pubsub/build install --record /home/can/ros2_ws/build/py_pubsub/install.log --install-scripts $base/lib/py_pubsub --single-version-externally-managed
