[0.105s] Invoking command in '/home/can/ros2_ws/build/polygon_plugins': AMENT_PREFIX_PATH=/home/can/ros2_ws/install/polygon_base:${AMENT_PREFIX_PATH} CMAKE_PREFIX_PATH=/home/can/ros2_ws/install/polygon_base:/opt/ros/foxy /usr/bin/cmake /home/can/ros2_ws/src/polygon_plugins -DCMAKE_INSTALL_PREFIX=/home/can/ros2_ws/install/polygon_plugins
[0.173s] -- The C compiler identification is GNU 9.4.0
[0.226s] -- The CXX compiler identification is GNU 9.4.0
[0.229s] -- Check for working C compiler: /usr/bin/cc
[0.315s] -- Check for working C compiler: /usr/bin/cc -- works
[0.316s] -- Detecting C compiler ABI info
[0.415s] -- Detecting C compiler ABI info - done
[0.428s] -- Detecting C compile features
[0.428s] -- Detecting C compile features - done
[0.431s] -- Check for working CXX compiler: /usr/bin/c++
[0.516s] -- Check for working CXX compiler: /usr/bin/c++ -- works
[0.517s] -- Detecting CXX compiler ABI info
[0.621s] -- Detecting CXX compiler ABI info - done
[0.628s] -- Detecting CXX compile features
[0.629s] -- Detecting CXX compile features - done
[0.630s] -- Found ament_cmake: 0.9.12 (/opt/ros/foxy/share/ament_cmake/cmake)
[0.659s] -- Found PythonInterp: /usr/bin/python3 (found suitable version "3.8.10", minimum required is "3") 
[0.659s] -- Using PYTHON_EXECUTABLE: /usr/bin/python3
[0.813s] -- Found ament_cmake_ros: 0.9.2 (/opt/ros/foxy/share/ament_cmake_ros/cmake)
[0.817s] -- Found polygon_base: 0.0.0 (/home/can/ros2_ws/install/polygon_base/share/polygon_base/cmake)
[0.818s] -- Found pluginlib: 2.5.4 (/opt/ros/foxy/share/pluginlib/cmake)
[0.855s] CMake Error at CMakeLists.txt:44 (add_library):
[0.855s]   add_library cannot create target "polygon_plugins" because another target
[0.855s]   with the same name already exists.  The existing target is a shared library
[0.856s]   created in source directory "/home/can/ros2_ws/src/polygon_plugins".  See
[0.856s]   documentation for policy CMP0002 for more details.
[0.856s] 
[0.856s] 
[0.856s] -- Found ament_lint_auto: 0.9.8 (/opt/ros/foxy/share/ament_lint_auto/cmake)
[0.910s] -- Added test 'copyright' to check source files copyright and LICENSE
[0.911s] -- Added test 'cppcheck' to perform static code analysis on C / C++ code
[0.911s] -- Configured cppcheck include dirs: $<BUILD_INTERFACE:/home/can/ros2_ws/src/polygon_plugins/include>
[0.911s] -- Configured cppcheck exclude dirs and/or files: 
[0.912s] -- Added test 'cpplint' to check C / C++ code against the Google style
[0.912s] -- Configured cpplint exclude dirs and/or files: 
[0.912s] -- Added test 'lint_cmake' to check CMake code style
[0.913s] -- Added test 'uncrustify' to check C / C++ code style
[0.913s] -- Configured uncrustify additional arguments: 
[0.913s] -- Added test 'xmllint' to check XML markup files
[0.915s] -- Configuring incomplete, errors occurred!
[0.915s] See also "/home/can/ros2_ws/build/polygon_plugins/CMakeFiles/CMakeOutput.log".
[0.919s] Invoked command in '/home/can/ros2_ws/build/polygon_plugins' returned '1': AMENT_PREFIX_PATH=/home/can/ros2_ws/install/polygon_base:${AMENT_PREFIX_PATH} CMAKE_PREFIX_PATH=/home/can/ros2_ws/install/polygon_base:/opt/ros/foxy /usr/bin/cmake /home/can/ros2_ws/src/polygon_plugins -DCMAKE_INSTALL_PREFIX=/home/can/ros2_ws/install/polygon_plugins
