[0.076s] Invoking command in '/home/can/ros2_ws/build/polygon_plugins': AMENT_PREFIX_PATH=/home/can/ros2_ws/install/polygon_base:${AMENT_PREFIX_PATH} CMAKE_PREFIX_PATH=/home/can/ros2_ws/install/polygon_base:/opt/ros/foxy /usr/bin/cmake /home/can/ros2_ws/src/polygon_plugins -DCMAKE_INSTALL_PREFIX=/home/can/ros2_ws/install/polygon_plugins
[0.085s] -- Found ament_cmake: 0.9.12 (/opt/ros/foxy/share/ament_cmake/cmake)
[0.101s] -- Using PYTHON_EXECUTABLE: /usr/bin/python3
[0.209s] -- Found ament_cmake_ros: 0.9.2 (/opt/ros/foxy/share/ament_cmake_ros/cmake)
[0.211s] -- Found polygon_base: 0.0.0 (/home/can/ros2_ws/install/polygon_base/share/polygon_base/cmake)
[0.211s] -- Found pluginlib: 2.5.4 (/opt/ros/foxy/share/pluginlib/cmake)
[0.233s] CMake Error at CMakeLists.txt:44 (add_library):
[0.234s]   The target name "polygon_plugins/src/polygon_plugins.cpp" is reserved or
[0.234s]   not valid for certain CMake features, such as generator expressions, and
[0.234s]   may result in undefined behavior.
[0.234s] 
[0.234s] 
[0.234s] -- Found ament_lint_auto: 0.9.8 (/opt/ros/foxy/share/ament_lint_auto/cmake)
[0.276s] -- Added test 'copyright' to check source files copyright and LICENSE
[0.277s] -- Added test 'cppcheck' to perform static code analysis on C / C++ code
[0.277s] -- Configured cppcheck include dirs: $<BUILD_INTERFACE:/home/can/ros2_ws/src/polygon_plugins/include>
[0.277s] -- Configured cppcheck exclude dirs and/or files: 
[0.278s] -- Added test 'cpplint' to check C / C++ code against the Google style
[0.278s] -- Configured cpplint exclude dirs and/or files: 
[0.278s] -- Added test 'lint_cmake' to check CMake code style
[0.278s] -- Added test 'uncrustify' to check C / C++ code style
[0.279s] -- Configured uncrustify additional arguments: 
[0.279s] -- Added test 'xmllint' to check XML markup files
[0.280s] -- Configuring incomplete, errors occurred!
[0.281s] See also "/home/can/ros2_ws/build/polygon_plugins/CMakeFiles/CMakeOutput.log".
[0.284s] Invoked command in '/home/can/ros2_ws/build/polygon_plugins' returned '1': AMENT_PREFIX_PATH=/home/can/ros2_ws/install/polygon_base:${AMENT_PREFIX_PATH} CMAKE_PREFIX_PATH=/home/can/ros2_ws/install/polygon_base:/opt/ros/foxy /usr/bin/cmake /home/can/ros2_ws/src/polygon_plugins -DCMAKE_INSTALL_PREFIX=/home/can/ros2_ws/install/polygon_plugins
