[4.093s] Invoking command in '/home/can/ros2_ws/build/examples_rclpy_minimal_action_server': PYTHONPATH=/home/can/ros2_ws/build/examples_rclpy_minimal_action_server/prefix_override:/home/can/ros2_ws/install/examples_rclpy_minimal_action_server/lib/python3.8/site-packages:${PYTHONPATH} /usr/bin/python3 setup.py develop --editable --build-directory /home/can/ros2_ws/build/examples_rclpy_minimal_action_server/build --no-deps install_data
[5.436s] running develop
[5.436s] running egg_info
[5.436s] creating examples_rclpy_minimal_action_server.egg-info
[5.436s] writing examples_rclpy_minimal_action_server.egg-info/PKG-INFO
[5.437s] writing dependency_links to examples_rclpy_minimal_action_server.egg-info/dependency_links.txt
[5.444s] writing entry points to examples_rclpy_minimal_action_server.egg-info/entry_points.txt
[5.444s] writing requirements to examples_rclpy_minimal_action_server.egg-info/requires.txt
[5.445s] writing top-level names to examples_rclpy_minimal_action_server.egg-info/top_level.txt
[5.446s] writing manifest file 'examples_rclpy_minimal_action_server.egg-info/SOURCES.txt'
[5.477s] reading manifest file 'examples_rclpy_minimal_action_server.egg-info/SOURCES.txt'
[5.478s] writing manifest file 'examples_rclpy_minimal_action_server.egg-info/SOURCES.txt'
[5.604s] running build_ext
[5.605s] Creating /home/can/ros2_ws/install/examples_rclpy_minimal_action_server/lib/python3.8/site-packages/site.py
[5.608s] Creating /home/can/ros2_ws/install/examples_rclpy_minimal_action_server/lib/python3.8/site-packages/examples-rclpy-minimal-action-server.egg-link (link to .)
[5.610s] Installing server script to /home/can/ros2_ws/install/examples_rclpy_minimal_action_server/lib/examples_rclpy_minimal_action_server
[5.621s] Installing server_defer script to /home/can/ros2_ws/install/examples_rclpy_minimal_action_server/lib/examples_rclpy_minimal_action_server
[5.622s] Installing server_not_composable script to /home/can/ros2_ws/install/examples_rclpy_minimal_action_server/lib/examples_rclpy_minimal_action_server
[5.623s] Installing server_queue_goals script to /home/can/ros2_ws/install/examples_rclpy_minimal_action_server/lib/examples_rclpy_minimal_action_server
[5.628s] Installing server_single_goal script to /home/can/ros2_ws/install/examples_rclpy_minimal_action_server/lib/examples_rclpy_minimal_action_server
[5.629s] 
[5.630s] Installed /home/can/ros2_ws/build/examples_rclpy_minimal_action_server
[5.631s] running install_data
[5.631s] creating /home/can/ros2_ws/install/examples_rclpy_minimal_action_server/share/ament_index
[5.632s] creating /home/can/ros2_ws/install/examples_rclpy_minimal_action_server/share/ament_index/resource_index
[5.632s] creating /home/can/ros2_ws/install/examples_rclpy_minimal_action_server/share/ament_index/resource_index/packages
[5.632s] copying resource/examples_rclpy_minimal_action_server -> /home/can/ros2_ws/install/examples_rclpy_minimal_action_server/share/ament_index/resource_index/packages
[5.633s] copying package.xml -> /home/can/ros2_ws/install/examples_rclpy_minimal_action_server/share/examples_rclpy_minimal_action_server
[7.025s] Invoked command in '/home/can/ros2_ws/build/examples_rclpy_minimal_action_server' returned '0': PYTHONPATH=/home/can/ros2_ws/build/examples_rclpy_minimal_action_server/prefix_override:/home/can/ros2_ws/install/examples_rclpy_minimal_action_server/lib/python3.8/site-packages:${PYTHONPATH} /usr/bin/python3 setup.py develop --editable --build-directory /home/can/ros2_ws/build/examples_rclpy_minimal_action_server/build --no-deps install_data
