[0.986s] Invoking command in '/home/can/ros2_ws/build/examples_rclcpp_minimal_service': CMAKE_PREFIX_PATH=/opt/ros/foxy /usr/bin/cmake /home/can/ros2_ws/src/examples/rclcpp/services/minimal_service -DCMAKE_INSTALL_PREFIX=/home/can/ros2_ws/install/examples_rclcpp_minimal_service
[2.859s] -- Found ament_cmake: 0.9.12 (/opt/ros/foxy/share/ament_cmake/cmake)
[2.859s] -- Using PYTHON_EXECUTABLE: /usr/bin/python3
[2.859s] -- Override CMake install command with custom implementation using symlinks instead of copying resources
[2.860s] -- Found example_interfaces: 0.9.1 (/opt/ros/foxy/share/example_interfaces/cmake)
[2.860s] -- Using all available rosidl_typesupport_c: rosidl_typesupport_fastrtps_c;rosidl_typesupport_introspection_c
[2.860s] -- Found rosidl_adapter: 1.3.1 (/opt/ros/foxy/share/rosidl_adapter/cmake)
[2.860s] -- Using all available rosidl_typesupport_cpp: rosidl_typesupport_fastrtps_cpp;rosidl_typesupport_introspection_cpp
[2.860s] -- Found rclcpp: 2.4.3 (/opt/ros/foxy/share/rclcpp/cmake)
[2.860s] -- Found rmw_implementation_cmake: 1.0.4 (/opt/ros/foxy/share/rmw_implementation_cmake/cmake)
[2.860s] -- Using RMW implementation 'rmw_fastrtps_cpp' as default
[2.860s] -- Found ament_lint_auto: 0.9.8 (/opt/ros/foxy/share/ament_lint_auto/cmake)
[2.860s] -- Added test 'copyright' to check source files copyright and LICENSE
[2.860s] -- Added test 'cppcheck' to perform static code analysis on C / C++ code
[2.860s] -- Configured cppcheck include dirs: 
[2.860s] -- Configured cppcheck exclude dirs and/or files: 
[2.860s] -- Added test 'cpplint' to check C / C++ code against the Google style
[2.860s] -- Configured cpplint exclude dirs and/or files: 
[2.860s] -- Added test 'lint_cmake' to check CMake code style
[2.860s] -- Added test 'uncrustify' to check C / C++ code style
[2.860s] -- Configured uncrustify additional arguments: 
[2.860s] -- Added test 'xmllint' to check XML markup files
[2.860s] -- Configuring done
[2.860s] -- Generating done
[2.860s] -- Build files have been written to: /home/can/ros2_ws/build/examples_rclcpp_minimal_service
[2.879s] Invoked command in '/home/can/ros2_ws/build/examples_rclcpp_minimal_service' returned '0': CMAKE_PREFIX_PATH=/opt/ros/foxy /usr/bin/cmake /home/can/ros2_ws/src/examples/rclcpp/services/minimal_service -DCMAKE_INSTALL_PREFIX=/home/can/ros2_ws/install/examples_rclcpp_minimal_service
[2.881s] Invoking command in '/home/can/ros2_ws/build/examples_rclcpp_minimal_service': CMAKE_PREFIX_PATH=/opt/ros/foxy /usr/bin/cmake --build /home/can/ros2_ws/build/examples_rclcpp_minimal_service -- -j16 -l16
[2.974s] [100%] Built target service_main
[3.015s] Invoked command in '/home/can/ros2_ws/build/examples_rclcpp_minimal_service' returned '0': CMAKE_PREFIX_PATH=/opt/ros/foxy /usr/bin/cmake --build /home/can/ros2_ws/build/examples_rclcpp_minimal_service -- -j16 -l16
[3.075s] Invoking command in '/home/can/ros2_ws/build/examples_rclcpp_minimal_service': CMAKE_PREFIX_PATH=/opt/ros/foxy /usr/bin/cmake --install /home/can/ros2_ws/build/examples_rclcpp_minimal_service
[3.107s] -- Install configuration: ""
[3.107s] -- Execute custom install script
[3.107s] -- Up-to-date symlink: /home/can/ros2_ws/install/examples_rclcpp_minimal_service/lib/examples_rclcpp_minimal_service/service_main
[3.107s] -- Up-to-date symlink: /home/can/ros2_ws/install/examples_rclcpp_minimal_service/share/ament_index/resource_index/package_run_dependencies/examples_rclcpp_minimal_service
[3.107s] -- Up-to-date symlink: /home/can/ros2_ws/install/examples_rclcpp_minimal_service/share/ament_index/resource_index/parent_prefix_path/examples_rclcpp_minimal_service
[3.107s] -- Up-to-date symlink: /home/can/ros2_ws/install/examples_rclcpp_minimal_service/share/examples_rclcpp_minimal_service/environment/ament_prefix_path.sh
[3.107s] -- Up-to-date symlink: /home/can/ros2_ws/install/examples_rclcpp_minimal_service/share/examples_rclcpp_minimal_service/environment/ament_prefix_path.dsv
[3.108s] -- Up-to-date symlink: /home/can/ros2_ws/install/examples_rclcpp_minimal_service/share/examples_rclcpp_minimal_service/environment/path.sh
[3.108s] -- Up-to-date symlink: /home/can/ros2_ws/install/examples_rclcpp_minimal_service/share/examples_rclcpp_minimal_service/environment/path.dsv
[3.108s] -- Up-to-date symlink: /home/can/ros2_ws/install/examples_rclcpp_minimal_service/share/examples_rclcpp_minimal_service/local_setup.bash
[3.108s] -- Up-to-date symlink: /home/can/ros2_ws/install/examples_rclcpp_minimal_service/share/examples_rclcpp_minimal_service/local_setup.sh
[3.108s] -- Up-to-date symlink: /home/can/ros2_ws/install/examples_rclcpp_minimal_service/share/examples_rclcpp_minimal_service/local_setup.zsh
[3.108s] -- Up-to-date symlink: /home/can/ros2_ws/install/examples_rclcpp_minimal_service/share/examples_rclcpp_minimal_service/local_setup.dsv
[3.108s] -- Symlinking: /home/can/ros2_ws/install/examples_rclcpp_minimal_service/share/examples_rclcpp_minimal_service/package.dsv
[3.108s] -- Up-to-date symlink: /home/can/ros2_ws/install/examples_rclcpp_minimal_service/share/ament_index/resource_index/packages/examples_rclcpp_minimal_service
[3.109s] -- Up-to-date symlink: /home/can/ros2_ws/install/examples_rclcpp_minimal_service/share/examples_rclcpp_minimal_service/cmake/examples_rclcpp_minimal_serviceConfig.cmake
[3.109s] -- Up-to-date symlink: /home/can/ros2_ws/install/examples_rclcpp_minimal_service/share/examples_rclcpp_minimal_service/cmake/examples_rclcpp_minimal_serviceConfig-version.cmake
[3.109s] -- Up-to-date symlink: /home/can/ros2_ws/install/examples_rclcpp_minimal_service/share/examples_rclcpp_minimal_service/package.xml
[3.502s] Invoked command in '/home/can/ros2_ws/build/examples_rclcpp_minimal_service' returned '0': CMAKE_PREFIX_PATH=/opt/ros/foxy /usr/bin/cmake --install /home/can/ros2_ws/build/examples_rclcpp_minimal_service
