[1.157s] Invoking command in '/home/can/ros2_ws/build/examples_rclcpp_minimal_service': CMAKE_PREFIX_PATH=${CMAKE_PREFIX_PATH}:/home/can/ros2_ws/install/py_pubsub:/home/can/ros2_ws/install/py_srvcli:/home/can/ros2_ws/install/examples_rclpy_minimal_subscriber:/home/can/ros2_ws/install/examples_rclpy_minimal_service:/home/can/ros2_ws/install/examples_rclpy_minimal_publisher:/home/can/ros2_ws/install/examples_rclpy_minimal_client:/home/can/ros2_ws/install/examples_rclpy_minimal_action_server:/home/can/ros2_ws/install/examples_rclpy_minimal_action_client:/home/can/ros2_ws/install/examples_rclpy_executors:/opt/ros/foxy /usr/bin/cmake --build /home/can/ros2_ws/build/examples_rclcpp_minimal_service -- -j16 -l16
[2.689s] [100%] Built target service_main
[2.706s] Invoked command in '/home/can/ros2_ws/build/examples_rclcpp_minimal_service' returned '0': CMAKE_PREFIX_PATH=${CMAKE_PREFIX_PATH}:/home/can/ros2_ws/install/py_pubsub:/home/can/ros2_ws/install/py_srvcli:/home/can/ros2_ws/install/examples_rclpy_minimal_subscriber:/home/can/ros2_ws/install/examples_rclpy_minimal_service:/home/can/ros2_ws/install/examples_rclpy_minimal_publisher:/home/can/ros2_ws/install/examples_rclpy_minimal_client:/home/can/ros2_ws/install/examples_rclpy_minimal_action_server:/home/can/ros2_ws/install/examples_rclpy_minimal_action_client:/home/can/ros2_ws/install/examples_rclpy_executors:/opt/ros/foxy /usr/bin/cmake --build /home/can/ros2_ws/build/examples_rclcpp_minimal_service -- -j16 -l16
[2.780s] Invoking command in '/home/can/ros2_ws/build/examples_rclcpp_minimal_service': CMAKE_PREFIX_PATH=${CMAKE_PREFIX_PATH}:/home/can/ros2_ws/install/py_pubsub:/home/can/ros2_ws/install/py_srvcli:/home/can/ros2_ws/install/examples_rclpy_minimal_subscriber:/home/can/ros2_ws/install/examples_rclpy_minimal_service:/home/can/ros2_ws/install/examples_rclpy_minimal_publisher:/home/can/ros2_ws/install/examples_rclpy_minimal_client:/home/can/ros2_ws/install/examples_rclpy_minimal_action_server:/home/can/ros2_ws/install/examples_rclpy_minimal_action_client:/home/can/ros2_ws/install/examples_rclpy_executors:/opt/ros/foxy /usr/bin/cmake --install /home/can/ros2_ws/build/examples_rclcpp_minimal_service
[2.832s] -- Install configuration: ""
[2.832s] -- Execute custom install script
[2.832s] -- Up-to-date symlink: /home/can/ros2_ws/install/examples_rclcpp_minimal_service/lib/examples_rclcpp_minimal_service/service_main
[2.832s] -- Up-to-date symlink: /home/can/ros2_ws/install/examples_rclcpp_minimal_service/share/ament_index/resource_index/package_run_dependencies/examples_rclcpp_minimal_service
[2.833s] -- Up-to-date symlink: /home/can/ros2_ws/install/examples_rclcpp_minimal_service/share/ament_index/resource_index/parent_prefix_path/examples_rclcpp_minimal_service
[2.833s] -- Up-to-date symlink: /home/can/ros2_ws/install/examples_rclcpp_minimal_service/share/examples_rclcpp_minimal_service/environment/ament_prefix_path.sh
[2.833s] -- Up-to-date symlink: /home/can/ros2_ws/install/examples_rclcpp_minimal_service/share/examples_rclcpp_minimal_service/environment/ament_prefix_path.dsv
[2.833s] -- Up-to-date symlink: /home/can/ros2_ws/install/examples_rclcpp_minimal_service/share/examples_rclcpp_minimal_service/environment/path.sh
[2.833s] -- Up-to-date symlink: /home/can/ros2_ws/install/examples_rclcpp_minimal_service/share/examples_rclcpp_minimal_service/environment/path.dsv
[2.833s] -- Up-to-date symlink: /home/can/ros2_ws/install/examples_rclcpp_minimal_service/share/examples_rclcpp_minimal_service/local_setup.bash
[2.833s] -- Up-to-date symlink: /home/can/ros2_ws/install/examples_rclcpp_minimal_service/share/examples_rclcpp_minimal_service/local_setup.sh
[2.833s] -- Up-to-date symlink: /home/can/ros2_ws/install/examples_rclcpp_minimal_service/share/examples_rclcpp_minimal_service/local_setup.zsh
[2.833s] -- Up-to-date symlink: /home/can/ros2_ws/install/examples_rclcpp_minimal_service/share/examples_rclcpp_minimal_service/local_setup.dsv
[2.833s] -- Symlinking: /home/can/ros2_ws/install/examples_rclcpp_minimal_service/share/examples_rclcpp_minimal_service/package.dsv
[2.834s] -- Up-to-date symlink: /home/can/ros2_ws/install/examples_rclcpp_minimal_service/share/ament_index/resource_index/packages/examples_rclcpp_minimal_service
[2.834s] -- Up-to-date symlink: /home/can/ros2_ws/install/examples_rclcpp_minimal_service/share/examples_rclcpp_minimal_service/cmake/examples_rclcpp_minimal_serviceConfig.cmake
[2.834s] -- Up-to-date symlink: /home/can/ros2_ws/install/examples_rclcpp_minimal_service/share/examples_rclcpp_minimal_service/cmake/examples_rclcpp_minimal_serviceConfig-version.cmake
[2.834s] -- Up-to-date symlink: /home/can/ros2_ws/install/examples_rclcpp_minimal_service/share/examples_rclcpp_minimal_service/package.xml
[3.090s] Invoked command in '/home/can/ros2_ws/build/examples_rclcpp_minimal_service' returned '0': CMAKE_PREFIX_PATH=${CMAKE_PREFIX_PATH}:/home/can/ros2_ws/install/py_pubsub:/home/can/ros2_ws/install/py_srvcli:/home/can/ros2_ws/install/examples_rclpy_minimal_subscriber:/home/can/ros2_ws/install/examples_rclpy_minimal_service:/home/can/ros2_ws/install/examples_rclpy_minimal_publisher:/home/can/ros2_ws/install/examples_rclpy_minimal_client:/home/can/ros2_ws/install/examples_rclpy_minimal_action_server:/home/can/ros2_ws/install/examples_rclpy_minimal_action_client:/home/can/ros2_ws/install/examples_rclpy_executors:/opt/ros/foxy /usr/bin/cmake --install /home/can/ros2_ws/build/examples_rclcpp_minimal_service
