[0.098s] Invoking command in '/home/can/ros2_ws/build/tutorial_interfaces': CMAKE_PREFIX_PATH=${CMAKE_PREFIX_PATH}:/home/can/ros2_ws/install/py_pubsub:/home/can/ros2_ws/install/examples_rclpy_minimal_subscriber:/home/can/ros2_ws/install/examples_rclpy_minimal_service:/home/can/ros2_ws/install/examples_rclpy_minimal_publisher:/home/can/ros2_ws/install/examples_rclpy_minimal_client:/home/can/ros2_ws/install/examples_rclpy_minimal_action_server:/home/can/ros2_ws/install/examples_rclpy_minimal_action_client:/home/can/ros2_ws/install/examples_rclpy_executors:/opt/ros/foxy /usr/bin/cmake /home/can/ros2_ws/src/tutorial_interfaces -DCMAKE_INSTALL_PREFIX=/home/can/ros2_ws/install/tutorial_interfaces
[0.277s] -- The C compiler identification is GNU 9.4.0
[0.397s] -- The CXX compiler identification is GNU 9.4.0
[0.403s] -- Check for working C compiler: /usr/bin/cc
[0.469s] -- Check for working C compiler: /usr/bin/cc -- works
[0.471s] -- Detecting C compiler ABI info
[0.525s] -- Detecting C compiler ABI info - done
[0.534s] -- Detecting C compile features
[0.534s] -- Detecting C compile features - done
[0.538s] -- Check for working CXX compiler: /usr/bin/c++
[0.594s] -- Check for working CXX compiler: /usr/bin/c++ -- works
[0.594s] -- Detecting CXX compiler ABI info
[0.653s] -- Detecting CXX compiler ABI info - done
[0.661s] -- Detecting CXX compile features
[0.661s] -- Detecting CXX compile features - done
[0.664s] -- Found geometry_msgs: 2.0.5 (/opt/ros/foxy/share/geometry_msgs/cmake)
[0.695s] -- Found PythonInterp: /usr/bin/python3 (found suitable version "3.8.10", minimum required is "3") 
[0.695s] -- Using PYTHON_EXECUTABLE: /usr/bin/python3
[0.877s] -- Using all available rosidl_typesupport_c: rosidl_typesupport_fastrtps_c;rosidl_typesupport_introspection_c
[0.885s] -- Found rosidl_adapter: 1.3.1 (/opt/ros/foxy/share/rosidl_adapter/cmake)
[0.952s] -- Found OpenSSL: /usr/lib/x86_64-linux-gnu/libcrypto.so (found version "1.1.1f")  
[0.973s] -- Found FastRTPS: /opt/ros/foxy/include  
[1.036s] -- Using all available rosidl_typesupport_cpp: rosidl_typesupport_fastrtps_cpp;rosidl_typesupport_introspection_cpp
[1.103s] -- Found rosidl_default_generators: 1.0.1 (/opt/ros/foxy/share/rosidl_default_generators/cmake)
[1.134s] -- Found PythonInterp: /usr/bin/python3 (found version "3.8.10") 
[1.269s] -- Found ament_cmake_ros: 0.9.2 (/opt/ros/foxy/share/ament_cmake_ros/cmake)
[1.442s] -- Using all available rosidl_typesupport_c: rosidl_typesupport_fastrtps_c;rosidl_typesupport_introspection_c
[1.514s] -- Using all available rosidl_typesupport_cpp: rosidl_typesupport_fastrtps_cpp;rosidl_typesupport_introspection_cpp
[1.540s] -- Found PythonInterp: /usr/bin/python3 (found suitable version "3.8.10", minimum required is "3.5") 
[1.542s] -- Found python_cmake_module: 0.8.1 (/opt/ros/foxy/share/python_cmake_module/cmake)
[1.573s] -- Found PythonLibs: /usr/lib/x86_64-linux-gnu/libpython3.8.so (found suitable version "3.8.10", minimum required is "3.5") 
[1.573s] -- Using PYTHON_EXECUTABLE: /usr/bin/python3
[1.573s] -- Using PYTHON_INCLUDE_DIRS: /usr/include/python3.8
[1.573s] -- Using PYTHON_LIBRARIES: /usr/lib/x86_64-linux-gnu/libpython3.8.so
[1.598s] -- Found PythonExtra: .so  
[1.683s] -- Found ament_lint_auto: 0.9.8 (/opt/ros/foxy/share/ament_lint_auto/cmake)
[1.713s] -- Added test 'copyright' to check source files copyright and LICENSE
[1.715s] -- Added test 'lint_cmake' to check CMake code style
[1.716s] -- Added test 'xmllint' to check XML markup files
[1.721s] -- Configuring done
[1.772s] -- Generating done
[1.775s] -- Build files have been written to: /home/can/ros2_ws/build/tutorial_interfaces
[1.783s] Invoked command in '/home/can/ros2_ws/build/tutorial_interfaces' returned '0': CMAKE_PREFIX_PATH=${CMAKE_PREFIX_PATH}:/home/can/ros2_ws/install/py_pubsub:/home/can/ros2_ws/install/examples_rclpy_minimal_subscriber:/home/can/ros2_ws/install/examples_rclpy_minimal_service:/home/can/ros2_ws/install/examples_rclpy_minimal_publisher:/home/can/ros2_ws/install/examples_rclpy_minimal_client:/home/can/ros2_ws/install/examples_rclpy_minimal_action_server:/home/can/ros2_ws/install/examples_rclpy_minimal_action_client:/home/can/ros2_ws/install/examples_rclpy_executors:/opt/ros/foxy /usr/bin/cmake /home/can/ros2_ws/src/tutorial_interfaces -DCMAKE_INSTALL_PREFIX=/home/can/ros2_ws/install/tutorial_interfaces
[1.785s] Invoking command in '/home/can/ros2_ws/build/tutorial_interfaces': CMAKE_PREFIX_PATH=${CMAKE_PREFIX_PATH}:/home/can/ros2_ws/install/py_pubsub:/home/can/ros2_ws/install/examples_rclpy_minimal_subscriber:/home/can/ros2_ws/install/examples_rclpy_minimal_service:/home/can/ros2_ws/install/examples_rclpy_minimal_publisher:/home/can/ros2_ws/install/examples_rclpy_minimal_client:/home/can/ros2_ws/install/examples_rclpy_minimal_action_server:/home/can/ros2_ws/install/examples_rclpy_minimal_action_client:/home/can/ros2_ws/install/examples_rclpy_executors:/opt/ros/foxy /usr/bin/cmake --build /home/can/ros2_ws/build/tutorial_interfaces -- -j16 -l16
[1.822s] [35m[1mScanning dependencies of target tutorial_interfaces__cpp[0m
[1.822s] [  2%] [34m[1mGenerating C code for ROS interfaces[0m
[1.835s] [  4%] [34m[1mGenerating C++ code for ROS interfaces[0m
[2.080s] [  4%] Built target tutorial_interfaces__cpp
[2.090s] [ 10%] [34m[1mGenerating C++ introspection for ROS interfaces[0m
[2.090s] [ 10%] [34m[1mGenerating C++ type support for eProsima Fast-RTPS[0m
[2.090s] [ 10%] [34m[1mGenerating C++ type support dispatch for ROS interfaces[0m
[2.091s] [35m[1mScanning dependencies of target tutorial_interfaces__rosidl_generator_c[0m
[2.107s] [ 12%] [32mBuilding C object CMakeFiles/tutorial_interfaces__rosidl_generator_c.dir/rosidl_generator_c/tutorial_interfaces/msg/detail/num__functions.c.o[0m
[2.108s] [ 14%] [32mBuilding C object CMakeFiles/tutorial_interfaces__rosidl_generator_c.dir/rosidl_generator_c/tutorial_interfaces/msg/detail/sphere__functions.c.o[0m
[2.108s] [ 17%] [32mBuilding C object CMakeFiles/tutorial_interfaces__rosidl_generator_c.dir/rosidl_generator_c/tutorial_interfaces/srv/detail/add_three_ints__functions.c.o[0m
[2.176s] [ 19%] [32m[1mLinking C shared library libtutorial_interfaces__rosidl_generator_c.so[0m
[2.215s] [ 19%] Built target tutorial_interfaces__rosidl_generator_c
[2.226s] [ 21%] [34m[1mGenerating C introspection for ROS interfaces[0m
[2.226s] [ 23%] [34m[1mGenerating C type support dispatch for ROS interfaces[0m
[2.322s] [35m[1mScanning dependencies of target tutorial_interfaces__rosidl_typesupport_cpp[0m
[2.340s] [ 25%] [32mBuilding CXX object CMakeFiles/tutorial_interfaces__rosidl_typesupport_cpp.dir/rosidl_typesupport_cpp/tutorial_interfaces/msg/num__type_support.cpp.o[0m
[2.341s] [ 27%] [32mBuilding CXX object CMakeFiles/tutorial_interfaces__rosidl_typesupport_cpp.dir/rosidl_typesupport_cpp/tutorial_interfaces/srv/add_three_ints__type_support.cpp.o[0m
[2.341s] [ 29%] [32mBuilding CXX object CMakeFiles/tutorial_interfaces__rosidl_typesupport_cpp.dir/rosidl_typesupport_cpp/tutorial_interfaces/msg/sphere__type_support.cpp.o[0m
[2.345s] [35m[1mScanning dependencies of target tutorial_interfaces__rosidl_typesupport_introspection_cpp[0m
[2.361s] [ 31%] [32mBuilding CXX object CMakeFiles/tutorial_interfaces__rosidl_typesupport_introspection_cpp.dir/rosidl_typesupport_introspection_cpp/tutorial_interfaces/msg/detail/num__type_support.cpp.o[0m
[2.361s] [ 34%] [32mBuilding CXX object CMakeFiles/tutorial_interfaces__rosidl_typesupport_introspection_cpp.dir/rosidl_typesupport_introspection_cpp/tutorial_interfaces/srv/detail/add_three_ints__type_support.cpp.o[0m
[2.362s] [ 36%] [32mBuilding CXX object CMakeFiles/tutorial_interfaces__rosidl_typesupport_introspection_cpp.dir/rosidl_typesupport_introspection_cpp/tutorial_interfaces/msg/detail/sphere__type_support.cpp.o[0m
[2.386s] [35m[1mScanning dependencies of target tutorial_interfaces__rosidl_typesupport_fastrtps_cpp[0m
[2.410s] [ 38%] [32mBuilding CXX object CMakeFiles/tutorial_interfaces__rosidl_typesupport_fastrtps_cpp.dir/rosidl_typesupport_fastrtps_cpp/tutorial_interfaces/msg/detail/dds_fastrtps/num__type_support.cpp.o[0m
[2.412s] [ 40%] [32mBuilding CXX object CMakeFiles/tutorial_interfaces__rosidl_typesupport_fastrtps_cpp.dir/rosidl_typesupport_fastrtps_cpp/tutorial_interfaces/msg/detail/dds_fastrtps/sphere__type_support.cpp.o[0m
[2.413s] [ 42%] [32mBuilding CXX object CMakeFiles/tutorial_interfaces__rosidl_typesupport_fastrtps_cpp.dir/rosidl_typesupport_fastrtps_cpp/tutorial_interfaces/srv/detail/dds_fastrtps/add_three_ints__type_support.cpp.o[0m
[2.485s] [35m[1mScanning dependencies of target tutorial_interfaces__rosidl_typesupport_c[0m
[2.498s] [ 44%] [32mBuilding CXX object CMakeFiles/tutorial_interfaces__rosidl_typesupport_c.dir/rosidl_typesupport_c/tutorial_interfaces/msg/num__type_support.cpp.o[0m
[2.502s] [ 46%] [32mBuilding CXX object CMakeFiles/tutorial_interfaces__rosidl_typesupport_c.dir/rosidl_typesupport_c/tutorial_interfaces/srv/add_three_ints__type_support.cpp.o[0m
[2.502s] [ 48%] [32mBuilding CXX object CMakeFiles/tutorial_interfaces__rosidl_typesupport_c.dir/rosidl_typesupport_c/tutorial_interfaces/msg/sphere__type_support.cpp.o[0m
[2.545s] [ 51%] [32m[1mLinking CXX shared library libtutorial_interfaces__rosidl_typesupport_c.so[0m
[2.587s] [ 51%] Built target tutorial_interfaces__rosidl_typesupport_c
[2.615s] [35m[1mScanning dependencies of target tutorial_interfaces__rosidl_typesupport_introspection_c[0m
[2.631s] [ 53%] [32mBuilding C object CMakeFiles/tutorial_interfaces__rosidl_typesupport_introspection_c.dir/rosidl_typesupport_introspection_c/tutorial_interfaces/srv/detail/add_three_ints__type_support.c.o[0m
[2.633s] [ 55%] [32mBuilding C object CMakeFiles/tutorial_interfaces__rosidl_typesupport_introspection_c.dir/rosidl_typesupport_introspection_c/tutorial_interfaces/msg/detail/num__type_support.c.o[0m
[2.633s] [ 57%] [32mBuilding C object CMakeFiles/tutorial_interfaces__rosidl_typesupport_introspection_c.dir/rosidl_typesupport_introspection_c/tutorial_interfaces/msg/detail/sphere__type_support.c.o[0m
[2.675s] [ 59%] [32m[1mLinking C shared library libtutorial_interfaces__rosidl_typesupport_introspection_c.so[0m
[2.705s] [ 59%] Built target tutorial_interfaces__rosidl_typesupport_introspection_c
[2.764s] [ 61%] [32m[1mLinking CXX shared library libtutorial_interfaces__rosidl_typesupport_cpp.so[0m
[2.772s] [ 63%] [32m[1mLinking CXX shared library libtutorial_interfaces__rosidl_typesupport_introspection_cpp.so[0m
[2.803s] [ 63%] Built target tutorial_interfaces__rosidl_typesupport_cpp
[2.828s] [ 63%] Built target tutorial_interfaces__rosidl_typesupport_introspection_cpp
[2.901s] [ 65%] [32m[1mLinking CXX shared library libtutorial_interfaces__rosidl_typesupport_fastrtps_cpp.so[0m
[2.964s] [ 65%] Built target tutorial_interfaces__rosidl_typesupport_fastrtps_cpp
[2.972s] [ 68%] [34m[1mGenerating C type support for eProsima Fast-RTPS[0m
[3.174s] [35m[1mScanning dependencies of target tutorial_interfaces__rosidl_typesupport_fastrtps_c[0m
[3.187s] [ 70%] [32mBuilding CXX object CMakeFiles/tutorial_interfaces__rosidl_typesupport_fastrtps_c.dir/rosidl_typesupport_fastrtps_c/tutorial_interfaces/msg/detail/num__type_support_c.cpp.o[0m
[3.189s] [ 72%] [32mBuilding CXX object CMakeFiles/tutorial_interfaces__rosidl_typesupport_fastrtps_c.dir/rosidl_typesupport_fastrtps_c/tutorial_interfaces/msg/detail/sphere__type_support_c.cpp.o[0m
[3.189s] [ 74%] [32mBuilding CXX object CMakeFiles/tutorial_interfaces__rosidl_typesupport_fastrtps_c.dir/rosidl_typesupport_fastrtps_c/tutorial_interfaces/srv/detail/add_three_ints__type_support_c.cpp.o[0m
[3.452s] [ 76%] [32m[1mLinking CXX shared library libtutorial_interfaces__rosidl_typesupport_fastrtps_c.so[0m
[3.511s] [ 76%] Built target tutorial_interfaces__rosidl_typesupport_fastrtps_c
[3.518s] [35m[1mScanning dependencies of target tutorial_interfaces[0m
[3.525s] [ 76%] Built target tutorial_interfaces
[3.534s] [35m[1mScanning dependencies of target tutorial_interfaces__py[0m
[3.545s] [ 78%] [34m[1mGenerating Python code for ROS interfaces[0m
[3.971s] [ 78%] Built target tutorial_interfaces__py
[3.978s] [35m[1mScanning dependencies of target tutorial_interfaces__python[0m
[4.005s] [ 80%] [32mBuilding C object CMakeFiles/tutorial_interfaces__python.dir/rosidl_generator_py/tutorial_interfaces/msg/_num_s.c.o[0m
[4.006s] [ 82%] [32mBuilding C object CMakeFiles/tutorial_interfaces__python.dir/rosidl_generator_py/tutorial_interfaces/msg/_sphere_s.c.o[0m
[4.006s] [ 85%] [32mBuilding C object CMakeFiles/tutorial_interfaces__python.dir/rosidl_generator_py/tutorial_interfaces/srv/_add_three_ints_s.c.o[0m
[4.086s] [ 87%] [32m[1mLinking C shared library rosidl_generator_py/tutorial_interfaces/libtutorial_interfaces__python.so[0m
[4.116s] [ 87%] Built target tutorial_interfaces__python
[4.126s] [35m[1mScanning dependencies of target tutorial_interfaces__rosidl_typesupport_introspection_c__pyext[0m
[4.127s] [35m[1mScanning dependencies of target tutorial_interfaces__rosidl_typesupport_c__pyext[0m
[4.127s] [35m[1mScanning dependencies of target tutorial_interfaces__rosidl_typesupport_fastrtps_c__pyext[0m
[4.143s] [ 89%] [32mBuilding C object CMakeFiles/tutorial_interfaces__rosidl_typesupport_c__pyext.dir/rosidl_generator_py/tutorial_interfaces/_tutorial_interfaces_s.ep.rosidl_typesupport_c.c.o[0m
[4.143s] [ 91%] [32mBuilding C object CMakeFiles/tutorial_interfaces__rosidl_typesupport_introspection_c__pyext.dir/rosidl_generator_py/tutorial_interfaces/_tutorial_interfaces_s.ep.rosidl_typesupport_introspection_c.c.o[0m
[4.144s] [ 93%] [32mBuilding C object CMakeFiles/tutorial_interfaces__rosidl_typesupport_fastrtps_c__pyext.dir/rosidl_generator_py/tutorial_interfaces/_tutorial_interfaces_s.ep.rosidl_typesupport_fastrtps_c.c.o[0m
[4.214s] [ 97%] [32m[1mLinking C shared library rosidl_generator_py/tutorial_interfaces/tutorial_interfaces_s__rosidl_typesupport_c.cpython-38-x86_64-linux-gnu.so[0m
[4.214s] [ 97%] [32m[1mLinking C shared library rosidl_generator_py/tutorial_interfaces/tutorial_interfaces_s__rosidl_typesupport_introspection_c.cpython-38-x86_64-linux-gnu.so[0m
[4.215s] [100%] [32m[1mLinking CXX shared library rosidl_generator_py/tutorial_interfaces/tutorial_interfaces_s__rosidl_typesupport_fastrtps_c.cpython-38-x86_64-linux-gnu.so[0m
[4.247s] [100%] Built target tutorial_interfaces__rosidl_typesupport_introspection_c__pyext
[4.247s] [100%] Built target tutorial_interfaces__rosidl_typesupport_c__pyext
[4.267s] [100%] Built target tutorial_interfaces__rosidl_typesupport_fastrtps_c__pyext
[4.277s] Invoked command in '/home/can/ros2_ws/build/tutorial_interfaces' returned '0': CMAKE_PREFIX_PATH=${CMAKE_PREFIX_PATH}:/home/can/ros2_ws/install/py_pubsub:/home/can/ros2_ws/install/examples_rclpy_minimal_subscriber:/home/can/ros2_ws/install/examples_rclpy_minimal_service:/home/can/ros2_ws/install/examples_rclpy_minimal_publisher:/home/can/ros2_ws/install/examples_rclpy_minimal_client:/home/can/ros2_ws/install/examples_rclpy_minimal_action_server:/home/can/ros2_ws/install/examples_rclpy_minimal_action_client:/home/can/ros2_ws/install/examples_rclpy_executors:/opt/ros/foxy /usr/bin/cmake --build /home/can/ros2_ws/build/tutorial_interfaces -- -j16 -l16
[4.344s] Invoking command in '/home/can/ros2_ws/build/tutorial_interfaces': CMAKE_PREFIX_PATH=${CMAKE_PREFIX_PATH}:/home/can/ros2_ws/install/py_pubsub:/home/can/ros2_ws/install/examples_rclpy_minimal_subscriber:/home/can/ros2_ws/install/examples_rclpy_minimal_service:/home/can/ros2_ws/install/examples_rclpy_minimal_publisher:/home/can/ros2_ws/install/examples_rclpy_minimal_client:/home/can/ros2_ws/install/examples_rclpy_minimal_action_server:/home/can/ros2_ws/install/examples_rclpy_minimal_action_client:/home/can/ros2_ws/install/examples_rclpy_executors:/opt/ros/foxy /usr/bin/cmake --install /home/can/ros2_ws/build/tutorial_interfaces
[4.350s] -- Install configuration: ""
[4.350s] -- Installing: /home/can/ros2_ws/install/tutorial_interfaces/share/ament_index/resource_index/rosidl_interfaces/tutorial_interfaces
[4.350s] -- Installing: /home/can/ros2_ws/install/tutorial_interfaces/include/tutorial_interfaces
[4.350s] -- Installing: /home/can/ros2_ws/install/tutorial_interfaces/include/tutorial_interfaces/srv
[4.351s] -- Installing: /home/can/ros2_ws/install/tutorial_interfaces/include/tutorial_interfaces/srv/detail
[4.351s] -- Installing: /home/can/ros2_ws/install/tutorial_interfaces/include/tutorial_interfaces/srv/detail/add_three_ints__functions.h
[4.351s] -- Installing: /home/can/ros2_ws/install/tutorial_interfaces/include/tutorial_interfaces/srv/detail/add_three_ints__functions.c
[4.351s] -- Installing: /home/can/ros2_ws/install/tutorial_interfaces/include/tutorial_interfaces/srv/detail/add_three_ints__struct.h
[4.351s] -- Installing: /home/can/ros2_ws/install/tutorial_interfaces/include/tutorial_interfaces/srv/detail/add_three_ints__type_support.h
[4.351s] -- Installing: /home/can/ros2_ws/install/tutorial_interfaces/include/tutorial_interfaces/srv/add_three_ints.h
[4.351s] -- Installing: /home/can/ros2_ws/install/tutorial_interfaces/include/tutorial_interfaces/msg
[4.351s] -- Installing: /home/can/ros2_ws/install/tutorial_interfaces/include/tutorial_interfaces/msg/sphere.h
[4.351s] -- Installing: /home/can/ros2_ws/install/tutorial_interfaces/include/tutorial_interfaces/msg/num.h
[4.351s] -- Installing: /home/can/ros2_ws/install/tutorial_interfaces/include/tutorial_interfaces/msg/detail
[4.351s] -- Installing: /home/can/ros2_ws/install/tutorial_interfaces/include/tutorial_interfaces/msg/detail/num__functions.c
[4.351s] -- Installing: /home/can/ros2_ws/install/tutorial_interfaces/include/tutorial_interfaces/msg/detail/num__struct.h
[4.351s] -- Installing: /home/can/ros2_ws/install/tutorial_interfaces/include/tutorial_interfaces/msg/detail/sphere__type_support.h
[4.351s] -- Installing: /home/can/ros2_ws/install/tutorial_interfaces/include/tutorial_interfaces/msg/detail/num__type_support.h
[4.352s] -- Installing: /home/can/ros2_ws/install/tutorial_interfaces/include/tutorial_interfaces/msg/detail/num__functions.h
[4.352s] -- Installing: /home/can/ros2_ws/install/tutorial_interfaces/include/tutorial_interfaces/msg/detail/sphere__functions.h
[4.352s] -- Installing: /home/can/ros2_ws/install/tutorial_interfaces/include/tutorial_interfaces/msg/detail/sphere__struct.h
[4.352s] -- Installing: /home/can/ros2_ws/install/tutorial_interfaces/include/tutorial_interfaces/msg/detail/sphere__functions.c
[4.352s] -- Installing: /home/can/ros2_ws/install/tutorial_interfaces/include/tutorial_interfaces/msg/rosidl_generator_c__visibility_control.h
[4.352s] -- Installing: /home/can/ros2_ws/install/tutorial_interfaces/share/tutorial_interfaces/environment/library_path.sh
[4.352s] -- Installing: /home/can/ros2_ws/install/tutorial_interfaces/share/tutorial_interfaces/environment/library_path.dsv
[4.352s] -- Installing: /home/can/ros2_ws/install/tutorial_interfaces/lib/libtutorial_interfaces__rosidl_generator_c.so
[4.352s] -- Set runtime path of "/home/can/ros2_ws/install/tutorial_interfaces/lib/libtutorial_interfaces__rosidl_generator_c.so" to ""
[4.352s] -- Up-to-date: /home/can/ros2_ws/install/tutorial_interfaces/include/tutorial_interfaces
[4.352s] -- Up-to-date: /home/can/ros2_ws/install/tutorial_interfaces/include/tutorial_interfaces/srv
[4.352s] -- Up-to-date: /home/can/ros2_ws/install/tutorial_interfaces/include/tutorial_interfaces/srv/detail
[4.352s] -- Installing: /home/can/ros2_ws/install/tutorial_interfaces/include/tutorial_interfaces/srv/detail/add_three_ints__rosidl_typesupport_fastrtps_c.h
[4.352s] -- Up-to-date: /home/can/ros2_ws/install/tutorial_interfaces/include/tutorial_interfaces/msg
[4.352s] -- Up-to-date: /home/can/ros2_ws/install/tutorial_interfaces/include/tutorial_interfaces/msg/detail
[4.352s] -- Installing: /home/can/ros2_ws/install/tutorial_interfaces/include/tutorial_interfaces/msg/detail/sphere__rosidl_typesupport_fastrtps_c.h
[4.352s] -- Installing: /home/can/ros2_ws/install/tutorial_interfaces/include/tutorial_interfaces/msg/detail/num__rosidl_typesupport_fastrtps_c.h
[4.352s] -- Installing: /home/can/ros2_ws/install/tutorial_interfaces/include/tutorial_interfaces/msg/rosidl_typesupport_fastrtps_c__visibility_control.h
[4.352s] -- Installing: /home/can/ros2_ws/install/tutorial_interfaces/lib/libtutorial_interfaces__rosidl_typesupport_fastrtps_c.so
[4.352s] -- Set runtime path of "/home/can/ros2_ws/install/tutorial_interfaces/lib/libtutorial_interfaces__rosidl_typesupport_fastrtps_c.so" to ""
[4.353s] -- Up-to-date: /home/can/ros2_ws/install/tutorial_interfaces/include/tutorial_interfaces
[4.353s] -- Up-to-date: /home/can/ros2_ws/install/tutorial_interfaces/include/tutorial_interfaces/srv
[4.353s] -- Up-to-date: /home/can/ros2_ws/install/tutorial_interfaces/include/tutorial_interfaces/srv/detail
[4.353s] -- Installing: /home/can/ros2_ws/install/tutorial_interfaces/include/tutorial_interfaces/srv/detail/dds_fastrtps
[4.353s] -- Installing: /home/can/ros2_ws/install/tutorial_interfaces/include/tutorial_interfaces/srv/detail/add_three_ints__rosidl_typesupport_fastrtps_cpp.hpp
[4.353s] -- Up-to-date: /home/can/ros2_ws/install/tutorial_interfaces/include/tutorial_interfaces/msg
[4.353s] -- Installing: /home/can/ros2_ws/install/tutorial_interfaces/include/tutorial_interfaces/msg/rosidl_typesupport_fastrtps_cpp__visibility_control.h
[4.353s] -- Up-to-date: /home/can/ros2_ws/install/tutorial_interfaces/include/tutorial_interfaces/msg/detail
[4.353s] -- Installing: /home/can/ros2_ws/install/tutorial_interfaces/include/tutorial_interfaces/msg/detail/dds_fastrtps
[4.353s] -- Installing: /home/can/ros2_ws/install/tutorial_interfaces/include/tutorial_interfaces/msg/detail/num__rosidl_typesupport_fastrtps_cpp.hpp
[4.353s] -- Installing: /home/can/ros2_ws/install/tutorial_interfaces/include/tutorial_interfaces/msg/detail/sphere__rosidl_typesupport_fastrtps_cpp.hpp
[4.353s] -- Installing: /home/can/ros2_ws/install/tutorial_interfaces/lib/libtutorial_interfaces__rosidl_typesupport_fastrtps_cpp.so
[4.353s] -- Set runtime path of "/home/can/ros2_ws/install/tutorial_interfaces/lib/libtutorial_interfaces__rosidl_typesupport_fastrtps_cpp.so" to ""
[4.353s] -- Up-to-date: /home/can/ros2_ws/install/tutorial_interfaces/include/tutorial_interfaces
[4.353s] -- Up-to-date: /home/can/ros2_ws/install/tutorial_interfaces/include/tutorial_interfaces/srv
[4.353s] -- Up-to-date: /home/can/ros2_ws/install/tutorial_interfaces/include/tutorial_interfaces/srv/detail
[4.353s] -- Installing: /home/can/ros2_ws/install/tutorial_interfaces/include/tutorial_interfaces/srv/detail/add_three_ints__type_support.c
[4.353s] -- Installing: /home/can/ros2_ws/install/tutorial_interfaces/include/tutorial_interfaces/srv/detail/add_three_ints__rosidl_typesupport_introspection_c.h
[4.353s] -- Up-to-date: /home/can/ros2_ws/install/tutorial_interfaces/include/tutorial_interfaces/msg
[4.354s] -- Installing: /home/can/ros2_ws/install/tutorial_interfaces/include/tutorial_interfaces/msg/rosidl_typesupport_introspection_c__visibility_control.h
[4.354s] -- Up-to-date: /home/can/ros2_ws/install/tutorial_interfaces/include/tutorial_interfaces/msg/detail
[4.354s] -- Installing: /home/can/ros2_ws/install/tutorial_interfaces/include/tutorial_interfaces/msg/detail/sphere__type_support.c
[4.354s] -- Installing: /home/can/ros2_ws/install/tutorial_interfaces/include/tutorial_interfaces/msg/detail/num__rosidl_typesupport_introspection_c.h
[4.354s] -- Installing: /home/can/ros2_ws/install/tutorial_interfaces/include/tutorial_interfaces/msg/detail/num__type_support.c
[4.354s] -- Installing: /home/can/ros2_ws/install/tutorial_interfaces/include/tutorial_interfaces/msg/detail/sphere__rosidl_typesupport_introspection_c.h
[4.354s] -- Installing: /home/can/ros2_ws/install/tutorial_interfaces/lib/libtutorial_interfaces__rosidl_typesupport_introspection_c.so
[4.354s] -- Set runtime path of "/home/can/ros2_ws/install/tutorial_interfaces/lib/libtutorial_interfaces__rosidl_typesupport_introspection_c.so" to ""
[4.354s] -- Installing: /home/can/ros2_ws/install/tutorial_interfaces/lib/libtutorial_interfaces__rosidl_typesupport_c.so
[4.354s] -- Set runtime path of "/home/can/ros2_ws/install/tutorial_interfaces/lib/libtutorial_interfaces__rosidl_typesupport_c.so" to ""
[4.354s] -- Up-to-date: /home/can/ros2_ws/install/tutorial_interfaces/include/tutorial_interfaces
[4.354s] -- Up-to-date: /home/can/ros2_ws/install/tutorial_interfaces/include/tutorial_interfaces/srv
[4.354s] -- Installing: /home/can/ros2_ws/install/tutorial_interfaces/include/tutorial_interfaces/srv/add_three_ints.hpp
[4.354s] -- Up-to-date: /home/can/ros2_ws/install/tutorial_interfaces/include/tutorial_interfaces/srv/detail
[4.354s] -- Installing: /home/can/ros2_ws/install/tutorial_interfaces/include/tutorial_interfaces/srv/detail/add_three_ints__type_support.hpp
[4.354s] -- Installing: /home/can/ros2_ws/install/tutorial_interfaces/include/tutorial_interfaces/srv/detail/add_three_ints__struct.hpp
[4.354s] -- Installing: /home/can/ros2_ws/install/tutorial_interfaces/include/tutorial_interfaces/srv/detail/add_three_ints__traits.hpp
[4.354s] -- Installing: /home/can/ros2_ws/install/tutorial_interfaces/include/tutorial_interfaces/srv/detail/add_three_ints__builder.hpp
[4.354s] -- Up-to-date: /home/can/ros2_ws/install/tutorial_interfaces/include/tutorial_interfaces/msg
[4.355s] -- Installing: /home/can/ros2_ws/install/tutorial_interfaces/include/tutorial_interfaces/msg/num.hpp
[4.355s] -- Up-to-date: /home/can/ros2_ws/install/tutorial_interfaces/include/tutorial_interfaces/msg/detail
[4.355s] -- Installing: /home/can/ros2_ws/install/tutorial_interfaces/include/tutorial_interfaces/msg/detail/num__traits.hpp
[4.355s] -- Installing: /home/can/ros2_ws/install/tutorial_interfaces/include/tutorial_interfaces/msg/detail/sphere__traits.hpp
[4.355s] -- Installing: /home/can/ros2_ws/install/tutorial_interfaces/include/tutorial_interfaces/msg/detail/num__type_support.hpp
[4.355s] -- Installing: /home/can/ros2_ws/install/tutorial_interfaces/include/tutorial_interfaces/msg/detail/sphere__builder.hpp
[4.355s] -- Installing: /home/can/ros2_ws/install/tutorial_interfaces/include/tutorial_interfaces/msg/detail/sphere__struct.hpp
[4.355s] -- Installing: /home/can/ros2_ws/install/tutorial_interfaces/include/tutorial_interfaces/msg/detail/num__struct.hpp
[4.355s] -- Installing: /home/can/ros2_ws/install/tutorial_interfaces/include/tutorial_interfaces/msg/detail/num__builder.hpp
[4.355s] -- Installing: /home/can/ros2_ws/install/tutorial_interfaces/include/tutorial_interfaces/msg/detail/sphere__type_support.hpp
[4.355s] -- Installing: /home/can/ros2_ws/install/tutorial_interfaces/include/tutorial_interfaces/msg/sphere.hpp
[4.355s] -- Installing: /home/can/ros2_ws/install/tutorial_interfaces/include/tutorial_interfaces/msg/rosidl_generator_cpp__visibility_control.hpp
[4.355s] -- Up-to-date: /home/can/ros2_ws/install/tutorial_interfaces/include/tutorial_interfaces
[4.355s] -- Up-to-date: /home/can/ros2_ws/install/tutorial_interfaces/include/tutorial_interfaces/srv
[4.355s] -- Up-to-date: /home/can/ros2_ws/install/tutorial_interfaces/include/tutorial_interfaces/srv/detail
[4.355s] -- Installing: /home/can/ros2_ws/install/tutorial_interfaces/include/tutorial_interfaces/srv/detail/add_three_ints__rosidl_typesupport_introspection_cpp.hpp
[4.355s] -- Installing: /home/can/ros2_ws/install/tutorial_interfaces/include/tutorial_interfaces/srv/detail/add_three_ints__type_support.cpp
[4.355s] -- Up-to-date: /home/can/ros2_ws/install/tutorial_interfaces/include/tutorial_interfaces/msg
[4.355s] -- Up-to-date: /home/can/ros2_ws/install/tutorial_interfaces/include/tutorial_interfaces/msg/detail
[4.355s] -- Installing: /home/can/ros2_ws/install/tutorial_interfaces/include/tutorial_interfaces/msg/detail/num__type_support.cpp
[4.355s] -- Installing: /home/can/ros2_ws/install/tutorial_interfaces/include/tutorial_interfaces/msg/detail/sphere__type_support.cpp
[4.356s] -- Installing: /home/can/ros2_ws/install/tutorial_interfaces/include/tutorial_interfaces/msg/detail/num__rosidl_typesupport_introspection_cpp.hpp
[4.356s] -- Installing: /home/can/ros2_ws/install/tutorial_interfaces/include/tutorial_interfaces/msg/detail/sphere__rosidl_typesupport_introspection_cpp.hpp
[4.356s] -- Installing: /home/can/ros2_ws/install/tutorial_interfaces/lib/libtutorial_interfaces__rosidl_typesupport_introspection_cpp.so
[4.356s] -- Set runtime path of "/home/can/ros2_ws/install/tutorial_interfaces/lib/libtutorial_interfaces__rosidl_typesupport_introspection_cpp.so" to ""
[4.356s] -- Installing: /home/can/ros2_ws/install/tutorial_interfaces/lib/libtutorial_interfaces__rosidl_typesupport_cpp.so
[4.356s] -- Set runtime path of "/home/can/ros2_ws/install/tutorial_interfaces/lib/libtutorial_interfaces__rosidl_typesupport_cpp.so" to ""
[4.356s] -- Installing: /home/can/ros2_ws/install/tutorial_interfaces/share/tutorial_interfaces/environment/pythonpath.sh
[4.356s] -- Installing: /home/can/ros2_ws/install/tutorial_interfaces/share/tutorial_interfaces/environment/pythonpath.dsv
[4.356s] -- Installing: /home/can/ros2_ws/install/tutorial_interfaces/lib/python3.8/site-packages/tutorial_interfaces/__init__.py
[4.380s] Compiling '/home/can/ros2_ws/install/tutorial_interfaces/lib/python3.8/site-packages/tutorial_interfaces/__init__.py'...
[4.382s] -- Installing: /home/can/ros2_ws/install/tutorial_interfaces/lib/python3.8/site-packages/tutorial_interfaces/msg
[4.382s] -- Installing: /home/can/ros2_ws/install/tutorial_interfaces/lib/python3.8/site-packages/tutorial_interfaces/msg/_num.py
[4.383s] -- Installing: /home/can/ros2_ws/install/tutorial_interfaces/lib/python3.8/site-packages/tutorial_interfaces/msg/__init__.py
[4.383s] -- Installing: /home/can/ros2_ws/install/tutorial_interfaces/lib/python3.8/site-packages/tutorial_interfaces/msg/_sphere_s.c
[4.383s] -- Installing: /home/can/ros2_ws/install/tutorial_interfaces/lib/python3.8/site-packages/tutorial_interfaces/msg/_num_s.c
[4.383s] -- Installing: /home/can/ros2_ws/install/tutorial_interfaces/lib/python3.8/site-packages/tutorial_interfaces/msg/_sphere.py
[4.383s] -- Installing: /home/can/ros2_ws/install/tutorial_interfaces/lib/python3.8/site-packages/tutorial_interfaces/srv
[4.383s] -- Installing: /home/can/ros2_ws/install/tutorial_interfaces/lib/python3.8/site-packages/tutorial_interfaces/srv/_add_three_ints_s.c
[4.383s] -- Installing: /home/can/ros2_ws/install/tutorial_interfaces/lib/python3.8/site-packages/tutorial_interfaces/srv/__init__.py
[4.383s] -- Installing: /home/can/ros2_ws/install/tutorial_interfaces/lib/python3.8/site-packages/tutorial_interfaces/srv/_add_three_ints.py
[4.384s] -- Installing: /home/can/ros2_ws/install/tutorial_interfaces/lib/python3.8/site-packages/tutorial_interfaces/tutorial_interfaces_s__rosidl_typesupport_fastrtps_c.cpython-38-x86_64-linux-gnu.so
[4.384s] -- Set runtime path of "/home/can/ros2_ws/install/tutorial_interfaces/lib/python3.8/site-packages/tutorial_interfaces/tutorial_interfaces_s__rosidl_typesupport_fastrtps_c.cpython-38-x86_64-linux-gnu.so" to ""
[4.384s] -- Installing: /home/can/ros2_ws/install/tutorial_interfaces/lib/python3.8/site-packages/tutorial_interfaces/tutorial_interfaces_s__rosidl_typesupport_introspection_c.cpython-38-x86_64-linux-gnu.so
[4.385s] -- Set runtime path of "/home/can/ros2_ws/install/tutorial_interfaces/lib/python3.8/site-packages/tutorial_interfaces/tutorial_interfaces_s__rosidl_typesupport_introspection_c.cpython-38-x86_64-linux-gnu.so" to ""
[4.385s] -- Installing: /home/can/ros2_ws/install/tutorial_interfaces/lib/python3.8/site-packages/tutorial_interfaces/tutorial_interfaces_s__rosidl_typesupport_c.cpython-38-x86_64-linux-gnu.so
[4.385s] -- Set runtime path of "/home/can/ros2_ws/install/tutorial_interfaces/lib/python3.8/site-packages/tutorial_interfaces/tutorial_interfaces_s__rosidl_typesupport_c.cpython-38-x86_64-linux-gnu.so" to ""
[4.385s] -- Installing: /home/can/ros2_ws/install/tutorial_interfaces/lib/libtutorial_interfaces__python.so
[4.385s] -- Set runtime path of "/home/can/ros2_ws/install/tutorial_interfaces/lib/libtutorial_interfaces__python.so" to ""
[4.385s] -- Installing: /home/can/ros2_ws/install/tutorial_interfaces/share/tutorial_interfaces/msg/Num.idl
[4.385s] -- Installing: /home/can/ros2_ws/install/tutorial_interfaces/share/tutorial_interfaces/msg/Sphere.idl
[4.385s] -- Installing: /home/can/ros2_ws/install/tutorial_interfaces/share/tutorial_interfaces/srv/AddThreeInts.idl
[4.386s] -- Installing: /home/can/ros2_ws/install/tutorial_interfaces/share/tutorial_interfaces/msg/Num.msg
[4.386s] -- Installing: /home/can/ros2_ws/install/tutorial_interfaces/share/tutorial_interfaces/msg/Sphere.msg
[4.386s] -- Installing: /home/can/ros2_ws/install/tutorial_interfaces/share/tutorial_interfaces/srv/AddThreeInts.srv
[4.386s] -- Installing: /home/can/ros2_ws/install/tutorial_interfaces/share/tutorial_interfaces/srv/AddThreeInts_Request.msg
[4.386s] -- Installing: /home/can/ros2_ws/install/tutorial_interfaces/share/tutorial_interfaces/srv/AddThreeInts_Response.msg
[4.386s] -- Installing: /home/can/ros2_ws/install/tutorial_interfaces/share/ament_index/resource_index/package_run_dependencies/tutorial_interfaces
[4.386s] -- Installing: /home/can/ros2_ws/install/tutorial_interfaces/share/ament_index/resource_index/parent_prefix_path/tutorial_interfaces
[4.386s] -- Installing: /home/can/ros2_ws/install/tutorial_interfaces/share/tutorial_interfaces/environment/ament_prefix_path.sh
[4.386s] -- Installing: /home/can/ros2_ws/install/tutorial_interfaces/share/tutorial_interfaces/environment/ament_prefix_path.dsv
[4.386s] -- Installing: /home/can/ros2_ws/install/tutorial_interfaces/share/tutorial_interfaces/environment/path.sh
[4.386s] -- Installing: /home/can/ros2_ws/install/tutorial_interfaces/share/tutorial_interfaces/environment/path.dsv
[4.386s] -- Installing: /home/can/ros2_ws/install/tutorial_interfaces/share/tutorial_interfaces/local_setup.bash
[4.386s] -- Installing: /home/can/ros2_ws/install/tutorial_interfaces/share/tutorial_interfaces/local_setup.sh
[4.387s] -- Installing: /home/can/ros2_ws/install/tutorial_interfaces/share/tutorial_interfaces/local_setup.zsh
[4.387s] -- Installing: /home/can/ros2_ws/install/tutorial_interfaces/share/tutorial_interfaces/local_setup.dsv
[4.387s] -- Installing: /home/can/ros2_ws/install/tutorial_interfaces/share/tutorial_interfaces/package.dsv
[4.387s] -- Installing: /home/can/ros2_ws/install/tutorial_interfaces/share/ament_index/resource_index/packages/tutorial_interfaces
[4.387s] -- Installing: /home/can/ros2_ws/install/tutorial_interfaces/share/tutorial_interfaces/cmake/tutorial_interfaces__rosidl_generator_cExport.cmake
[4.387s] -- Installing: /home/can/ros2_ws/install/tutorial_interfaces/share/tutorial_interfaces/cmake/tutorial_interfaces__rosidl_generator_cExport-noconfig.cmake
[4.387s] -- Installing: /home/can/ros2_ws/install/tutorial_interfaces/share/tutorial_interfaces/cmake/tutorial_interfaces__rosidl_typesupport_introspection_cExport.cmake
[4.387s] -- Installing: /home/can/ros2_ws/install/tutorial_interfaces/share/tutorial_interfaces/cmake/tutorial_interfaces__rosidl_typesupport_introspection_cExport-noconfig.cmake
[4.387s] -- Installing: /home/can/ros2_ws/install/tutorial_interfaces/share/tutorial_interfaces/cmake/tutorial_interfaces__rosidl_typesupport_cExport.cmake
[4.387s] -- Installing: /home/can/ros2_ws/install/tutorial_interfaces/share/tutorial_interfaces/cmake/tutorial_interfaces__rosidl_typesupport_cExport-noconfig.cmake
[4.388s] -- Installing: /home/can/ros2_ws/install/tutorial_interfaces/share/tutorial_interfaces/cmake/tutorial_interfaces__rosidl_generator_cppExport.cmake
[4.388s] -- Installing: /home/can/ros2_ws/install/tutorial_interfaces/share/tutorial_interfaces/cmake/tutorial_interfaces__rosidl_typesupport_introspection_cppExport.cmake
[4.388s] -- Installing: /home/can/ros2_ws/install/tutorial_interfaces/share/tutorial_interfaces/cmake/tutorial_interfaces__rosidl_typesupport_introspection_cppExport-noconfig.cmake
[4.388s] -- Installing: /home/can/ros2_ws/install/tutorial_interfaces/share/tutorial_interfaces/cmake/tutorial_interfaces__rosidl_typesupport_cppExport.cmake
[4.388s] -- Installing: /home/can/ros2_ws/install/tutorial_interfaces/share/tutorial_interfaces/cmake/tutorial_interfaces__rosidl_typesupport_cppExport-noconfig.cmake
[4.388s] -- Installing: /home/can/ros2_ws/install/tutorial_interfaces/share/tutorial_interfaces/cmake/rosidl_cmake-extras.cmake
[4.388s] -- Installing: /home/can/ros2_ws/install/tutorial_interfaces/share/tutorial_interfaces/cmake/ament_cmake_export_dependencies-extras.cmake
[4.388s] -- Installing: /home/can/ros2_ws/install/tutorial_interfaces/share/tutorial_interfaces/cmake/ament_cmake_export_libraries-extras.cmake
[4.388s] -- Installing: /home/can/ros2_ws/install/tutorial_interfaces/share/tutorial_interfaces/cmake/ament_cmake_export_targets-extras.cmake
[4.388s] -- Installing: /home/can/ros2_ws/install/tutorial_interfaces/share/tutorial_interfaces/cmake/ament_cmake_export_include_directories-extras.cmake
[4.388s] -- Installing: /home/can/ros2_ws/install/tutorial_interfaces/share/tutorial_interfaces/cmake/rosidl_cmake_export_typesupport_libraries-extras.cmake
[4.389s] -- Installing: /home/can/ros2_ws/install/tutorial_interfaces/share/tutorial_interfaces/cmake/rosidl_cmake_export_typesupport_targets-extras.cmake
[4.389s] -- Installing: /home/can/ros2_ws/install/tutorial_interfaces/share/tutorial_interfaces/cmake/tutorial_interfacesConfig.cmake
[4.389s] -- Installing: /home/can/ros2_ws/install/tutorial_interfaces/share/tutorial_interfaces/cmake/tutorial_interfacesConfig-version.cmake
[4.389s] -- Installing: /home/can/ros2_ws/install/tutorial_interfaces/share/tutorial_interfaces/package.xml
[4.391s] Invoked command in '/home/can/ros2_ws/build/tutorial_interfaces' returned '0': CMAKE_PREFIX_PATH=${CMAKE_PREFIX_PATH}:/home/can/ros2_ws/install/py_pubsub:/home/can/ros2_ws/install/examples_rclpy_minimal_subscriber:/home/can/ros2_ws/install/examples_rclpy_minimal_service:/home/can/ros2_ws/install/examples_rclpy_minimal_publisher:/home/can/ros2_ws/install/examples_rclpy_minimal_client:/home/can/ros2_ws/install/examples_rclpy_minimal_action_server:/home/can/ros2_ws/install/examples_rclpy_minimal_action_client:/home/can/ros2_ws/install/examples_rclpy_executors:/opt/ros/foxy /usr/bin/cmake --install /home/can/ros2_ws/build/tutorial_interfaces
