[4.222s] Invoking command in '/home/can/ros2_ws/build/examples_rclpy_minimal_action_client': PYTHONPATH=/home/can/ros2_ws/build/examples_rclpy_minimal_action_client/prefix_override:/home/can/ros2_ws/install/examples_rclpy_minimal_action_client/lib/python3.8/site-packages:${PYTHONPATH} /usr/bin/python3 setup.py develop --editable --build-directory /home/can/ros2_ws/build/examples_rclpy_minimal_action_client/build --no-deps install_data
[6.158s] running develop
[6.159s] running egg_info
[6.159s] creating examples_rclpy_minimal_action_client.egg-info
[6.160s] writing examples_rclpy_minimal_action_client.egg-info/PKG-INFO
[6.160s] writing dependency_links to examples_rclpy_minimal_action_client.egg-info/dependency_links.txt
[6.160s] writing entry points to examples_rclpy_minimal_action_client.egg-info/entry_points.txt
[6.161s] writing requirements to examples_rclpy_minimal_action_client.egg-info/requires.txt
[6.161s] writing top-level names to examples_rclpy_minimal_action_client.egg-info/top_level.txt
[6.161s] writing manifest file 'examples_rclpy_minimal_action_client.egg-info/SOURCES.txt'
[6.161s] reading manifest file 'examples_rclpy_minimal_action_client.egg-info/SOURCES.txt'
[6.161s] writing manifest file 'examples_rclpy_minimal_action_client.egg-info/SOURCES.txt'
[6.162s] running build_ext
[6.162s] Creating /home/can/ros2_ws/install/examples_rclpy_minimal_action_client/lib/python3.8/site-packages/site.py
[6.162s] Creating /home/can/ros2_ws/install/examples_rclpy_minimal_action_client/lib/python3.8/site-packages/examples-rclpy-minimal-action-client.egg-link (link to .)
[6.162s] Installing client script to /home/can/ros2_ws/install/examples_rclpy_minimal_action_client/lib/examples_rclpy_minimal_action_client
[6.162s] Installing client_cancel script to /home/can/ros2_ws/install/examples_rclpy_minimal_action_client/lib/examples_rclpy_minimal_action_client
[6.162s] Installing client_not_composable script to /home/can/ros2_ws/install/examples_rclpy_minimal_action_client/lib/examples_rclpy_minimal_action_client
[6.163s] 
[6.163s] Installed /home/can/ros2_ws/build/examples_rclpy_minimal_action_client
[6.163s] running install_data
[6.163s] creating /home/can/ros2_ws/install/examples_rclpy_minimal_action_client/share/ament_index
[6.163s] creating /home/can/ros2_ws/install/examples_rclpy_minimal_action_client/share/ament_index/resource_index
[6.163s] creating /home/can/ros2_ws/install/examples_rclpy_minimal_action_client/share/ament_index/resource_index/packages
[6.164s] copying resource/examples_rclpy_minimal_action_client -> /home/can/ros2_ws/install/examples_rclpy_minimal_action_client/share/ament_index/resource_index/packages
[6.164s] copying package.xml -> /home/can/ros2_ws/install/examples_rclpy_minimal_action_client/share/examples_rclpy_minimal_action_client
[7.552s] Invoked command in '/home/can/ros2_ws/build/examples_rclpy_minimal_action_client' returned '0': PYTHONPATH=/home/can/ros2_ws/build/examples_rclpy_minimal_action_client/prefix_override:/home/can/ros2_ws/install/examples_rclpy_minimal_action_client/lib/python3.8/site-packages:${PYTHONPATH} /usr/bin/python3 setup.py develop --editable --build-directory /home/can/ros2_ws/build/examples_rclpy_minimal_action_client/build --no-deps install_data
