[3.486s] Invoking command in '/home/can/ros2_ws/build/examples_rclpy_minimal_client': PYTHONPATH=/home/can/ros2_ws/build/examples_rclpy_minimal_client/prefix_override:/home/can/ros2_ws/install/examples_rclpy_minimal_client/lib/python3.8/site-packages:${PYTHONPATH} /usr/bin/python3 setup.py develop --uninstall --editable --build-directory /home/can/ros2_ws/build/examples_rclpy_minimal_client/build
[3.920s] running develop
[3.920s] Removing /home/can/ros2_ws/install/examples_rclpy_minimal_client/lib/python3.8/site-packages/examples-rclpy-minimal-client.egg-link (link to .)
[4.504s] Invoked command in '/home/can/ros2_ws/build/examples_rclpy_minimal_client' returned '0': PYTHONPATH=/home/can/ros2_ws/build/examples_rclpy_minimal_client/prefix_override:/home/can/ros2_ws/install/examples_rclpy_minimal_client/lib/python3.8/site-packages:${PYTHONPATH} /usr/bin/python3 setup.py develop --uninstall --editable --build-directory /home/can/ros2_ws/build/examples_rclpy_minimal_client/build
[4.507s] Invoking command in '/home/can/ros2_ws/src/examples/rclpy/services/minimal_client': PYTHONPATH=/home/can/ros2_ws/build/examples_rclpy_minimal_client/prefix_override:/home/can/ros2_ws/install/examples_rclpy_minimal_client/lib/python3.8/site-packages:${PYTHONPATH} /usr/bin/python3 setup.py egg_info --egg-base ../../../../../build/examples_rclpy_minimal_client build --build-base /home/can/ros2_ws/build/examples_rclpy_minimal_client/build install --record /home/can/ros2_ws/build/examples_rclpy_minimal_client/install.log --install-scripts $base/lib/examples_rclpy_minimal_client --single-version-externally-managed
[4.717s] running egg_info
[4.718s] writing ../../../../../build/examples_rclpy_minimal_client/examples_rclpy_minimal_client.egg-info/PKG-INFO
[4.718s] writing dependency_links to ../../../../../build/examples_rclpy_minimal_client/examples_rclpy_minimal_client.egg-info/dependency_links.txt
[4.718s] writing entry points to ../../../../../build/examples_rclpy_minimal_client/examples_rclpy_minimal_client.egg-info/entry_points.txt
[4.718s] writing requirements to ../../../../../build/examples_rclpy_minimal_client/examples_rclpy_minimal_client.egg-info/requires.txt
[4.718s] writing top-level names to ../../../../../build/examples_rclpy_minimal_client/examples_rclpy_minimal_client.egg-info/top_level.txt
[4.756s] reading manifest file '../../../../../build/examples_rclpy_minimal_client/examples_rclpy_minimal_client.egg-info/SOURCES.txt'
[4.757s] writing manifest file '../../../../../build/examples_rclpy_minimal_client/examples_rclpy_minimal_client.egg-info/SOURCES.txt'
[4.757s] running build
[4.757s] running build_py
[4.757s] creating /home/can/ros2_ws/build/examples_rclpy_minimal_client/build
[4.757s] creating /home/can/ros2_ws/build/examples_rclpy_minimal_client/build/lib
[4.758s] creating /home/can/ros2_ws/build/examples_rclpy_minimal_client/build/lib/examples_rclpy_minimal_client
[4.758s] copying examples_rclpy_minimal_client/client_async_member_function.py -> /home/can/ros2_ws/build/examples_rclpy_minimal_client/build/lib/examples_rclpy_minimal_client
[4.758s] copying examples_rclpy_minimal_client/__init__.py -> /home/can/ros2_ws/build/examples_rclpy_minimal_client/build/lib/examples_rclpy_minimal_client
[4.758s] copying examples_rclpy_minimal_client/client_async.py -> /home/can/ros2_ws/build/examples_rclpy_minimal_client/build/lib/examples_rclpy_minimal_client
[4.758s] copying examples_rclpy_minimal_client/client.py -> /home/can/ros2_ws/build/examples_rclpy_minimal_client/build/lib/examples_rclpy_minimal_client
[4.758s] copying examples_rclpy_minimal_client/client_async_callback.py -> /home/can/ros2_ws/build/examples_rclpy_minimal_client/build/lib/examples_rclpy_minimal_client
[4.758s] running install
[4.758s] running install_lib
[4.760s] creating /home/can/ros2_ws/install/examples_rclpy_minimal_client/lib/python3.8/site-packages/examples_rclpy_minimal_client
[4.760s] copying /home/can/ros2_ws/build/examples_rclpy_minimal_client/build/lib/examples_rclpy_minimal_client/client_async_member_function.py -> /home/can/ros2_ws/install/examples_rclpy_minimal_client/lib/python3.8/site-packages/examples_rclpy_minimal_client
[4.760s] copying /home/can/ros2_ws/build/examples_rclpy_minimal_client/build/lib/examples_rclpy_minimal_client/__init__.py -> /home/can/ros2_ws/install/examples_rclpy_minimal_client/lib/python3.8/site-packages/examples_rclpy_minimal_client
[4.760s] copying /home/can/ros2_ws/build/examples_rclpy_minimal_client/build/lib/examples_rclpy_minimal_client/client_async.py -> /home/can/ros2_ws/install/examples_rclpy_minimal_client/lib/python3.8/site-packages/examples_rclpy_minimal_client
[4.761s] copying /home/can/ros2_ws/build/examples_rclpy_minimal_client/build/lib/examples_rclpy_minimal_client/client.py -> /home/can/ros2_ws/install/examples_rclpy_minimal_client/lib/python3.8/site-packages/examples_rclpy_minimal_client
[4.761s] copying /home/can/ros2_ws/build/examples_rclpy_minimal_client/build/lib/examples_rclpy_minimal_client/client_async_callback.py -> /home/can/ros2_ws/install/examples_rclpy_minimal_client/lib/python3.8/site-packages/examples_rclpy_minimal_client
[4.761s] byte-compiling /home/can/ros2_ws/install/examples_rclpy_minimal_client/lib/python3.8/site-packages/examples_rclpy_minimal_client/client_async_member_function.py to client_async_member_function.cpython-38.pyc
[4.763s] byte-compiling /home/can/ros2_ws/install/examples_rclpy_minimal_client/lib/python3.8/site-packages/examples_rclpy_minimal_client/__init__.py to __init__.cpython-38.pyc
[4.764s] byte-compiling /home/can/ros2_ws/install/examples_rclpy_minimal_client/lib/python3.8/site-packages/examples_rclpy_minimal_client/client_async.py to client_async.cpython-38.pyc
[4.764s] byte-compiling /home/can/ros2_ws/install/examples_rclpy_minimal_client/lib/python3.8/site-packages/examples_rclpy_minimal_client/client.py to client.cpython-38.pyc
[4.764s] byte-compiling /home/can/ros2_ws/install/examples_rclpy_minimal_client/lib/python3.8/site-packages/examples_rclpy_minimal_client/client_async_callback.py to client_async_callback.cpython-38.pyc
[4.764s] running install_data
[4.765s] running install_egg_info
[4.765s] Copying ../../../../../build/examples_rclpy_minimal_client/examples_rclpy_minimal_client.egg-info to /home/can/ros2_ws/install/examples_rclpy_minimal_client/lib/python3.8/site-packages/examples_rclpy_minimal_client-0.9.4-py3.8.egg-info
[4.766s] running install_scripts
[4.788s] Installing client script to /home/can/ros2_ws/install/examples_rclpy_minimal_client/lib/examples_rclpy_minimal_client
[4.788s] Installing client_async script to /home/can/ros2_ws/install/examples_rclpy_minimal_client/lib/examples_rclpy_minimal_client
[4.788s] Installing client_async_callback script to /home/can/ros2_ws/install/examples_rclpy_minimal_client/lib/examples_rclpy_minimal_client
[4.788s] Installing client_async_member_function script to /home/can/ros2_ws/install/examples_rclpy_minimal_client/lib/examples_rclpy_minimal_client
[4.788s] writing list of installed files to '/home/can/ros2_ws/build/examples_rclpy_minimal_client/install.log'
[5.162s] Invoked command in '/home/can/ros2_ws/src/examples/rclpy/services/minimal_client' returned '0': PYTHONPATH=/home/can/ros2_ws/build/examples_rclpy_minimal_client/prefix_override:/home/can/ros2_ws/install/examples_rclpy_minimal_client/lib/python3.8/site-packages:${PYTHONPATH} /usr/bin/python3 setup.py egg_info --egg-base ../../../../../build/examples_rclpy_minimal_client build --build-base /home/can/ros2_ws/build/examples_rclpy_minimal_client/build install --record /home/can/ros2_ws/build/examples_rclpy_minimal_client/install.log --install-scripts $base/lib/examples_rclpy_minimal_client --single-version-externally-managed
