[2.718s] Invoking command in '/home/can/ros2_ws/src/examples/rclpy/services/minimal_service': PYTHONPATH=/home/can/ros2_ws/build/examples_rclpy_minimal_service/prefix_override:/home/can/ros2_ws/install/examples_rclpy_minimal_service/lib/python3.8/site-packages:${PYTHONPATH} /usr/bin/python3 setup.py egg_info --egg-base ../../../../../build/examples_rclpy_minimal_service build --build-base /home/can/ros2_ws/build/examples_rclpy_minimal_service/build install --record /home/can/ros2_ws/build/examples_rclpy_minimal_service/install.log --install-scripts $base/lib/examples_rclpy_minimal_service --single-version-externally-managed
[3.146s] running egg_info
[3.146s] writing ../../../../../build/examples_rclpy_minimal_service/examples_rclpy_minimal_service.egg-info/PKG-INFO
[3.146s] writing dependency_links to ../../../../../build/examples_rclpy_minimal_service/examples_rclpy_minimal_service.egg-info/dependency_links.txt
[3.146s] writing entry points to ../../../../../build/examples_rclpy_minimal_service/examples_rclpy_minimal_service.egg-info/entry_points.txt
[3.146s] writing requirements to ../../../../../build/examples_rclpy_minimal_service/examples_rclpy_minimal_service.egg-info/requires.txt
[3.146s] writing top-level names to ../../../../../build/examples_rclpy_minimal_service/examples_rclpy_minimal_service.egg-info/top_level.txt
[3.146s] reading manifest file '../../../../../build/examples_rclpy_minimal_service/examples_rclpy_minimal_service.egg-info/SOURCES.txt'
[3.146s] writing manifest file '../../../../../build/examples_rclpy_minimal_service/examples_rclpy_minimal_service.egg-info/SOURCES.txt'
[3.146s] running build
[3.146s] running build_py
[3.147s] running install
[3.147s] running install_lib
[3.147s] running install_data
[3.147s] running install_egg_info
[3.147s] removing '/home/can/ros2_ws/install/examples_rclpy_minimal_service/lib/python3.8/site-packages/examples_rclpy_minimal_service-0.9.4-py3.8.egg-info' (and everything under it)
[3.147s] Copying ../../../../../build/examples_rclpy_minimal_service/examples_rclpy_minimal_service.egg-info to /home/can/ros2_ws/install/examples_rclpy_minimal_service/lib/python3.8/site-packages/examples_rclpy_minimal_service-0.9.4-py3.8.egg-info
[3.147s] running install_scripts
[3.147s] Installing service script to /home/can/ros2_ws/install/examples_rclpy_minimal_service/lib/examples_rclpy_minimal_service
[3.147s] Installing service_member_function script to /home/can/ros2_ws/install/examples_rclpy_minimal_service/lib/examples_rclpy_minimal_service
[3.147s] writing list of installed files to '/home/can/ros2_ws/build/examples_rclpy_minimal_service/install.log'
[4.303s] Invoked command in '/home/can/ros2_ws/src/examples/rclpy/services/minimal_service' returned '0': PYTHONPATH=/home/can/ros2_ws/build/examples_rclpy_minimal_service/prefix_override:/home/can/ros2_ws/install/examples_rclpy_minimal_service/lib/python3.8/site-packages:${PYTHONPATH} /usr/bin/python3 setup.py egg_info --egg-base ../../../../../build/examples_rclpy_minimal_service build --build-base /home/can/ros2_ws/build/examples_rclpy_minimal_service/build install --record /home/can/ros2_ws/build/examples_rclpy_minimal_service/install.log --install-scripts $base/lib/examples_rclpy_minimal_service --single-version-externally-managed
