[0.846s] Invoking command in '/home/can/ros2_ws/build/examples_rclcpp_minimal_timer': CMAKE_PREFIX_PATH=/opt/ros/foxy /usr/bin/cmake /home/can/ros2_ws/src/examples/rclcpp/timers/minimal_timer -DCMAKE_INSTALL_PREFIX=/home/can/ros2_ws/install/examples_rclcpp_minimal_timer
[2.711s] -- Found ament_cmake: 0.9.12 (/opt/ros/foxy/share/ament_cmake/cmake)
[2.711s] -- Using PYTHON_EXECUTABLE: /usr/bin/python3
[2.711s] -- Override CMake install command with custom implementation using symlinks instead of copying resources
[2.711s] -- Found rclcpp: 2.4.3 (/opt/ros/foxy/share/rclcpp/cmake)
[2.711s] -- Using all available rosidl_typesupport_c: rosidl_typesupport_fastrtps_c;rosidl_typesupport_introspection_c
[2.711s] -- Found rosidl_adapter: 1.3.1 (/opt/ros/foxy/share/rosidl_adapter/cmake)
[2.711s] -- Using all available rosidl_typesupport_cpp: rosidl_typesupport_fastrtps_cpp;rosidl_typesupport_introspection_cpp
[2.711s] -- Found rmw_implementation_cmake: 1.0.4 (/opt/ros/foxy/share/rmw_implementation_cmake/cmake)
[2.711s] -- Using RMW implementation 'rmw_fastrtps_cpp' as default
[2.711s] -- Found ament_lint_auto: 0.9.8 (/opt/ros/foxy/share/ament_lint_auto/cmake)
[2.711s] -- Added test 'copyright' to check source files copyright and LICENSE
[2.711s] -- Added test 'cppcheck' to perform static code analysis on C / C++ code
[2.712s] -- Configured cppcheck include dirs: 
[2.712s] -- Configured cppcheck exclude dirs and/or files: 
[2.712s] -- Added test 'cpplint' to check C / C++ code against the Google style
[2.712s] -- Configured cpplint exclude dirs and/or files: 
[2.712s] -- Added test 'lint_cmake' to check CMake code style
[2.712s] -- Added test 'uncrustify' to check C / C++ code style
[2.712s] -- Configured uncrustify additional arguments: 
[2.712s] -- Added test 'xmllint' to check XML markup files
[2.712s] -- Configuring done
[2.712s] -- Generating done
[2.712s] -- Build files have been written to: /home/can/ros2_ws/build/examples_rclcpp_minimal_timer
[2.735s] Invoked command in '/home/can/ros2_ws/build/examples_rclcpp_minimal_timer' returned '0': CMAKE_PREFIX_PATH=/opt/ros/foxy /usr/bin/cmake /home/can/ros2_ws/src/examples/rclcpp/timers/minimal_timer -DCMAKE_INSTALL_PREFIX=/home/can/ros2_ws/install/examples_rclcpp_minimal_timer
[2.738s] Invoking command in '/home/can/ros2_ws/build/examples_rclcpp_minimal_timer': CMAKE_PREFIX_PATH=/opt/ros/foxy /usr/bin/cmake --build /home/can/ros2_ws/build/examples_rclcpp_minimal_timer -- -j16 -l16
[2.822s] [ 50%] Built target timer_member_function
[2.835s] [100%] Built target timer_lambda
[2.867s] Invoked command in '/home/can/ros2_ws/build/examples_rclcpp_minimal_timer' returned '0': CMAKE_PREFIX_PATH=/opt/ros/foxy /usr/bin/cmake --build /home/can/ros2_ws/build/examples_rclcpp_minimal_timer -- -j16 -l16
[2.946s] Invoking command in '/home/can/ros2_ws/build/examples_rclcpp_minimal_timer': CMAKE_PREFIX_PATH=/opt/ros/foxy /usr/bin/cmake --install /home/can/ros2_ws/build/examples_rclcpp_minimal_timer
[2.961s] -- Install configuration: ""
[2.961s] -- Execute custom install script
[2.961s] -- Up-to-date symlink: /home/can/ros2_ws/install/examples_rclcpp_minimal_timer/lib/examples_rclcpp_minimal_timer/timer_lambda
[2.961s] -- Up-to-date symlink: /home/can/ros2_ws/install/examples_rclcpp_minimal_timer/lib/examples_rclcpp_minimal_timer/timer_member_function
[2.961s] -- Up-to-date symlink: /home/can/ros2_ws/install/examples_rclcpp_minimal_timer/share/ament_index/resource_index/package_run_dependencies/examples_rclcpp_minimal_timer
[2.961s] -- Up-to-date symlink: /home/can/ros2_ws/install/examples_rclcpp_minimal_timer/share/ament_index/resource_index/parent_prefix_path/examples_rclcpp_minimal_timer
[2.961s] -- Up-to-date symlink: /home/can/ros2_ws/install/examples_rclcpp_minimal_timer/share/examples_rclcpp_minimal_timer/environment/ament_prefix_path.sh
[2.961s] -- Up-to-date symlink: /home/can/ros2_ws/install/examples_rclcpp_minimal_timer/share/examples_rclcpp_minimal_timer/environment/ament_prefix_path.dsv
[2.962s] -- Up-to-date symlink: /home/can/ros2_ws/install/examples_rclcpp_minimal_timer/share/examples_rclcpp_minimal_timer/environment/path.sh
[2.962s] -- Up-to-date symlink: /home/can/ros2_ws/install/examples_rclcpp_minimal_timer/share/examples_rclcpp_minimal_timer/environment/path.dsv
[2.962s] -- Up-to-date symlink: /home/can/ros2_ws/install/examples_rclcpp_minimal_timer/share/examples_rclcpp_minimal_timer/local_setup.bash
[2.962s] -- Up-to-date symlink: /home/can/ros2_ws/install/examples_rclcpp_minimal_timer/share/examples_rclcpp_minimal_timer/local_setup.sh
[2.962s] -- Up-to-date symlink: /home/can/ros2_ws/install/examples_rclcpp_minimal_timer/share/examples_rclcpp_minimal_timer/local_setup.zsh
[2.962s] -- Up-to-date symlink: /home/can/ros2_ws/install/examples_rclcpp_minimal_timer/share/examples_rclcpp_minimal_timer/local_setup.dsv
[2.962s] -- Symlinking: /home/can/ros2_ws/install/examples_rclcpp_minimal_timer/share/examples_rclcpp_minimal_timer/package.dsv
[2.963s] -- Up-to-date symlink: /home/can/ros2_ws/install/examples_rclcpp_minimal_timer/share/ament_index/resource_index/packages/examples_rclcpp_minimal_timer
[2.963s] -- Up-to-date symlink: /home/can/ros2_ws/install/examples_rclcpp_minimal_timer/share/examples_rclcpp_minimal_timer/cmake/examples_rclcpp_minimal_timerConfig.cmake
[2.963s] -- Up-to-date symlink: /home/can/ros2_ws/install/examples_rclcpp_minimal_timer/share/examples_rclcpp_minimal_timer/cmake/examples_rclcpp_minimal_timerConfig-version.cmake
[2.963s] -- Up-to-date symlink: /home/can/ros2_ws/install/examples_rclcpp_minimal_timer/share/examples_rclcpp_minimal_timer/package.xml
[3.496s] Invoked command in '/home/can/ros2_ws/build/examples_rclcpp_minimal_timer' returned '0': CMAKE_PREFIX_PATH=/opt/ros/foxy /usr/bin/cmake --install /home/can/ros2_ws/build/examples_rclcpp_minimal_timer
