[0.079s] Invoking command in '/home/can/ros2_ws/build/polygon_plugins': AMENT_PREFIX_PATH=/home/can/ros2_ws/install/polygon_base:${AMENT_PREFIX_PATH} CMAKE_PREFIX_PATH=/home/can/ros2_ws/install/polygon_base:/opt/ros/foxy /usr/bin/cmake /home/can/ros2_ws/src/polygon_plugins -DCMAKE_INSTALL_PREFIX=/home/can/ros2_ws/install/polygon_plugins
[0.088s] -- Found ament_cmake: 0.9.12 (/opt/ros/foxy/share/ament_cmake/cmake)
[0.105s] -- Using PYTHON_EXECUTABLE: /usr/bin/python3
[0.212s] -- Found ament_cmake_ros: 0.9.2 (/opt/ros/foxy/share/ament_cmake_ros/cmake)
[0.213s] -- Found polygon_base: 0.0.0 (/home/can/ros2_ws/install/polygon_base/share/polygon_base/cmake)
[0.214s] -- Found pluginlib: 2.5.4 (/opt/ros/foxy/share/pluginlib/cmake)
[0.237s] -- Found ament_lint_auto: 0.9.8 (/opt/ros/foxy/share/ament_lint_auto/cmake)
[0.278s] -- Added test 'copyright' to check source files copyright and LICENSE
[0.279s] -- Added test 'cppcheck' to perform static code analysis on C / C++ code
[0.279s] -- Configured cppcheck include dirs: $<BUILD_INTERFACE:/home/can/ros2_ws/src/polygon_plugins/include>
[0.279s] -- Configured cppcheck exclude dirs and/or files: 
[0.279s] -- Added test 'cpplint' to check C / C++ code against the Google style
[0.279s] -- Configured cpplint exclude dirs and/or files: 
[0.280s] -- Added test 'lint_cmake' to check CMake code style
[0.280s] -- Added test 'uncrustify' to check C / C++ code style
[0.280s] -- Configured uncrustify additional arguments: 
[0.281s] -- Added test 'xmllint' to check XML markup files
[0.282s] -- Configuring done
[0.284s] CMake Error: install(EXPORT "export_polygon_plugins" ...) includes target "polygon_plugins" more than once in the export set.
[0.285s] CMake Error: install(EXPORT "export_polygon_plugins" ...) includes target "polygon_plugins" more than once in the export set.
[0.285s] -- Generating done
[0.285s] CMake Generate step failed.  Build files cannot be regenerated correctly.
[0.289s] Invoked command in '/home/can/ros2_ws/build/polygon_plugins' returned '1': AMENT_PREFIX_PATH=/home/can/ros2_ws/install/polygon_base:${AMENT_PREFIX_PATH} CMAKE_PREFIX_PATH=/home/can/ros2_ws/install/polygon_base:/opt/ros/foxy /usr/bin/cmake /home/can/ros2_ws/src/polygon_plugins -DCMAKE_INSTALL_PREFIX=/home/can/ros2_ws/install/polygon_plugins
