[3.313s] Invoking command in '/home/can/ros2_ws/build/examples_rclpy_minimal_service': PYTHONPATH=/home/can/ros2_ws/build/examples_rclpy_minimal_service/prefix_override:/home/can/ros2_ws/install/examples_rclpy_minimal_service/lib/python3.8/site-packages:${PYTHONPATH} /usr/bin/python3 setup.py develop --uninstall --editable --build-directory /home/can/ros2_ws/build/examples_rclpy_minimal_service/build
[3.735s] running develop
[3.735s] Removing /home/can/ros2_ws/install/examples_rclpy_minimal_service/lib/python3.8/site-packages/examples-rclpy-minimal-service.egg-link (link to .)
[4.311s] Invoked command in '/home/can/ros2_ws/build/examples_rclpy_minimal_service' returned '0': PYTHONPATH=/home/can/ros2_ws/build/examples_rclpy_minimal_service/prefix_override:/home/can/ros2_ws/install/examples_rclpy_minimal_service/lib/python3.8/site-packages:${PYTHONPATH} /usr/bin/python3 setup.py develop --uninstall --editable --build-directory /home/can/ros2_ws/build/examples_rclpy_minimal_service/build
[4.312s] Invoking command in '/home/can/ros2_ws/src/examples/rclpy/services/minimal_service': PYTHONPATH=/home/can/ros2_ws/build/examples_rclpy_minimal_service/prefix_override:/home/can/ros2_ws/install/examples_rclpy_minimal_service/lib/python3.8/site-packages:${PYTHONPATH} /usr/bin/python3 setup.py egg_info --egg-base ../../../../../build/examples_rclpy_minimal_service build --build-base /home/can/ros2_ws/build/examples_rclpy_minimal_service/build install --record /home/can/ros2_ws/build/examples_rclpy_minimal_service/install.log --install-scripts $base/lib/examples_rclpy_minimal_service --single-version-externally-managed
[4.520s] running egg_info
[4.521s] writing ../../../../../build/examples_rclpy_minimal_service/examples_rclpy_minimal_service.egg-info/PKG-INFO
[4.521s] writing dependency_links to ../../../../../build/examples_rclpy_minimal_service/examples_rclpy_minimal_service.egg-info/dependency_links.txt
[4.522s] writing entry points to ../../../../../build/examples_rclpy_minimal_service/examples_rclpy_minimal_service.egg-info/entry_points.txt
[4.522s] writing requirements to ../../../../../build/examples_rclpy_minimal_service/examples_rclpy_minimal_service.egg-info/requires.txt
[4.522s] writing top-level names to ../../../../../build/examples_rclpy_minimal_service/examples_rclpy_minimal_service.egg-info/top_level.txt
[4.561s] reading manifest file '../../../../../build/examples_rclpy_minimal_service/examples_rclpy_minimal_service.egg-info/SOURCES.txt'
[4.561s] writing manifest file '../../../../../build/examples_rclpy_minimal_service/examples_rclpy_minimal_service.egg-info/SOURCES.txt'
[4.561s] running build
[4.561s] running build_py
[4.561s] creating /home/can/ros2_ws/build/examples_rclpy_minimal_service/build
[4.562s] creating /home/can/ros2_ws/build/examples_rclpy_minimal_service/build/lib
[4.562s] creating /home/can/ros2_ws/build/examples_rclpy_minimal_service/build/lib/examples_rclpy_minimal_service
[4.562s] copying examples_rclpy_minimal_service/service.py -> /home/can/ros2_ws/build/examples_rclpy_minimal_service/build/lib/examples_rclpy_minimal_service
[4.562s] copying examples_rclpy_minimal_service/__init__.py -> /home/can/ros2_ws/build/examples_rclpy_minimal_service/build/lib/examples_rclpy_minimal_service
[4.562s] copying examples_rclpy_minimal_service/service_member_function.py -> /home/can/ros2_ws/build/examples_rclpy_minimal_service/build/lib/examples_rclpy_minimal_service
[4.562s] running install
[4.562s] running install_lib
[4.564s] creating /home/can/ros2_ws/install/examples_rclpy_minimal_service/lib/python3.8/site-packages/examples_rclpy_minimal_service
[4.564s] copying /home/can/ros2_ws/build/examples_rclpy_minimal_service/build/lib/examples_rclpy_minimal_service/service.py -> /home/can/ros2_ws/install/examples_rclpy_minimal_service/lib/python3.8/site-packages/examples_rclpy_minimal_service
[4.564s] copying /home/can/ros2_ws/build/examples_rclpy_minimal_service/build/lib/examples_rclpy_minimal_service/__init__.py -> /home/can/ros2_ws/install/examples_rclpy_minimal_service/lib/python3.8/site-packages/examples_rclpy_minimal_service
[4.564s] copying /home/can/ros2_ws/build/examples_rclpy_minimal_service/build/lib/examples_rclpy_minimal_service/service_member_function.py -> /home/can/ros2_ws/install/examples_rclpy_minimal_service/lib/python3.8/site-packages/examples_rclpy_minimal_service
[4.564s] byte-compiling /home/can/ros2_ws/install/examples_rclpy_minimal_service/lib/python3.8/site-packages/examples_rclpy_minimal_service/service.py to service.cpython-38.pyc
[4.564s] byte-compiling /home/can/ros2_ws/install/examples_rclpy_minimal_service/lib/python3.8/site-packages/examples_rclpy_minimal_service/__init__.py to __init__.cpython-38.pyc
[4.565s] byte-compiling /home/can/ros2_ws/install/examples_rclpy_minimal_service/lib/python3.8/site-packages/examples_rclpy_minimal_service/service_member_function.py to service_member_function.cpython-38.pyc
[4.565s] running install_data
[4.565s] running install_egg_info
[4.567s] Copying ../../../../../build/examples_rclpy_minimal_service/examples_rclpy_minimal_service.egg-info to /home/can/ros2_ws/install/examples_rclpy_minimal_service/lib/python3.8/site-packages/examples_rclpy_minimal_service-0.9.4-py3.8.egg-info
[4.568s] running install_scripts
[4.585s] Installing service script to /home/can/ros2_ws/install/examples_rclpy_minimal_service/lib/examples_rclpy_minimal_service
[4.586s] Installing service_member_function script to /home/can/ros2_ws/install/examples_rclpy_minimal_service/lib/examples_rclpy_minimal_service
[4.586s] writing list of installed files to '/home/can/ros2_ws/build/examples_rclpy_minimal_service/install.log'
[4.872s] Invoked command in '/home/can/ros2_ws/src/examples/rclpy/services/minimal_service' returned '0': PYTHONPATH=/home/can/ros2_ws/build/examples_rclpy_minimal_service/prefix_override:/home/can/ros2_ws/install/examples_rclpy_minimal_service/lib/python3.8/site-packages:${PYTHONPATH} /usr/bin/python3 setup.py egg_info --egg-base ../../../../../build/examples_rclpy_minimal_service build --build-base /home/can/ros2_ws/build/examples_rclpy_minimal_service/build install --record /home/can/ros2_ws/build/examples_rclpy_minimal_service/install.log --install-scripts $base/lib/examples_rclpy_minimal_service --single-version-externally-managed
