[0.079s] Invoking command in '/home/can/ros2_ws/build/polygon_base': CMAKE_PREFIX_PATH=/opt/ros/foxy /usr/bin/cmake /home/can/ros2_ws/src/polygon_base -DCMAKE_INSTALL_PREFIX=/home/can/ros2_ws/install/polygon_base
[0.121s] -- The C compiler identification is GNU 9.4.0
[0.161s] -- The CXX compiler identification is GNU 9.4.0
[0.164s] -- Check for working C compiler: /usr/bin/cc
[0.228s] -- Check for working C compiler: /usr/bin/cc -- works
[0.229s] -- Detecting C compiler ABI info
[0.307s] -- Detecting C compiler ABI info - done
[0.315s] -- Detecting C compile features
[0.316s] -- Detecting C compile features - done
[0.318s] -- Check for working CXX compiler: /usr/bin/c++
[0.406s] -- Check for working CXX compiler: /usr/bin/c++ -- works
[0.407s] -- Detecting CXX compiler ABI info
[0.488s] -- Detecting CXX compiler ABI info - done
[0.496s] -- Detecting CXX compile features
[0.496s] -- Detecting CXX compile features - done
[0.497s] -- Found ament_cmake: 0.9.12 (/opt/ros/foxy/share/ament_cmake/cmake)
[0.514s] -- Found PythonInterp: /usr/bin/python3 (found suitable version "3.8.10", minimum required is "3") 
[0.514s] -- Using PYTHON_EXECUTABLE: /usr/bin/python3
[0.640s] -- Found pluginlib: 2.5.4 (/opt/ros/foxy/share/pluginlib/cmake)
[0.669s] CMake Error at /opt/ros/foxy/share/ament_cmake_target_dependencies/cmake/ament_target_dependencies.cmake:77 (message):
[0.669s]   ament_target_dependencies() the passed package name 'polygon_base' was not
[0.669s]   found before
[0.669s] Call Stack (most recent call first):
[0.670s]   CMakeLists.txt:26 (ament_target_dependencies)
[0.670s] 
[0.670s] 
[0.670s] -- Configuring incomplete, errors occurred!
[0.670s] See also "/home/can/ros2_ws/build/polygon_base/CMakeFiles/CMakeOutput.log".
[0.674s] Invoked command in '/home/can/ros2_ws/build/polygon_base' returned '1': CMAKE_PREFIX_PATH=/opt/ros/foxy /usr/bin/cmake /home/can/ros2_ws/src/polygon_base -DCMAKE_INSTALL_PREFIX=/home/can/ros2_ws/install/polygon_base
