[0.763s] Invoking command in '/home/can/ros2_ws/build/examples_rclcpp_multithreaded_executor': CMAKE_PREFIX_PATH=/opt/ros/foxy /usr/bin/cmake /home/can/ros2_ws/src/examples/rclcpp/executors/multithreaded_executor -DAMENT_CMAKE_SYMLINK_INSTALL=1 -DCMAKE_INSTALL_PREFIX=/home/can/ros2_ws/install/examples_rclcpp_multithreaded_executor
[3.208s] -- The C compiler identification is GNU 9.4.0
[3.208s] -- The CXX compiler identification is GNU 9.4.0
[3.208s] -- Check for working C compiler: /usr/bin/cc
[3.208s] -- Check for working C compiler: /usr/bin/cc -- works
[3.208s] -- Detecting C compiler ABI info
[3.208s] -- Detecting C compiler ABI info - done
[3.208s] -- Detecting C compile features
[3.208s] -- Detecting C compile features - done
[3.208s] -- Check for working CXX compiler: /usr/bin/c++
[3.208s] -- Check for working CXX compiler: /usr/bin/c++ -- works
[3.208s] -- Detecting CXX compiler ABI info
[3.208s] -- Detecting CXX compiler ABI info - done
[3.209s] -- Detecting CXX compile features
[3.209s] -- Detecting CXX compile features - done
[3.209s] -- Found ament_cmake: 0.9.12 (/opt/ros/foxy/share/ament_cmake/cmake)
[3.209s] -- Found PythonInterp: /usr/bin/python3 (found suitable version "3.8.10", minimum required is "3") 
[3.209s] -- Using PYTHON_EXECUTABLE: /usr/bin/python3
[3.209s] -- Override CMake install command with custom implementation using symlinks instead of copying resources
[3.209s] -- Found rclcpp: 2.4.3 (/opt/ros/foxy/share/rclcpp/cmake)
[3.209s] -- Using all available rosidl_typesupport_c: rosidl_typesupport_fastrtps_c;rosidl_typesupport_introspection_c
[3.209s] -- Found rosidl_adapter: 1.3.1 (/opt/ros/foxy/share/rosidl_adapter/cmake)
[3.209s] -- Found OpenSSL: /usr/lib/x86_64-linux-gnu/libcrypto.so (found version "1.1.1f")  
[3.209s] -- Found FastRTPS: /opt/ros/foxy/include  
[3.209s] -- Using all available rosidl_typesupport_cpp: rosidl_typesupport_fastrtps_cpp;rosidl_typesupport_introspection_cpp
[3.209s] -- Found rmw_implementation_cmake: 1.0.4 (/opt/ros/foxy/share/rmw_implementation_cmake/cmake)
[3.209s] -- Using RMW implementation 'rmw_fastrtps_cpp' as default
[3.209s] -- Looking for pthread.h
[3.209s] -- Looking for pthread.h - found
[3.209s] -- Performing Test CMAKE_HAVE_LIBC_PTHREAD
[3.209s] -- Performing Test CMAKE_HAVE_LIBC_PTHREAD - Failed
[3.209s] -- Looking for pthread_create in pthreads
[3.209s] -- Looking for pthread_create in pthreads - not found
[3.209s] -- Looking for pthread_create in pthread
[3.210s] -- Looking for pthread_create in pthread - found
[3.210s] -- Found Threads: TRUE  
[3.210s] -- Found ament_lint_auto: 0.9.8 (/opt/ros/foxy/share/ament_lint_auto/cmake)
[3.210s] -- Added test 'copyright' to check source files copyright and LICENSE
[3.210s] -- Added test 'cppcheck' to perform static code analysis on C / C++ code
[3.210s] -- Configured cppcheck include dirs: 
[3.210s] -- Configured cppcheck exclude dirs and/or files: 
[3.210s] -- Added test 'cpplint' to check C / C++ code against the Google style
[3.210s] -- Configured cpplint exclude dirs and/or files: 
[3.210s] -- Added test 'lint_cmake' to check CMake code style
[3.210s] -- Added test 'uncrustify' to check C / C++ code style
[3.210s] -- Configured uncrustify additional arguments: 
[3.210s] -- Added test 'xmllint' to check XML markup files
[3.210s] -- Configuring done
[3.210s] -- Generating done
[3.210s] -- Build files have been written to: /home/can/ros2_ws/build/examples_rclcpp_multithreaded_executor
[3.235s] Invoked command in '/home/can/ros2_ws/build/examples_rclcpp_multithreaded_executor' returned '0': CMAKE_PREFIX_PATH=/opt/ros/foxy /usr/bin/cmake /home/can/ros2_ws/src/examples/rclcpp/executors/multithreaded_executor -DAMENT_CMAKE_SYMLINK_INSTALL=1 -DCMAKE_INSTALL_PREFIX=/home/can/ros2_ws/install/examples_rclcpp_multithreaded_executor
[3.238s] Invoking command in '/home/can/ros2_ws/build/examples_rclcpp_multithreaded_executor': CMAKE_PREFIX_PATH=/opt/ros/foxy /usr/bin/cmake --build /home/can/ros2_ws/build/examples_rclcpp_multithreaded_executor -- -j16 -l16
[3.317s] [35m[1mScanning dependencies of target multithreaded_executor[0m
[3.382s] [ 50%] [32mBuilding CXX object CMakeFiles/multithreaded_executor.dir/multithreaded_executor.cpp.o[0m
[12.009s] [100%] [32m[1mLinking CXX executable multithreaded_executor[0m
[12.216s] [100%] Built target multithreaded_executor
[12.226s] Invoked command in '/home/can/ros2_ws/build/examples_rclcpp_multithreaded_executor' returned '0': CMAKE_PREFIX_PATH=/opt/ros/foxy /usr/bin/cmake --build /home/can/ros2_ws/build/examples_rclcpp_multithreaded_executor -- -j16 -l16
[12.251s] Invoking command in '/home/can/ros2_ws/build/examples_rclcpp_multithreaded_executor': CMAKE_PREFIX_PATH=/opt/ros/foxy /usr/bin/cmake --install /home/can/ros2_ws/build/examples_rclcpp_multithreaded_executor
[12.258s] -- Install configuration: ""
[12.259s] -- Execute custom install script
[12.259s] -- Symlinking: /home/can/ros2_ws/install/examples_rclcpp_multithreaded_executor/lib/examples_rclcpp_multithreaded_executor/multithreaded_executor
[12.267s] -- Symlinking: /home/can/ros2_ws/install/examples_rclcpp_multithreaded_executor/share/ament_index/resource_index/package_run_dependencies/examples_rclcpp_multithreaded_executor
[12.275s] -- Symlinking: /home/can/ros2_ws/install/examples_rclcpp_multithreaded_executor/share/ament_index/resource_index/parent_prefix_path/examples_rclcpp_multithreaded_executor
[12.282s] -- Symlinking: /home/can/ros2_ws/install/examples_rclcpp_multithreaded_executor/share/examples_rclcpp_multithreaded_executor/environment/ament_prefix_path.sh
[12.290s] -- Symlinking: /home/can/ros2_ws/install/examples_rclcpp_multithreaded_executor/share/examples_rclcpp_multithreaded_executor/environment/ament_prefix_path.dsv
[12.298s] -- Symlinking: /home/can/ros2_ws/install/examples_rclcpp_multithreaded_executor/share/examples_rclcpp_multithreaded_executor/environment/path.sh
[12.306s] -- Symlinking: /home/can/ros2_ws/install/examples_rclcpp_multithreaded_executor/share/examples_rclcpp_multithreaded_executor/environment/path.dsv
[12.314s] -- Symlinking: /home/can/ros2_ws/install/examples_rclcpp_multithreaded_executor/share/examples_rclcpp_multithreaded_executor/local_setup.bash
[12.322s] -- Symlinking: /home/can/ros2_ws/install/examples_rclcpp_multithreaded_executor/share/examples_rclcpp_multithreaded_executor/local_setup.sh
[12.330s] -- Symlinking: /home/can/ros2_ws/install/examples_rclcpp_multithreaded_executor/share/examples_rclcpp_multithreaded_executor/local_setup.zsh
[12.338s] -- Symlinking: /home/can/ros2_ws/install/examples_rclcpp_multithreaded_executor/share/examples_rclcpp_multithreaded_executor/local_setup.dsv
[12.346s] -- Symlinking: /home/can/ros2_ws/install/examples_rclcpp_multithreaded_executor/share/examples_rclcpp_multithreaded_executor/package.dsv
[12.353s] -- Symlinking: /home/can/ros2_ws/install/examples_rclcpp_multithreaded_executor/share/ament_index/resource_index/packages/examples_rclcpp_multithreaded_executor
[12.361s] -- Symlinking: /home/can/ros2_ws/install/examples_rclcpp_multithreaded_executor/share/examples_rclcpp_multithreaded_executor/cmake/examples_rclcpp_multithreaded_executorConfig.cmake
[12.368s] -- Symlinking: /home/can/ros2_ws/install/examples_rclcpp_multithreaded_executor/share/examples_rclcpp_multithreaded_executor/cmake/examples_rclcpp_multithreaded_executorConfig-version.cmake
[12.376s] -- Symlinking: /home/can/ros2_ws/install/examples_rclcpp_multithreaded_executor/share/examples_rclcpp_multithreaded_executor/package.xml
[12.386s] Invoked command in '/home/can/ros2_ws/build/examples_rclcpp_multithreaded_executor' returned '0': CMAKE_PREFIX_PATH=/opt/ros/foxy /usr/bin/cmake --install /home/can/ros2_ws/build/examples_rclcpp_multithreaded_executor
