[3.841s] Invoking command in '/home/can/ros2_ws/build/examples_rclpy_minimal_publisher': PYTHONPATH=/home/can/ros2_ws/build/examples_rclpy_minimal_publisher/prefix_override:/home/can/ros2_ws/install/examples_rclpy_minimal_publisher/lib/python3.8/site-packages:${PYTHONPATH} /usr/bin/python3 setup.py develop --editable --build-directory /home/can/ros2_ws/build/examples_rclpy_minimal_publisher/build --no-deps install_data
[5.235s] running develop
[5.235s] running egg_info
[5.236s] creating examples_rclpy_minimal_publisher.egg-info
[5.236s] writing examples_rclpy_minimal_publisher.egg-info/PKG-INFO
[5.236s] writing dependency_links to examples_rclpy_minimal_publisher.egg-info/dependency_links.txt
[5.236s] writing entry points to examples_rclpy_minimal_publisher.egg-info/entry_points.txt
[5.236s] writing requirements to examples_rclpy_minimal_publisher.egg-info/requires.txt
[5.236s] writing top-level names to examples_rclpy_minimal_publisher.egg-info/top_level.txt
[5.237s] writing manifest file 'examples_rclpy_minimal_publisher.egg-info/SOURCES.txt'
[5.237s] reading manifest file 'examples_rclpy_minimal_publisher.egg-info/SOURCES.txt'
[5.237s] writing manifest file 'examples_rclpy_minimal_publisher.egg-info/SOURCES.txt'
[5.237s] running build_ext
[5.237s] Creating /home/can/ros2_ws/install/examples_rclpy_minimal_publisher/lib/python3.8/site-packages/site.py
[5.237s] Creating /home/can/ros2_ws/install/examples_rclpy_minimal_publisher/lib/python3.8/site-packages/examples-rclpy-minimal-publisher.egg-link (link to .)
[5.237s] Installing publisher_local_function script to /home/can/ros2_ws/install/examples_rclpy_minimal_publisher/lib/examples_rclpy_minimal_publisher
[5.238s] Installing publisher_member_function script to /home/can/ros2_ws/install/examples_rclpy_minimal_publisher/lib/examples_rclpy_minimal_publisher
[5.238s] Installing publisher_old_school script to /home/can/ros2_ws/install/examples_rclpy_minimal_publisher/lib/examples_rclpy_minimal_publisher
[5.238s] 
[5.238s] Installed /home/can/ros2_ws/build/examples_rclpy_minimal_publisher
[5.238s] running install_data
[5.238s] creating /home/can/ros2_ws/install/examples_rclpy_minimal_publisher/share/ament_index
[5.239s] creating /home/can/ros2_ws/install/examples_rclpy_minimal_publisher/share/ament_index/resource_index
[5.239s] creating /home/can/ros2_ws/install/examples_rclpy_minimal_publisher/share/ament_index/resource_index/packages
[5.239s] copying resource/examples_rclpy_minimal_publisher -> /home/can/ros2_ws/install/examples_rclpy_minimal_publisher/share/ament_index/resource_index/packages
[5.239s] copying package.xml -> /home/can/ros2_ws/install/examples_rclpy_minimal_publisher/share/examples_rclpy_minimal_publisher
[5.877s] Invoked command in '/home/can/ros2_ws/build/examples_rclpy_minimal_publisher' returned '0': PYTHONPATH=/home/can/ros2_ws/build/examples_rclpy_minimal_publisher/prefix_override:/home/can/ros2_ws/install/examples_rclpy_minimal_publisher/lib/python3.8/site-packages:${PYTHONPATH} /usr/bin/python3 setup.py develop --editable --build-directory /home/can/ros2_ws/build/examples_rclpy_minimal_publisher/build --no-deps install_data
