[1.540s] Invoking command in '/home/can/ros2_ws/src/py_srvcli': PYTHONPATH=/home/can/ros2_ws/build/py_srvcli/prefix_override:/home/can/ros2_ws/install/py_srvcli/lib/python3.8/site-packages:/home/can/ros2_ws/install/tutorial_interfaces/lib/python3.8/site-packages:/home/can/ros2_ws/install/py_pubsub/lib/python3.8/site-packages:/home/can/ros2_ws/install/turtlesim/lib/python3.8/site-packages:/home/can/ros2_ws/install/py_srvcli/lib/python3.8/site-packages:/home/can/ros2_ws/install/more_interfaces/lib/python3.8/site-packages:/home/can/ros2_ws/install/examples_rclpy_minimal_subscriber/lib/python3.8/site-packages:/home/can/ros2_ws/install/examples_rclpy_minimal_service/lib/python3.8/site-packages:/home/can/ros2_ws/install/examples_rclpy_minimal_publisher/lib/python3.8/site-packages:/home/can/ros2_ws/install/examples_rclpy_minimal_client/lib/python3.8/site-packages:/home/can/ros2_ws/install/examples_rclpy_minimal_action_server/lib/python3.8/site-packages:/home/can/ros2_ws/install/examples_rclpy_minimal_action_client/lib/python3.8/site-packages:/home/can/ros2_ws/install/examples_rclpy_executors/lib/python3.8/site-packages:/opt/ros/foxy/lib/python3.8/site-packages /usr/bin/python3 setup.py egg_info --egg-base ../../build/py_srvcli build --build-base /home/can/ros2_ws/build/py_srvcli/build install --record /home/can/ros2_ws/build/py_srvcli/install.log --install-scripts $base/lib/py_srvcli --single-version-externally-managed
[1.735s] running egg_info
[1.736s] writing ../../build/py_srvcli/py_srvcli.egg-info/PKG-INFO
[1.736s] writing dependency_links to ../../build/py_srvcli/py_srvcli.egg-info/dependency_links.txt
[1.736s] writing entry points to ../../build/py_srvcli/py_srvcli.egg-info/entry_points.txt
[1.736s] writing requirements to ../../build/py_srvcli/py_srvcli.egg-info/requires.txt
[1.736s] writing top-level names to ../../build/py_srvcli/py_srvcli.egg-info/top_level.txt
[1.749s] reading manifest file '../../build/py_srvcli/py_srvcli.egg-info/SOURCES.txt'
[1.749s] writing manifest file '../../build/py_srvcli/py_srvcli.egg-info/SOURCES.txt'
[1.749s] running build
[1.749s] running build_py
[1.749s] running install
[1.750s] running install_lib
[1.751s] running install_data
[1.751s] copying package.xml -> /home/can/ros2_ws/install/py_srvcli/share/py_srvcli
[1.751s] running install_egg_info
[1.754s] removing '/home/can/ros2_ws/install/py_srvcli/lib/python3.8/site-packages/py_srvcli-0.0.0-py3.8.egg-info' (and everything under it)
[1.754s] Copying ../../build/py_srvcli/py_srvcli.egg-info to /home/can/ros2_ws/install/py_srvcli/lib/python3.8/site-packages/py_srvcli-0.0.0-py3.8.egg-info
[1.754s] running install_scripts
[1.770s] Installing client script to /home/can/ros2_ws/install/py_srvcli/lib/py_srvcli
[1.770s] Installing service script to /home/can/ros2_ws/install/py_srvcli/lib/py_srvcli
[1.770s] writing list of installed files to '/home/can/ros2_ws/build/py_srvcli/install.log'
[1.958s] Invoked command in '/home/can/ros2_ws/src/py_srvcli' returned '0': PYTHONPATH=/home/can/ros2_ws/build/py_srvcli/prefix_override:/home/can/ros2_ws/install/py_srvcli/lib/python3.8/site-packages:/home/can/ros2_ws/install/tutorial_interfaces/lib/python3.8/site-packages:/home/can/ros2_ws/install/py_pubsub/lib/python3.8/site-packages:/home/can/ros2_ws/install/turtlesim/lib/python3.8/site-packages:/home/can/ros2_ws/install/py_srvcli/lib/python3.8/site-packages:/home/can/ros2_ws/install/more_interfaces/lib/python3.8/site-packages:/home/can/ros2_ws/install/examples_rclpy_minimal_subscriber/lib/python3.8/site-packages:/home/can/ros2_ws/install/examples_rclpy_minimal_service/lib/python3.8/site-packages:/home/can/ros2_ws/install/examples_rclpy_minimal_publisher/lib/python3.8/site-packages:/home/can/ros2_ws/install/examples_rclpy_minimal_client/lib/python3.8/site-packages:/home/can/ros2_ws/install/examples_rclpy_minimal_action_server/lib/python3.8/site-packages:/home/can/ros2_ws/install/examples_rclpy_minimal_action_client/lib/python3.8/site-packages:/home/can/ros2_ws/install/examples_rclpy_executors/lib/python3.8/site-packages:/opt/ros/foxy/lib/python3.8/site-packages /usr/bin/python3 setup.py egg_info --egg-base ../../build/py_srvcli build --build-base /home/can/ros2_ws/build/py_srvcli/build install --record /home/can/ros2_ws/build/py_srvcli/install.log --install-scripts $base/lib/py_srvcli --single-version-externally-managed
