[1.030s] Invoking command in '/home/can/ros2_ws/build/examples_rclcpp_minimal_publisher': CMAKE_PREFIX_PATH=/opt/ros/foxy /usr/bin/cmake /home/can/ros2_ws/src/examples/rclcpp/topics/minimal_publisher -DAMENT_CMAKE_SYMLINK_INSTALL=1 -DCMAKE_INSTALL_PREFIX=/home/can/ros2_ws/install/examples_rclcpp_minimal_publisher
[3.477s] -- The C compiler identification is GNU 9.4.0
[3.478s] -- The CXX compiler identification is GNU 9.4.0
[3.478s] -- Check for working C compiler: /usr/bin/cc
[3.478s] -- Check for working C compiler: /usr/bin/cc -- works
[3.478s] -- Detecting C compiler ABI info
[3.478s] -- Detecting C compiler ABI info - done
[3.478s] -- Detecting C compile features
[3.478s] -- Detecting C compile features - done
[3.478s] -- Check for working CXX compiler: /usr/bin/c++
[3.478s] -- Check for working CXX compiler: /usr/bin/c++ -- works
[3.478s] -- Detecting CXX compiler ABI info
[3.478s] -- Detecting CXX compiler ABI info - done
[3.478s] -- Detecting CXX compile features
[3.478s] -- Detecting CXX compile features - done
[3.478s] -- Found ament_cmake: 0.9.12 (/opt/ros/foxy/share/ament_cmake/cmake)
[3.478s] -- Found PythonInterp: /usr/bin/python3 (found suitable version "3.8.10", minimum required is "3") 
[3.478s] -- Using PYTHON_EXECUTABLE: /usr/bin/python3
[3.478s] -- Override CMake install command with custom implementation using symlinks instead of copying resources
[3.478s] -- Found rclcpp: 2.4.3 (/opt/ros/foxy/share/rclcpp/cmake)
[3.478s] -- Using all available rosidl_typesupport_c: rosidl_typesupport_fastrtps_c;rosidl_typesupport_introspection_c
[3.478s] -- Found rosidl_adapter: 1.3.1 (/opt/ros/foxy/share/rosidl_adapter/cmake)
[3.479s] -- Found OpenSSL: /usr/lib/x86_64-linux-gnu/libcrypto.so (found version "1.1.1f")  
[3.479s] -- Found FastRTPS: /opt/ros/foxy/include  
[3.479s] -- Using all available rosidl_typesupport_cpp: rosidl_typesupport_fastrtps_cpp;rosidl_typesupport_introspection_cpp
[3.479s] -- Found rmw_implementation_cmake: 1.0.4 (/opt/ros/foxy/share/rmw_implementation_cmake/cmake)
[3.479s] -- Using RMW implementation 'rmw_fastrtps_cpp' as default
[3.479s] -- Looking for pthread.h
[3.479s] -- Looking for pthread.h - found
[3.479s] -- Performing Test CMAKE_HAVE_LIBC_PTHREAD
[3.479s] -- Performing Test CMAKE_HAVE_LIBC_PTHREAD - Failed
[3.479s] -- Looking for pthread_create in pthreads
[3.479s] -- Looking for pthread_create in pthreads - not found
[3.479s] -- Looking for pthread_create in pthread
[3.479s] -- Looking for pthread_create in pthread - found
[3.479s] -- Found Threads: TRUE  
[3.479s] -- Found ament_lint_auto: 0.9.8 (/opt/ros/foxy/share/ament_lint_auto/cmake)
[3.479s] -- Added test 'copyright' to check source files copyright and LICENSE
[3.479s] -- Added test 'cppcheck' to perform static code analysis on C / C++ code
[3.479s] -- Configured cppcheck include dirs: 
[3.479s] -- Configured cppcheck exclude dirs and/or files: 
[3.479s] -- Added test 'cpplint' to check C / C++ code against the Google style
[3.479s] -- Configured cpplint exclude dirs and/or files: 
[3.479s] -- Added test 'lint_cmake' to check CMake code style
[3.479s] -- Added test 'uncrustify' to check C / C++ code style
[3.480s] -- Configured uncrustify additional arguments: 
[3.480s] -- Added test 'xmllint' to check XML markup files
[3.480s] -- Configuring done
[3.480s] -- Generating done
[3.480s] -- Build files have been written to: /home/can/ros2_ws/build/examples_rclcpp_minimal_publisher
[3.501s] Invoked command in '/home/can/ros2_ws/build/examples_rclcpp_minimal_publisher' returned '0': CMAKE_PREFIX_PATH=/opt/ros/foxy /usr/bin/cmake /home/can/ros2_ws/src/examples/rclcpp/topics/minimal_publisher -DAMENT_CMAKE_SYMLINK_INSTALL=1 -DCMAKE_INSTALL_PREFIX=/home/can/ros2_ws/install/examples_rclcpp_minimal_publisher
[3.502s] Invoking command in '/home/can/ros2_ws/build/examples_rclcpp_minimal_publisher': CMAKE_PREFIX_PATH=/opt/ros/foxy /usr/bin/cmake --build /home/can/ros2_ws/build/examples_rclcpp_minimal_publisher -- -j16 -l16
[3.551s] [35m[1mScanning dependencies of target publisher_member_function[0m
[3.551s] [35m[1mScanning dependencies of target publisher_not_composable[0m
[3.554s] [35m[1mScanning dependencies of target publisher_lambda[0m
[3.667s] [ 16%] [32mBuilding CXX object CMakeFiles/publisher_lambda.dir/lambda.cpp.o[0m
[3.673s] [ 33%] [32mBuilding CXX object CMakeFiles/publisher_member_function.dir/member_function.cpp.o[0m
[3.687s] [ 50%] [32mBuilding CXX object CMakeFiles/publisher_not_composable.dir/not_composable.cpp.o[0m
[8.953s] [ 66%] [32m[1mLinking CXX executable publisher_not_composable[0m
[9.186s] [ 66%] Built target publisher_not_composable
[10.327s] [ 83%] [32m[1mLinking CXX executable publisher_lambda[0m
[10.564s] [ 83%] Built target publisher_lambda
[10.568s] [100%] [32m[1mLinking CXX executable publisher_member_function[0m
[10.729s] [100%] Built target publisher_member_function
[10.759s] Invoked command in '/home/can/ros2_ws/build/examples_rclcpp_minimal_publisher' returned '0': CMAKE_PREFIX_PATH=/opt/ros/foxy /usr/bin/cmake --build /home/can/ros2_ws/build/examples_rclcpp_minimal_publisher -- -j16 -l16
[10.788s] Invoking command in '/home/can/ros2_ws/build/examples_rclcpp_minimal_publisher': CMAKE_PREFIX_PATH=/opt/ros/foxy /usr/bin/cmake --install /home/can/ros2_ws/build/examples_rclcpp_minimal_publisher
[10.795s] -- Install configuration: ""
[10.796s] -- Execute custom install script
[10.797s] -- Symlinking: /home/can/ros2_ws/install/examples_rclcpp_minimal_publisher/lib/examples_rclcpp_minimal_publisher/publisher_lambda
[10.805s] -- Symlinking: /home/can/ros2_ws/install/examples_rclcpp_minimal_publisher/lib/examples_rclcpp_minimal_publisher/publisher_member_function
[10.813s] -- Symlinking: /home/can/ros2_ws/install/examples_rclcpp_minimal_publisher/lib/examples_rclcpp_minimal_publisher/publisher_not_composable
[10.822s] -- Symlinking: /home/can/ros2_ws/install/examples_rclcpp_minimal_publisher/share/ament_index/resource_index/package_run_dependencies/examples_rclcpp_minimal_publisher
[10.830s] -- Symlinking: /home/can/ros2_ws/install/examples_rclcpp_minimal_publisher/share/ament_index/resource_index/parent_prefix_path/examples_rclcpp_minimal_publisher
[10.839s] -- Symlinking: /home/can/ros2_ws/install/examples_rclcpp_minimal_publisher/share/examples_rclcpp_minimal_publisher/environment/ament_prefix_path.sh
[10.847s] -- Symlinking: /home/can/ros2_ws/install/examples_rclcpp_minimal_publisher/share/examples_rclcpp_minimal_publisher/environment/ament_prefix_path.dsv
[10.856s] -- Symlinking: /home/can/ros2_ws/install/examples_rclcpp_minimal_publisher/share/examples_rclcpp_minimal_publisher/environment/path.sh
[10.865s] -- Symlinking: /home/can/ros2_ws/install/examples_rclcpp_minimal_publisher/share/examples_rclcpp_minimal_publisher/environment/path.dsv
[10.873s] -- Symlinking: /home/can/ros2_ws/install/examples_rclcpp_minimal_publisher/share/examples_rclcpp_minimal_publisher/local_setup.bash
[10.881s] -- Symlinking: /home/can/ros2_ws/install/examples_rclcpp_minimal_publisher/share/examples_rclcpp_minimal_publisher/local_setup.sh
[10.890s] -- Symlinking: /home/can/ros2_ws/install/examples_rclcpp_minimal_publisher/share/examples_rclcpp_minimal_publisher/local_setup.zsh
[10.898s] -- Symlinking: /home/can/ros2_ws/install/examples_rclcpp_minimal_publisher/share/examples_rclcpp_minimal_publisher/local_setup.dsv
[10.907s] -- Symlinking: /home/can/ros2_ws/install/examples_rclcpp_minimal_publisher/share/examples_rclcpp_minimal_publisher/package.dsv
[10.916s] -- Symlinking: /home/can/ros2_ws/install/examples_rclcpp_minimal_publisher/share/ament_index/resource_index/packages/examples_rclcpp_minimal_publisher
[10.925s] -- Symlinking: /home/can/ros2_ws/install/examples_rclcpp_minimal_publisher/share/examples_rclcpp_minimal_publisher/cmake/examples_rclcpp_minimal_publisherConfig.cmake
[10.933s] -- Symlinking: /home/can/ros2_ws/install/examples_rclcpp_minimal_publisher/share/examples_rclcpp_minimal_publisher/cmake/examples_rclcpp_minimal_publisherConfig-version.cmake
[10.942s] -- Symlinking: /home/can/ros2_ws/install/examples_rclcpp_minimal_publisher/share/examples_rclcpp_minimal_publisher/package.xml
[11.099s] Invoked command in '/home/can/ros2_ws/build/examples_rclcpp_minimal_publisher' returned '0': CMAKE_PREFIX_PATH=/opt/ros/foxy /usr/bin/cmake --install /home/can/ros2_ws/build/examples_rclcpp_minimal_publisher
