[4.159s] Invoking command in '/home/can/ros2_ws/build/examples_rclpy_executors': PYTHONPATH=/home/can/ros2_ws/build/examples_rclpy_executors/prefix_override:/home/can/ros2_ws/install/examples_rclpy_executors/lib/python3.8/site-packages:${PYTHONPATH} /usr/bin/python3 setup.py develop --editable --build-directory /home/can/ros2_ws/build/examples_rclpy_executors/build --no-deps install_data
[4.813s] running develop
[5.267s] running egg_info
[5.268s] creating examples_rclpy_executors.egg-info
[5.268s] writing examples_rclpy_executors.egg-info/PKG-INFO
[5.269s] writing dependency_links to examples_rclpy_executors.egg-info/dependency_links.txt
[5.269s] writing entry points to examples_rclpy_executors.egg-info/entry_points.txt
[5.270s] writing requirements to examples_rclpy_executors.egg-info/requires.txt
[5.270s] writing top-level names to examples_rclpy_executors.egg-info/top_level.txt
[5.272s] writing manifest file 'examples_rclpy_executors.egg-info/SOURCES.txt'
[5.394s] reading manifest file 'examples_rclpy_executors.egg-info/SOURCES.txt'
[5.396s] writing manifest file 'examples_rclpy_executors.egg-info/SOURCES.txt'
[5.523s] running build_ext
[5.523s] Creating /home/can/ros2_ws/install/examples_rclpy_executors/lib/python3.8/site-packages/site.py
[5.543s] Creating /home/can/ros2_ws/install/examples_rclpy_executors/lib/python3.8/site-packages/examples-rclpy-executors.egg-link (link to .)
[5.544s] Installing callback_group script to /home/can/ros2_ws/install/examples_rclpy_executors/lib/examples_rclpy_executors
[5.544s] Installing composed script to /home/can/ros2_ws/install/examples_rclpy_executors/lib/examples_rclpy_executors
[5.544s] Installing custom_callback_group script to /home/can/ros2_ws/install/examples_rclpy_executors/lib/examples_rclpy_executors
[5.545s] Installing custom_executor script to /home/can/ros2_ws/install/examples_rclpy_executors/lib/examples_rclpy_executors
[5.545s] Installing listener script to /home/can/ros2_ws/install/examples_rclpy_executors/lib/examples_rclpy_executors
[5.545s] Installing talker script to /home/can/ros2_ws/install/examples_rclpy_executors/lib/examples_rclpy_executors
[5.545s] 
[5.546s] Installed /home/can/ros2_ws/build/examples_rclpy_executors
[5.546s] running install_data
[5.546s] creating /home/can/ros2_ws/install/examples_rclpy_executors/share/ament_index
[5.546s] creating /home/can/ros2_ws/install/examples_rclpy_executors/share/ament_index/resource_index
[5.546s] creating /home/can/ros2_ws/install/examples_rclpy_executors/share/ament_index/resource_index/packages
[5.547s] copying resource/examples_rclpy_executors -> /home/can/ros2_ws/install/examples_rclpy_executors/share/ament_index/resource_index/packages
[5.547s] copying package.xml -> /home/can/ros2_ws/install/examples_rclpy_executors/share/examples_rclpy_executors
[5.612s] Invoked command in '/home/can/ros2_ws/build/examples_rclpy_executors' returned '0': PYTHONPATH=/home/can/ros2_ws/build/examples_rclpy_executors/prefix_override:/home/can/ros2_ws/install/examples_rclpy_executors/lib/python3.8/site-packages:${PYTHONPATH} /usr/bin/python3 setup.py develop --editable --build-directory /home/can/ros2_ws/build/examples_rclpy_executors/build --no-deps install_data
