[1.816s] Invoking command in '/home/can/ros2_ws/build/more_interfaces': CMAKE_PREFIX_PATH=${CMAKE_PREFIX_PATH}:/home/can/ros2_ws/install/py_pubsub:/home/can/ros2_ws/install/py_srvcli:/home/can/ros2_ws/install/examples_rclpy_minimal_subscriber:/home/can/ros2_ws/install/examples_rclpy_minimal_service:/home/can/ros2_ws/install/examples_rclpy_minimal_publisher:/home/can/ros2_ws/install/examples_rclpy_minimal_client:/home/can/ros2_ws/install/examples_rclpy_minimal_action_server:/home/can/ros2_ws/install/examples_rclpy_minimal_action_client:/home/can/ros2_ws/install/examples_rclpy_executors:/opt/ros/foxy /usr/bin/cmake --build /home/can/ros2_ws/build/more_interfaces -- -j16 -l16
[2.139s] [  3%] Built target more_interfaces__cpp
[2.139s] [ 12%] Built target more_interfaces__rosidl_generator_c
[2.139s] [ 21%] Built target more_interfaces__rosidl_typesupport_cpp
[2.139s] [ 36%] Built target more_interfaces__rosidl_typesupport_introspection_cpp
[2.140s] [ 39%] Built target more_interfaces__rosidl_typesupport_introspection_c
[2.140s] [ 48%] Built target more_interfaces__rosidl_typesupport_c
[2.140s] [ 57%] Built target more_interfaces__rosidl_typesupport_fastrtps_cpp
[2.140s] [ 66%] Built target more_interfaces__rosidl_typesupport_fastrtps_c
[2.140s] [ 66%] Built target more_interfaces
[2.140s] [ 69%] Built target more_interfaces__py
[2.140s] [ 75%] Built target publish_address_book
[2.140s] [ 81%] Built target more_interfaces__python
[2.140s] [ 93%] Built target more_interfaces__rosidl_typesupport_fastrtps_c__pyext
[2.140s] [ 93%] Built target more_interfaces__rosidl_typesupport_introspection_c__pyext
[2.140s] [100%] Built target more_interfaces__rosidl_typesupport_c__pyext
[2.382s] Invoked command in '/home/can/ros2_ws/build/more_interfaces' returned '0': CMAKE_PREFIX_PATH=${CMAKE_PREFIX_PATH}:/home/can/ros2_ws/install/py_pubsub:/home/can/ros2_ws/install/py_srvcli:/home/can/ros2_ws/install/examples_rclpy_minimal_subscriber:/home/can/ros2_ws/install/examples_rclpy_minimal_service:/home/can/ros2_ws/install/examples_rclpy_minimal_publisher:/home/can/ros2_ws/install/examples_rclpy_minimal_client:/home/can/ros2_ws/install/examples_rclpy_minimal_action_server:/home/can/ros2_ws/install/examples_rclpy_minimal_action_client:/home/can/ros2_ws/install/examples_rclpy_executors:/opt/ros/foxy /usr/bin/cmake --build /home/can/ros2_ws/build/more_interfaces -- -j16 -l16
[2.945s] Invoking command in '/home/can/ros2_ws/build/more_interfaces': CMAKE_PREFIX_PATH=${CMAKE_PREFIX_PATH}:/home/can/ros2_ws/install/py_pubsub:/home/can/ros2_ws/install/py_srvcli:/home/can/ros2_ws/install/examples_rclpy_minimal_subscriber:/home/can/ros2_ws/install/examples_rclpy_minimal_service:/home/can/ros2_ws/install/examples_rclpy_minimal_publisher:/home/can/ros2_ws/install/examples_rclpy_minimal_client:/home/can/ros2_ws/install/examples_rclpy_minimal_action_server:/home/can/ros2_ws/install/examples_rclpy_minimal_action_client:/home/can/ros2_ws/install/examples_rclpy_executors:/opt/ros/foxy /usr/bin/cmake --install /home/can/ros2_ws/build/more_interfaces
[2.964s] -- Install configuration: ""
[2.964s] -- Up-to-date: /home/can/ros2_ws/install/more_interfaces/share/ament_index/resource_index/rosidl_interfaces/more_interfaces
[2.965s] -- Up-to-date: /home/can/ros2_ws/install/more_interfaces/include/more_interfaces
[2.965s] -- Up-to-date: /home/can/ros2_ws/install/more_interfaces/include/more_interfaces/msg
[2.965s] -- Up-to-date: /home/can/ros2_ws/install/more_interfaces/include/more_interfaces/msg/address_book.h
[2.965s] -- Up-to-date: /home/can/ros2_ws/install/more_interfaces/include/more_interfaces/msg/detail
[2.965s] -- Up-to-date: /home/can/ros2_ws/install/more_interfaces/include/more_interfaces/msg/detail/address_book__type_support.h
[2.965s] -- Up-to-date: /home/can/ros2_ws/install/more_interfaces/include/more_interfaces/msg/detail/address_book__functions.h
[2.966s] -- Up-to-date: /home/can/ros2_ws/install/more_interfaces/include/more_interfaces/msg/detail/address_book__functions.c
[2.966s] -- Up-to-date: /home/can/ros2_ws/install/more_interfaces/include/more_interfaces/msg/detail/address_book__struct.h
[2.966s] -- Up-to-date: /home/can/ros2_ws/install/more_interfaces/include/more_interfaces/msg/rosidl_generator_c__visibility_control.h
[2.966s] -- Up-to-date: /home/can/ros2_ws/install/more_interfaces/share/more_interfaces/environment/library_path.sh
[2.966s] -- Up-to-date: /home/can/ros2_ws/install/more_interfaces/share/more_interfaces/environment/library_path.dsv
[2.966s] -- Up-to-date: /home/can/ros2_ws/install/more_interfaces/lib/libmore_interfaces__rosidl_generator_c.so
[2.966s] -- Up-to-date: /home/can/ros2_ws/install/more_interfaces/include/more_interfaces
[2.966s] -- Up-to-date: /home/can/ros2_ws/install/more_interfaces/include/more_interfaces/msg
[2.966s] -- Up-to-date: /home/can/ros2_ws/install/more_interfaces/include/more_interfaces/msg/detail
[2.967s] -- Up-to-date: /home/can/ros2_ws/install/more_interfaces/include/more_interfaces/msg/detail/address_book__rosidl_typesupport_fastrtps_c.h
[2.967s] -- Up-to-date: /home/can/ros2_ws/install/more_interfaces/include/more_interfaces/msg/rosidl_typesupport_fastrtps_c__visibility_control.h
[2.967s] -- Up-to-date: /home/can/ros2_ws/install/more_interfaces/lib/libmore_interfaces__rosidl_typesupport_fastrtps_c.so
[2.967s] -- Up-to-date: /home/can/ros2_ws/install/more_interfaces/include/more_interfaces
[2.967s] -- Up-to-date: /home/can/ros2_ws/install/more_interfaces/include/more_interfaces/msg
[2.967s] -- Up-to-date: /home/can/ros2_ws/install/more_interfaces/include/more_interfaces/msg/rosidl_typesupport_fastrtps_cpp__visibility_control.h
[2.967s] -- Up-to-date: /home/can/ros2_ws/install/more_interfaces/include/more_interfaces/msg/detail
[2.967s] -- Up-to-date: /home/can/ros2_ws/install/more_interfaces/include/more_interfaces/msg/detail/address_book__rosidl_typesupport_fastrtps_cpp.hpp
[2.967s] -- Up-to-date: /home/can/ros2_ws/install/more_interfaces/include/more_interfaces/msg/detail/dds_fastrtps
[2.967s] -- Up-to-date: /home/can/ros2_ws/install/more_interfaces/lib/libmore_interfaces__rosidl_typesupport_fastrtps_cpp.so
[2.967s] -- Up-to-date: /home/can/ros2_ws/install/more_interfaces/include/more_interfaces
[2.968s] -- Up-to-date: /home/can/ros2_ws/install/more_interfaces/include/more_interfaces/msg
[2.968s] -- Up-to-date: /home/can/ros2_ws/install/more_interfaces/include/more_interfaces/msg/rosidl_typesupport_introspection_c__visibility_control.h
[2.968s] -- Up-to-date: /home/can/ros2_ws/install/more_interfaces/include/more_interfaces/msg/detail
[2.970s] -- Up-to-date: /home/can/ros2_ws/install/more_interfaces/include/more_interfaces/msg/detail/address_book__rosidl_typesupport_introspection_c.h
[2.970s] -- Up-to-date: /home/can/ros2_ws/install/more_interfaces/include/more_interfaces/msg/detail/address_book__type_support.c
[2.971s] -- Up-to-date: /home/can/ros2_ws/install/more_interfaces/lib/libmore_interfaces__rosidl_typesupport_introspection_c.so
[2.971s] -- Up-to-date: /home/can/ros2_ws/install/more_interfaces/lib/libmore_interfaces__rosidl_typesupport_c.so
[2.971s] -- Up-to-date: /home/can/ros2_ws/install/more_interfaces/include/more_interfaces
[2.971s] -- Up-to-date: /home/can/ros2_ws/install/more_interfaces/include/more_interfaces/msg
[2.971s] -- Up-to-date: /home/can/ros2_ws/install/more_interfaces/include/more_interfaces/msg/detail
[2.971s] -- Up-to-date: /home/can/ros2_ws/install/more_interfaces/include/more_interfaces/msg/detail/address_book__traits.hpp
[2.972s] -- Up-to-date: /home/can/ros2_ws/install/more_interfaces/include/more_interfaces/msg/detail/address_book__type_support.hpp
[2.972s] -- Up-to-date: /home/can/ros2_ws/install/more_interfaces/include/more_interfaces/msg/detail/address_book__struct.hpp
[2.972s] -- Up-to-date: /home/can/ros2_ws/install/more_interfaces/include/more_interfaces/msg/detail/address_book__builder.hpp
[2.972s] -- Up-to-date: /home/can/ros2_ws/install/more_interfaces/include/more_interfaces/msg/rosidl_generator_cpp__visibility_control.hpp
[2.972s] -- Up-to-date: /home/can/ros2_ws/install/more_interfaces/include/more_interfaces/msg/address_book.hpp
[2.972s] -- Up-to-date: /home/can/ros2_ws/install/more_interfaces/include/more_interfaces
[2.972s] -- Up-to-date: /home/can/ros2_ws/install/more_interfaces/include/more_interfaces/msg
[2.972s] -- Up-to-date: /home/can/ros2_ws/install/more_interfaces/include/more_interfaces/msg/detail
[2.972s] -- Up-to-date: /home/can/ros2_ws/install/more_interfaces/include/more_interfaces/msg/detail/address_book__type_support.cpp
[2.972s] -- Up-to-date: /home/can/ros2_ws/install/more_interfaces/include/more_interfaces/msg/detail/address_book__rosidl_typesupport_introspection_cpp.hpp
[2.972s] -- Up-to-date: /home/can/ros2_ws/install/more_interfaces/lib/libmore_interfaces__rosidl_typesupport_introspection_cpp.so
[2.973s] -- Up-to-date: /home/can/ros2_ws/install/more_interfaces/lib/libmore_interfaces__rosidl_typesupport_cpp.so
[2.973s] -- Up-to-date: /home/can/ros2_ws/install/more_interfaces/share/more_interfaces/environment/pythonpath.sh
[2.973s] -- Up-to-date: /home/can/ros2_ws/install/more_interfaces/share/more_interfaces/environment/pythonpath.dsv
[2.973s] -- Up-to-date: /home/can/ros2_ws/install/more_interfaces/lib/python3.8/site-packages/more_interfaces/__init__.py
[3.009s] -- Up-to-date: /home/can/ros2_ws/install/more_interfaces/lib/python3.8/site-packages/more_interfaces/msg
[3.009s] -- Up-to-date: /home/can/ros2_ws/install/more_interfaces/lib/python3.8/site-packages/more_interfaces/msg/__init__.py
[3.009s] -- Up-to-date: /home/can/ros2_ws/install/more_interfaces/lib/python3.8/site-packages/more_interfaces/msg/_address_book.py
[3.009s] -- Up-to-date: /home/can/ros2_ws/install/more_interfaces/lib/python3.8/site-packages/more_interfaces/msg/_address_book_s.c
[3.010s] -- Up-to-date: /home/can/ros2_ws/install/more_interfaces/lib/python3.8/site-packages/more_interfaces/more_interfaces_s__rosidl_typesupport_fastrtps_c.cpython-38-x86_64-linux-gnu.so
[3.011s] -- Up-to-date: /home/can/ros2_ws/install/more_interfaces/lib/python3.8/site-packages/more_interfaces/more_interfaces_s__rosidl_typesupport_introspection_c.cpython-38-x86_64-linux-gnu.so
[3.011s] -- Up-to-date: /home/can/ros2_ws/install/more_interfaces/lib/python3.8/site-packages/more_interfaces/more_interfaces_s__rosidl_typesupport_c.cpython-38-x86_64-linux-gnu.so
[3.011s] -- Up-to-date: /home/can/ros2_ws/install/more_interfaces/lib/libmore_interfaces__python.so
[3.012s] -- Up-to-date: /home/can/ros2_ws/install/more_interfaces/share/more_interfaces/msg/AddressBook.idl
[3.012s] -- Up-to-date: /home/can/ros2_ws/install/more_interfaces/share/more_interfaces/msg/AddressBook.msg
[3.012s] -- Up-to-date: /home/can/ros2_ws/install/more_interfaces/lib/more_interfaces/publish_address_book
[3.012s] -- Up-to-date: /home/can/ros2_ws/install/more_interfaces/share/ament_index/resource_index/package_run_dependencies/more_interfaces
[3.012s] -- Up-to-date: /home/can/ros2_ws/install/more_interfaces/share/ament_index/resource_index/parent_prefix_path/more_interfaces
[3.013s] -- Up-to-date: /home/can/ros2_ws/install/more_interfaces/share/more_interfaces/environment/ament_prefix_path.sh
[3.013s] -- Up-to-date: /home/can/ros2_ws/install/more_interfaces/share/more_interfaces/environment/ament_prefix_path.dsv
[3.013s] -- Up-to-date: /home/can/ros2_ws/install/more_interfaces/share/more_interfaces/environment/path.sh
[3.013s] -- Up-to-date: /home/can/ros2_ws/install/more_interfaces/share/more_interfaces/environment/path.dsv
[3.013s] -- Up-to-date: /home/can/ros2_ws/install/more_interfaces/share/more_interfaces/local_setup.bash
[3.013s] -- Up-to-date: /home/can/ros2_ws/install/more_interfaces/share/more_interfaces/local_setup.sh
[3.013s] -- Up-to-date: /home/can/ros2_ws/install/more_interfaces/share/more_interfaces/local_setup.zsh
[3.013s] -- Up-to-date: /home/can/ros2_ws/install/more_interfaces/share/more_interfaces/local_setup.dsv
[3.013s] -- Installing: /home/can/ros2_ws/install/more_interfaces/share/more_interfaces/package.dsv
[3.013s] -- Up-to-date: /home/can/ros2_ws/install/more_interfaces/share/ament_index/resource_index/packages/more_interfaces
[3.013s] -- Up-to-date: /home/can/ros2_ws/install/more_interfaces/share/more_interfaces/cmake/more_interfaces__rosidl_generator_cExport.cmake
[3.014s] -- Up-to-date: /home/can/ros2_ws/install/more_interfaces/share/more_interfaces/cmake/more_interfaces__rosidl_generator_cExport-noconfig.cmake
[3.015s] -- Up-to-date: /home/can/ros2_ws/install/more_interfaces/share/more_interfaces/cmake/more_interfaces__rosidl_typesupport_introspection_cExport.cmake
[3.015s] -- Up-to-date: /home/can/ros2_ws/install/more_interfaces/share/more_interfaces/cmake/more_interfaces__rosidl_typesupport_introspection_cExport-noconfig.cmake
[3.015s] -- Up-to-date: /home/can/ros2_ws/install/more_interfaces/share/more_interfaces/cmake/more_interfaces__rosidl_typesupport_cExport.cmake
[3.015s] -- Up-to-date: /home/can/ros2_ws/install/more_interfaces/share/more_interfaces/cmake/more_interfaces__rosidl_typesupport_cExport-noconfig.cmake
[3.015s] -- Up-to-date: /home/can/ros2_ws/install/more_interfaces/share/more_interfaces/cmake/more_interfaces__rosidl_generator_cppExport.cmake
[3.015s] -- Up-to-date: /home/can/ros2_ws/install/more_interfaces/share/more_interfaces/cmake/more_interfaces__rosidl_typesupport_introspection_cppExport.cmake
[3.015s] -- Up-to-date: /home/can/ros2_ws/install/more_interfaces/share/more_interfaces/cmake/more_interfaces__rosidl_typesupport_introspection_cppExport-noconfig.cmake
[3.015s] -- Up-to-date: /home/can/ros2_ws/install/more_interfaces/share/more_interfaces/cmake/more_interfaces__rosidl_typesupport_cppExport.cmake
[3.016s] -- Up-to-date: /home/can/ros2_ws/install/more_interfaces/share/more_interfaces/cmake/more_interfaces__rosidl_typesupport_cppExport-noconfig.cmake
[3.016s] -- Up-to-date: /home/can/ros2_ws/install/more_interfaces/share/more_interfaces/cmake/rosidl_cmake-extras.cmake
[3.016s] -- Up-to-date: /home/can/ros2_ws/install/more_interfaces/share/more_interfaces/cmake/ament_cmake_export_dependencies-extras.cmake
[3.016s] -- Up-to-date: /home/can/ros2_ws/install/more_interfaces/share/more_interfaces/cmake/ament_cmake_export_libraries-extras.cmake
[3.016s] -- Up-to-date: /home/can/ros2_ws/install/more_interfaces/share/more_interfaces/cmake/ament_cmake_export_targets-extras.cmake
[3.016s] -- Up-to-date: /home/can/ros2_ws/install/more_interfaces/share/more_interfaces/cmake/ament_cmake_export_include_directories-extras.cmake
[3.016s] -- Up-to-date: /home/can/ros2_ws/install/more_interfaces/share/more_interfaces/cmake/rosidl_cmake_export_typesupport_libraries-extras.cmake
[3.016s] -- Up-to-date: /home/can/ros2_ws/install/more_interfaces/share/more_interfaces/cmake/rosidl_cmake_export_typesupport_targets-extras.cmake
[3.016s] -- Up-to-date: /home/can/ros2_ws/install/more_interfaces/share/more_interfaces/cmake/more_interfacesConfig.cmake
[3.016s] -- Up-to-date: /home/can/ros2_ws/install/more_interfaces/share/more_interfaces/cmake/more_interfacesConfig-version.cmake
[3.016s] -- Up-to-date: /home/can/ros2_ws/install/more_interfaces/share/more_interfaces/package.xml
[3.114s] Invoked command in '/home/can/ros2_ws/build/more_interfaces' returned '0': CMAKE_PREFIX_PATH=${CMAKE_PREFIX_PATH}:/home/can/ros2_ws/install/py_pubsub:/home/can/ros2_ws/install/py_srvcli:/home/can/ros2_ws/install/examples_rclpy_minimal_subscriber:/home/can/ros2_ws/install/examples_rclpy_minimal_service:/home/can/ros2_ws/install/examples_rclpy_minimal_publisher:/home/can/ros2_ws/install/examples_rclpy_minimal_client:/home/can/ros2_ws/install/examples_rclpy_minimal_action_server:/home/can/ros2_ws/install/examples_rclpy_minimal_action_client:/home/can/ros2_ws/install/examples_rclpy_executors:/opt/ros/foxy /usr/bin/cmake --install /home/can/ros2_ws/build/more_interfaces
