[0.074s] Invoking command in '/home/can/ros2_ws/build/polygon_base': CMAKE_PREFIX_PATH=/opt/ros/foxy /usr/bin/cmake /home/can/ros2_ws/src/polygon_base -DCMAKE_INSTALL_PREFIX=/home/can/ros2_ws/install/polygon_base
[0.084s] -- Found ament_cmake: 0.9.12 (/opt/ros/foxy/share/ament_cmake/cmake)
[0.098s] -- Using PYTHON_EXECUTABLE: /usr/bin/python3
[0.211s] -- Found pluginlib: 2.5.4 (/opt/ros/foxy/share/pluginlib/cmake)
[0.235s] -- Found ament_lint_auto: 0.9.8 (/opt/ros/foxy/share/ament_lint_auto/cmake)
[0.280s] -- Added test 'copyright' to check source files copyright and LICENSE
[0.280s] -- Added test 'cppcheck' to perform static code analysis on C / C++ code
[0.280s] -- Configured cppcheck include dirs: $<BUILD_INTERFACE:/home/can/ros2_ws/src/polygon_base/include>
[0.280s] -- Configured cppcheck exclude dirs and/or files: 
[0.281s] -- Added test 'cpplint' to check C / C++ code against the Google style
[0.281s] -- Configured cpplint exclude dirs and/or files: 
[0.281s] -- Added test 'lint_cmake' to check CMake code style
[0.282s] -- Added test 'uncrustify' to check C / C++ code style
[0.282s] -- Configured uncrustify additional arguments: 
[0.282s] -- Added test 'xmllint' to check XML markup files
[0.283s] -- Configuring done
[0.285s] -- Generating done
[0.286s] -- Build files have been written to: /home/can/ros2_ws/build/polygon_base
[0.289s] Invoked command in '/home/can/ros2_ws/build/polygon_base' returned '0': CMAKE_PREFIX_PATH=/opt/ros/foxy /usr/bin/cmake /home/can/ros2_ws/src/polygon_base -DCMAKE_INSTALL_PREFIX=/home/can/ros2_ws/install/polygon_base
[0.291s] Invoking command in '/home/can/ros2_ws/build/polygon_base': CMAKE_PREFIX_PATH=/opt/ros/foxy /usr/bin/cmake --build /home/can/ros2_ws/build/polygon_base -- -j16 -l16
[0.321s] [35m[1mScanning dependencies of target area_node[0m
[0.333s] [ 50%] [32mBuilding CXX object CMakeFiles/area_node.dir/src/area_node.cpp.o[0m
[0.360s] [100%] [32m[1mLinking CXX executable area_node[0m
[0.407s] [100%] Built target area_node
[0.416s] Invoked command in '/home/can/ros2_ws/build/polygon_base' returned '0': CMAKE_PREFIX_PATH=/opt/ros/foxy /usr/bin/cmake --build /home/can/ros2_ws/build/polygon_base -- -j16 -l16
[0.464s] Invoking command in '/home/can/ros2_ws/build/polygon_base': CMAKE_PREFIX_PATH=/opt/ros/foxy /usr/bin/cmake --install /home/can/ros2_ws/build/polygon_base
[0.473s] -- Install configuration: ""
[0.473s] -- Installing: /home/can/ros2_ws/install/polygon_base/lib/polygon_base/area_node
[0.473s] -- Set runtime path of "/home/can/ros2_ws/install/polygon_base/lib/polygon_base/area_node" to ""
[0.473s] -- Installing: /home/can/ros2_ws/install/polygon_base/include
[0.473s] -- Installing: /home/can/ros2_ws/install/polygon_base/include/polygon_base
[0.473s] -- Installing: /home/can/ros2_ws/install/polygon_base/include/polygon_base/regular_polygon.hpp
[0.473s] -- Installing: /home/can/ros2_ws/install/polygon_base/share/ament_index/resource_index/package_run_dependencies/polygon_base
[0.473s] -- Installing: /home/can/ros2_ws/install/polygon_base/share/ament_index/resource_index/parent_prefix_path/polygon_base
[0.473s] -- Installing: /home/can/ros2_ws/install/polygon_base/share/polygon_base/environment/ament_prefix_path.sh
[0.473s] -- Installing: /home/can/ros2_ws/install/polygon_base/share/polygon_base/environment/ament_prefix_path.dsv
[0.474s] -- Installing: /home/can/ros2_ws/install/polygon_base/share/polygon_base/environment/path.sh
[0.474s] -- Installing: /home/can/ros2_ws/install/polygon_base/share/polygon_base/environment/path.dsv
[0.474s] -- Installing: /home/can/ros2_ws/install/polygon_base/share/polygon_base/local_setup.bash
[0.474s] -- Installing: /home/can/ros2_ws/install/polygon_base/share/polygon_base/local_setup.sh
[0.474s] -- Installing: /home/can/ros2_ws/install/polygon_base/share/polygon_base/local_setup.zsh
[0.474s] -- Installing: /home/can/ros2_ws/install/polygon_base/share/polygon_base/local_setup.dsv
[0.474s] -- Installing: /home/can/ros2_ws/install/polygon_base/share/polygon_base/package.dsv
[0.474s] -- Installing: /home/can/ros2_ws/install/polygon_base/share/ament_index/resource_index/packages/polygon_base
[0.474s] -- Installing: /home/can/ros2_ws/install/polygon_base/share/polygon_base/cmake/ament_cmake_export_include_directories-extras.cmake
[0.474s] -- Installing: /home/can/ros2_ws/install/polygon_base/share/polygon_base/cmake/polygon_baseConfig.cmake
[0.474s] -- Installing: /home/can/ros2_ws/install/polygon_base/share/polygon_base/cmake/polygon_baseConfig-version.cmake
[0.474s] -- Installing: /home/can/ros2_ws/install/polygon_base/share/polygon_base/package.xml
[0.476s] Invoked command in '/home/can/ros2_ws/build/polygon_base' returned '0': CMAKE_PREFIX_PATH=/opt/ros/foxy /usr/bin/cmake --install /home/can/ros2_ws/build/polygon_base
