[3.684s] Invoking command in '/home/can/ros2_ws/build/examples_rclpy_minimal_action_client': PYTHONPATH=/home/can/ros2_ws/build/examples_rclpy_minimal_action_client/prefix_override:/home/can/ros2_ws/install/examples_rclpy_minimal_action_client/lib/python3.8/site-packages:${PYTHONPATH} /usr/bin/python3 setup.py develop --uninstall --editable --build-directory /home/can/ros2_ws/build/examples_rclpy_minimal_action_client/build
[4.110s] running develop
[4.110s] Removing /home/can/ros2_ws/install/examples_rclpy_minimal_action_client/lib/python3.8/site-packages/examples-rclpy-minimal-action-client.egg-link (link to .)
[4.689s] Invoked command in '/home/can/ros2_ws/build/examples_rclpy_minimal_action_client' returned '0': PYTHONPATH=/home/can/ros2_ws/build/examples_rclpy_minimal_action_client/prefix_override:/home/can/ros2_ws/install/examples_rclpy_minimal_action_client/lib/python3.8/site-packages:${PYTHONPATH} /usr/bin/python3 setup.py develop --uninstall --editable --build-directory /home/can/ros2_ws/build/examples_rclpy_minimal_action_client/build
[4.691s] Invoking command in '/home/can/ros2_ws/src/examples/rclpy/actions/minimal_action_client': PYTHONPATH=/home/can/ros2_ws/build/examples_rclpy_minimal_action_client/prefix_override:/home/can/ros2_ws/install/examples_rclpy_minimal_action_client/lib/python3.8/site-packages:${PYTHONPATH} /usr/bin/python3 setup.py egg_info --egg-base ../../../../../build/examples_rclpy_minimal_action_client build --build-base /home/can/ros2_ws/build/examples_rclpy_minimal_action_client/build install --record /home/can/ros2_ws/build/examples_rclpy_minimal_action_client/install.log --install-scripts $base/lib/examples_rclpy_minimal_action_client --single-version-externally-managed
[4.901s] running egg_info
[4.902s] writing ../../../../../build/examples_rclpy_minimal_action_client/examples_rclpy_minimal_action_client.egg-info/PKG-INFO
[4.902s] writing dependency_links to ../../../../../build/examples_rclpy_minimal_action_client/examples_rclpy_minimal_action_client.egg-info/dependency_links.txt
[4.902s] writing entry points to ../../../../../build/examples_rclpy_minimal_action_client/examples_rclpy_minimal_action_client.egg-info/entry_points.txt
[4.902s] writing requirements to ../../../../../build/examples_rclpy_minimal_action_client/examples_rclpy_minimal_action_client.egg-info/requires.txt
[4.902s] writing top-level names to ../../../../../build/examples_rclpy_minimal_action_client/examples_rclpy_minimal_action_client.egg-info/top_level.txt
[4.940s] reading manifest file '../../../../../build/examples_rclpy_minimal_action_client/examples_rclpy_minimal_action_client.egg-info/SOURCES.txt'
[4.941s] writing manifest file '../../../../../build/examples_rclpy_minimal_action_client/examples_rclpy_minimal_action_client.egg-info/SOURCES.txt'
[4.941s] running build
[4.942s] running build_py
[4.942s] creating /home/can/ros2_ws/build/examples_rclpy_minimal_action_client/build
[4.942s] creating /home/can/ros2_ws/build/examples_rclpy_minimal_action_client/build/lib
[4.942s] creating /home/can/ros2_ws/build/examples_rclpy_minimal_action_client/build/lib/examples_rclpy_minimal_action_client
[4.942s] copying examples_rclpy_minimal_action_client/__init__.py -> /home/can/ros2_ws/build/examples_rclpy_minimal_action_client/build/lib/examples_rclpy_minimal_action_client
[4.942s] copying examples_rclpy_minimal_action_client/client.py -> /home/can/ros2_ws/build/examples_rclpy_minimal_action_client/build/lib/examples_rclpy_minimal_action_client
[4.943s] copying examples_rclpy_minimal_action_client/client_cancel.py -> /home/can/ros2_ws/build/examples_rclpy_minimal_action_client/build/lib/examples_rclpy_minimal_action_client
[4.943s] copying examples_rclpy_minimal_action_client/client_not_composable.py -> /home/can/ros2_ws/build/examples_rclpy_minimal_action_client/build/lib/examples_rclpy_minimal_action_client
[4.943s] running install
[4.943s] running install_lib
[4.944s] creating /home/can/ros2_ws/install/examples_rclpy_minimal_action_client/lib/python3.8/site-packages/examples_rclpy_minimal_action_client
[4.944s] copying /home/can/ros2_ws/build/examples_rclpy_minimal_action_client/build/lib/examples_rclpy_minimal_action_client/__init__.py -> /home/can/ros2_ws/install/examples_rclpy_minimal_action_client/lib/python3.8/site-packages/examples_rclpy_minimal_action_client
[4.944s] copying /home/can/ros2_ws/build/examples_rclpy_minimal_action_client/build/lib/examples_rclpy_minimal_action_client/client.py -> /home/can/ros2_ws/install/examples_rclpy_minimal_action_client/lib/python3.8/site-packages/examples_rclpy_minimal_action_client
[4.944s] copying /home/can/ros2_ws/build/examples_rclpy_minimal_action_client/build/lib/examples_rclpy_minimal_action_client/client_cancel.py -> /home/can/ros2_ws/install/examples_rclpy_minimal_action_client/lib/python3.8/site-packages/examples_rclpy_minimal_action_client
[4.944s] copying /home/can/ros2_ws/build/examples_rclpy_minimal_action_client/build/lib/examples_rclpy_minimal_action_client/client_not_composable.py -> /home/can/ros2_ws/install/examples_rclpy_minimal_action_client/lib/python3.8/site-packages/examples_rclpy_minimal_action_client
[4.945s] byte-compiling /home/can/ros2_ws/install/examples_rclpy_minimal_action_client/lib/python3.8/site-packages/examples_rclpy_minimal_action_client/__init__.py to __init__.cpython-38.pyc
[4.946s] byte-compiling /home/can/ros2_ws/install/examples_rclpy_minimal_action_client/lib/python3.8/site-packages/examples_rclpy_minimal_action_client/client.py to client.cpython-38.pyc
[4.948s] byte-compiling /home/can/ros2_ws/install/examples_rclpy_minimal_action_client/lib/python3.8/site-packages/examples_rclpy_minimal_action_client/client_cancel.py to client_cancel.cpython-38.pyc
[4.948s] byte-compiling /home/can/ros2_ws/install/examples_rclpy_minimal_action_client/lib/python3.8/site-packages/examples_rclpy_minimal_action_client/client_not_composable.py to client_not_composable.cpython-38.pyc
[4.948s] running install_data
[4.948s] running install_egg_info
[4.951s] Copying ../../../../../build/examples_rclpy_minimal_action_client/examples_rclpy_minimal_action_client.egg-info to /home/can/ros2_ws/install/examples_rclpy_minimal_action_client/lib/python3.8/site-packages/examples_rclpy_minimal_action_client-0.9.4-py3.8.egg-info
[4.952s] running install_scripts
[4.969s] Installing client script to /home/can/ros2_ws/install/examples_rclpy_minimal_action_client/lib/examples_rclpy_minimal_action_client
[4.969s] Installing client_cancel script to /home/can/ros2_ws/install/examples_rclpy_minimal_action_client/lib/examples_rclpy_minimal_action_client
[4.969s] Installing client_not_composable script to /home/can/ros2_ws/install/examples_rclpy_minimal_action_client/lib/examples_rclpy_minimal_action_client
[4.969s] writing list of installed files to '/home/can/ros2_ws/build/examples_rclpy_minimal_action_client/install.log'
[5.084s] Invoked command in '/home/can/ros2_ws/src/examples/rclpy/actions/minimal_action_client' returned '0': PYTHONPATH=/home/can/ros2_ws/build/examples_rclpy_minimal_action_client/prefix_override:/home/can/ros2_ws/install/examples_rclpy_minimal_action_client/lib/python3.8/site-packages:${PYTHONPATH} /usr/bin/python3 setup.py egg_info --egg-base ../../../../../build/examples_rclpy_minimal_action_client build --build-base /home/can/ros2_ws/build/examples_rclpy_minimal_action_client/build install --record /home/can/ros2_ws/build/examples_rclpy_minimal_action_client/install.log --install-scripts $base/lib/examples_rclpy_minimal_action_client --single-version-externally-managed
