[0.829s] Invoking command in '/home/can/ros2_ws/build/examples_rclcpp_minimal_timer': CMAKE_PREFIX_PATH=/opt/ros/foxy /usr/bin/cmake /home/can/ros2_ws/src/examples/rclcpp/timers/minimal_timer -DAMENT_CMAKE_SYMLINK_INSTALL=1 -DCMAKE_INSTALL_PREFIX=/home/can/ros2_ws/install/examples_rclcpp_minimal_timer
[3.275s] -- The C compiler identification is GNU 9.4.0
[3.275s] -- The CXX compiler identification is GNU 9.4.0
[3.275s] -- Check for working C compiler: /usr/bin/cc
[3.275s] -- Check for working C compiler: /usr/bin/cc -- works
[3.275s] -- Detecting C compiler ABI info
[3.275s] -- Detecting C compiler ABI info - done
[3.275s] -- Detecting C compile features
[3.275s] -- Detecting C compile features - done
[3.275s] -- Check for working CXX compiler: /usr/bin/c++
[3.275s] -- Check for working CXX compiler: /usr/bin/c++ -- works
[3.275s] -- Detecting CXX compiler ABI info
[3.275s] -- Detecting CXX compiler ABI info - done
[3.276s] -- Detecting CXX compile features
[3.276s] -- Detecting CXX compile features - done
[3.276s] -- Found ament_cmake: 0.9.12 (/opt/ros/foxy/share/ament_cmake/cmake)
[3.276s] -- Found PythonInterp: /usr/bin/python3 (found suitable version "3.8.10", minimum required is "3") 
[3.276s] -- Using PYTHON_EXECUTABLE: /usr/bin/python3
[3.276s] -- Override CMake install command with custom implementation using symlinks instead of copying resources
[3.276s] -- Found rclcpp: 2.4.3 (/opt/ros/foxy/share/rclcpp/cmake)
[3.276s] -- Using all available rosidl_typesupport_c: rosidl_typesupport_fastrtps_c;rosidl_typesupport_introspection_c
[3.276s] -- Found rosidl_adapter: 1.3.1 (/opt/ros/foxy/share/rosidl_adapter/cmake)
[3.276s] -- Found OpenSSL: /usr/lib/x86_64-linux-gnu/libcrypto.so (found version "1.1.1f")  
[3.276s] -- Found FastRTPS: /opt/ros/foxy/include  
[3.276s] -- Using all available rosidl_typesupport_cpp: rosidl_typesupport_fastrtps_cpp;rosidl_typesupport_introspection_cpp
[3.276s] -- Found rmw_implementation_cmake: 1.0.4 (/opt/ros/foxy/share/rmw_implementation_cmake/cmake)
[3.276s] -- Using RMW implementation 'rmw_fastrtps_cpp' as default
[3.276s] -- Looking for pthread.h
[3.276s] -- Looking for pthread.h - found
[3.276s] -- Performing Test CMAKE_HAVE_LIBC_PTHREAD
[3.276s] -- Performing Test CMAKE_HAVE_LIBC_PTHREAD - Failed
[3.276s] -- Looking for pthread_create in pthreads
[3.276s] -- Looking for pthread_create in pthreads - not found
[3.276s] -- Looking for pthread_create in pthread
[3.276s] -- Looking for pthread_create in pthread - found
[3.277s] -- Found Threads: TRUE  
[3.277s] -- Found ament_lint_auto: 0.9.8 (/opt/ros/foxy/share/ament_lint_auto/cmake)
[3.277s] -- Added test 'copyright' to check source files copyright and LICENSE
[3.277s] -- Added test 'cppcheck' to perform static code analysis on C / C++ code
[3.277s] -- Configured cppcheck include dirs: 
[3.277s] -- Configured cppcheck exclude dirs and/or files: 
[3.277s] -- Added test 'cpplint' to check C / C++ code against the Google style
[3.277s] -- Configured cpplint exclude dirs and/or files: 
[3.277s] -- Added test 'lint_cmake' to check CMake code style
[3.277s] -- Added test 'uncrustify' to check C / C++ code style
[3.277s] -- Configured uncrustify additional arguments: 
[3.277s] -- Added test 'xmllint' to check XML markup files
[3.277s] -- Configuring done
[3.277s] -- Generating done
[3.277s] -- Build files have been written to: /home/can/ros2_ws/build/examples_rclcpp_minimal_timer
[3.300s] Invoked command in '/home/can/ros2_ws/build/examples_rclcpp_minimal_timer' returned '0': CMAKE_PREFIX_PATH=/opt/ros/foxy /usr/bin/cmake /home/can/ros2_ws/src/examples/rclcpp/timers/minimal_timer -DAMENT_CMAKE_SYMLINK_INSTALL=1 -DCMAKE_INSTALL_PREFIX=/home/can/ros2_ws/install/examples_rclcpp_minimal_timer
[3.303s] Invoking command in '/home/can/ros2_ws/build/examples_rclcpp_minimal_timer': CMAKE_PREFIX_PATH=/opt/ros/foxy /usr/bin/cmake --build /home/can/ros2_ws/build/examples_rclcpp_minimal_timer -- -j16 -l16
[3.354s] [35m[1mScanning dependencies of target timer_lambda[0m
[3.355s] [35m[1mScanning dependencies of target timer_member_function[0m
[3.433s] [ 25%] [32mBuilding CXX object CMakeFiles/timer_member_function.dir/member_function.cpp.o[0m
[3.454s] [ 50%] [32mBuilding CXX object CMakeFiles/timer_lambda.dir/lambda.cpp.o[0m
[8.107s] [ 75%] [32m[1mLinking CXX executable timer_member_function[0m
[8.142s] [100%] [32m[1mLinking CXX executable timer_lambda[0m
[8.472s] [100%] Built target timer_member_function
[8.563s] [100%] Built target timer_lambda
[8.940s] Invoked command in '/home/can/ros2_ws/build/examples_rclcpp_minimal_timer' returned '0': CMAKE_PREFIX_PATH=/opt/ros/foxy /usr/bin/cmake --build /home/can/ros2_ws/build/examples_rclcpp_minimal_timer -- -j16 -l16
[9.037s] Invoking command in '/home/can/ros2_ws/build/examples_rclcpp_minimal_timer': CMAKE_PREFIX_PATH=/opt/ros/foxy /usr/bin/cmake --install /home/can/ros2_ws/build/examples_rclcpp_minimal_timer
[9.049s] -- Install configuration: ""
[9.049s] -- Execute custom install script
[9.050s] -- Symlinking: /home/can/ros2_ws/install/examples_rclcpp_minimal_timer/lib/examples_rclcpp_minimal_timer/timer_lambda
[9.065s] -- Symlinking: /home/can/ros2_ws/install/examples_rclcpp_minimal_timer/lib/examples_rclcpp_minimal_timer/timer_member_function
[9.077s] -- Symlinking: /home/can/ros2_ws/install/examples_rclcpp_minimal_timer/share/ament_index/resource_index/package_run_dependencies/examples_rclcpp_minimal_timer
[9.101s] -- Symlinking: /home/can/ros2_ws/install/examples_rclcpp_minimal_timer/share/ament_index/resource_index/parent_prefix_path/examples_rclcpp_minimal_timer
[9.125s] -- Symlinking: /home/can/ros2_ws/install/examples_rclcpp_minimal_timer/share/examples_rclcpp_minimal_timer/environment/ament_prefix_path.sh
[9.138s] -- Symlinking: /home/can/ros2_ws/install/examples_rclcpp_minimal_timer/share/examples_rclcpp_minimal_timer/environment/ament_prefix_path.dsv
[9.151s] -- Symlinking: /home/can/ros2_ws/install/examples_rclcpp_minimal_timer/share/examples_rclcpp_minimal_timer/environment/path.sh
[9.166s] -- Symlinking: /home/can/ros2_ws/install/examples_rclcpp_minimal_timer/share/examples_rclcpp_minimal_timer/environment/path.dsv
[9.190s] -- Symlinking: /home/can/ros2_ws/install/examples_rclcpp_minimal_timer/share/examples_rclcpp_minimal_timer/local_setup.bash
[9.203s] -- Symlinking: /home/can/ros2_ws/install/examples_rclcpp_minimal_timer/share/examples_rclcpp_minimal_timer/local_setup.sh
[9.215s] -- Symlinking: /home/can/ros2_ws/install/examples_rclcpp_minimal_timer/share/examples_rclcpp_minimal_timer/local_setup.zsh
[9.227s] -- Symlinking: /home/can/ros2_ws/install/examples_rclcpp_minimal_timer/share/examples_rclcpp_minimal_timer/local_setup.dsv
[9.239s] -- Symlinking: /home/can/ros2_ws/install/examples_rclcpp_minimal_timer/share/examples_rclcpp_minimal_timer/package.dsv
[9.252s] -- Symlinking: /home/can/ros2_ws/install/examples_rclcpp_minimal_timer/share/ament_index/resource_index/packages/examples_rclcpp_minimal_timer
[9.264s] -- Symlinking: /home/can/ros2_ws/install/examples_rclcpp_minimal_timer/share/examples_rclcpp_minimal_timer/cmake/examples_rclcpp_minimal_timerConfig.cmake
[9.277s] -- Symlinking: /home/can/ros2_ws/install/examples_rclcpp_minimal_timer/share/examples_rclcpp_minimal_timer/cmake/examples_rclcpp_minimal_timerConfig-version.cmake
[9.291s] -- Symlinking: /home/can/ros2_ws/install/examples_rclcpp_minimal_timer/share/examples_rclcpp_minimal_timer/package.xml
[9.313s] Invoked command in '/home/can/ros2_ws/build/examples_rclcpp_minimal_timer' returned '0': CMAKE_PREFIX_PATH=/opt/ros/foxy /usr/bin/cmake --install /home/can/ros2_ws/build/examples_rclcpp_minimal_timer
