[0.550s] Invoking command in '/home/can/ros2_ws/src/py_pubsub': PYTHONPATH=/home/can/ros2_ws/build/py_pubsub/prefix_override:/home/can/ros2_ws/install/py_pubsub/lib/python3.8/site-packages:${PYTHONPATH} /usr/bin/python3 setup.py egg_info --egg-base ../../build/py_pubsub build --build-base /home/can/ros2_ws/build/py_pubsub/build install --record /home/can/ros2_ws/build/py_pubsub/install.log --install-scripts $base/lib/py_pubsub --single-version-externally-managed
[0.677s] running egg_info
[0.678s] creating ../../build/py_pubsub/py_pubsub.egg-info
[0.678s] writing ../../build/py_pubsub/py_pubsub.egg-info/PKG-INFO
[0.678s] writing dependency_links to ../../build/py_pubsub/py_pubsub.egg-info/dependency_links.txt
[0.678s] writing entry points to ../../build/py_pubsub/py_pubsub.egg-info/entry_points.txt
[0.678s] writing requirements to ../../build/py_pubsub/py_pubsub.egg-info/requires.txt
[0.678s] writing top-level names to ../../build/py_pubsub/py_pubsub.egg-info/top_level.txt
[0.678s] writing manifest file '../../build/py_pubsub/py_pubsub.egg-info/SOURCES.txt'
[0.699s] reading manifest file '../../build/py_pubsub/py_pubsub.egg-info/SOURCES.txt'
[0.699s] writing manifest file '../../build/py_pubsub/py_pubsub.egg-info/SOURCES.txt'
[0.699s] running build
[0.700s] running build_py
[0.700s] creating /home/can/ros2_ws/build/py_pubsub/build
[0.700s] creating /home/can/ros2_ws/build/py_pubsub/build/lib
[0.700s] creating /home/can/ros2_ws/build/py_pubsub/build/lib/py_pubsub
[0.700s] copying py_pubsub/__init__.py -> /home/can/ros2_ws/build/py_pubsub/build/lib/py_pubsub
[0.700s] copying py_pubsub/publisher_member_function.py -> /home/can/ros2_ws/build/py_pubsub/build/lib/py_pubsub
[0.700s] copying py_pubsub/subscriber_member_function.py -> /home/can/ros2_ws/build/py_pubsub/build/lib/py_pubsub
[0.700s] running install
[0.700s] running install_lib
[0.700s] creating /home/can/ros2_ws/install/py_pubsub/lib/python3.8/site-packages/py_pubsub
[0.701s] copying /home/can/ros2_ws/build/py_pubsub/build/lib/py_pubsub/__init__.py -> /home/can/ros2_ws/install/py_pubsub/lib/python3.8/site-packages/py_pubsub
[0.701s] copying /home/can/ros2_ws/build/py_pubsub/build/lib/py_pubsub/publisher_member_function.py -> /home/can/ros2_ws/install/py_pubsub/lib/python3.8/site-packages/py_pubsub
[0.701s] copying /home/can/ros2_ws/build/py_pubsub/build/lib/py_pubsub/subscriber_member_function.py -> /home/can/ros2_ws/install/py_pubsub/lib/python3.8/site-packages/py_pubsub
[0.701s] byte-compiling /home/can/ros2_ws/install/py_pubsub/lib/python3.8/site-packages/py_pubsub/__init__.py to __init__.cpython-38.pyc
[0.702s] byte-compiling /home/can/ros2_ws/install/py_pubsub/lib/python3.8/site-packages/py_pubsub/publisher_member_function.py to publisher_member_function.cpython-38.pyc
[0.702s] byte-compiling /home/can/ros2_ws/install/py_pubsub/lib/python3.8/site-packages/py_pubsub/subscriber_member_function.py to subscriber_member_function.cpython-38.pyc
[0.702s] running install_data
[0.703s] creating /home/can/ros2_ws/install/py_pubsub/share/ament_index
[0.703s] creating /home/can/ros2_ws/install/py_pubsub/share/ament_index/resource_index
[0.703s] creating /home/can/ros2_ws/install/py_pubsub/share/ament_index/resource_index/packages
[0.703s] copying resource/py_pubsub -> /home/can/ros2_ws/install/py_pubsub/share/ament_index/resource_index/packages
[0.703s] copying package.xml -> /home/can/ros2_ws/install/py_pubsub/share/py_pubsub
[0.703s] running install_egg_info
[0.704s] Copying ../../build/py_pubsub/py_pubsub.egg-info to /home/can/ros2_ws/install/py_pubsub/lib/python3.8/site-packages/py_pubsub-0.0.0-py3.8.egg-info
[0.704s] running install_scripts
[0.716s] Installing listener script to /home/can/ros2_ws/install/py_pubsub/lib/py_pubsub
[0.716s] Installing talker script to /home/can/ros2_ws/install/py_pubsub/lib/py_pubsub
[0.717s] writing list of installed files to '/home/can/ros2_ws/build/py_pubsub/install.log'
[0.728s] Invoked command in '/home/can/ros2_ws/src/py_pubsub' returned '0': PYTHONPATH=/home/can/ros2_ws/build/py_pubsub/prefix_override:/home/can/ros2_ws/install/py_pubsub/lib/python3.8/site-packages:${PYTHONPATH} /usr/bin/python3 setup.py egg_info --egg-base ../../build/py_pubsub build --build-base /home/can/ros2_ws/build/py_pubsub/build install --record /home/can/ros2_ws/build/py_pubsub/install.log --install-scripts $base/lib/py_pubsub --single-version-externally-managed
