[1.228s] Invoking command in '/home/can/ros2_ws/build/examples_rclcpp_minimal_action_server': CMAKE_PREFIX_PATH=/opt/ros/foxy /usr/bin/cmake /home/can/ros2_ws/src/examples/rclcpp/actions/minimal_action_server -DAMENT_CMAKE_SYMLINK_INSTALL=1 -DCMAKE_INSTALL_PREFIX=/home/can/ros2_ws/install/examples_rclcpp_minimal_action_server
[3.674s] -- The C compiler identification is GNU 9.4.0
[3.675s] -- The CXX compiler identification is GNU 9.4.0
[3.675s] -- Check for working C compiler: /usr/bin/cc
[3.676s] -- Check for working C compiler: /usr/bin/cc -- works
[3.676s] -- Detecting C compiler ABI info
[3.676s] -- Detecting C compiler ABI info - done
[3.676s] -- Detecting C compile features
[3.676s] -- Detecting C compile features - done
[3.676s] -- Check for working CXX compiler: /usr/bin/c++
[3.676s] -- Check for working CXX compiler: /usr/bin/c++ -- works
[3.676s] -- Detecting CXX compiler ABI info
[3.676s] -- Detecting CXX compiler ABI info - done
[3.677s] -- Detecting CXX compile features
[3.677s] -- Detecting CXX compile features - done
[3.677s] -- Found ament_cmake: 0.9.12 (/opt/ros/foxy/share/ament_cmake/cmake)
[3.677s] -- Found PythonInterp: /usr/bin/python3 (found suitable version "3.8.10", minimum required is "3") 
[3.677s] -- Using PYTHON_EXECUTABLE: /usr/bin/python3
[3.677s] -- Override CMake install command with custom implementation using symlinks instead of copying resources
[3.677s] -- Found example_interfaces: 0.9.1 (/opt/ros/foxy/share/example_interfaces/cmake)
[3.677s] -- Using all available rosidl_typesupport_c: rosidl_typesupport_fastrtps_c;rosidl_typesupport_introspection_c
[3.677s] -- Found rosidl_adapter: 1.3.1 (/opt/ros/foxy/share/rosidl_adapter/cmake)
[3.677s] -- Found OpenSSL: /usr/lib/x86_64-linux-gnu/libcrypto.so (found version "1.1.1f")  
[3.677s] -- Found FastRTPS: /opt/ros/foxy/include  
[3.677s] -- Using all available rosidl_typesupport_cpp: rosidl_typesupport_fastrtps_cpp;rosidl_typesupport_introspection_cpp
[3.677s] -- Found rclcpp: 2.4.3 (/opt/ros/foxy/share/rclcpp/cmake)
[3.677s] -- Found rmw_implementation_cmake: 1.0.4 (/opt/ros/foxy/share/rmw_implementation_cmake/cmake)
[3.677s] -- Using RMW implementation 'rmw_fastrtps_cpp' as default
[3.677s] -- Looking for pthread.h
[3.677s] -- Looking for pthread.h - found
[3.677s] -- Performing Test CMAKE_HAVE_LIBC_PTHREAD
[3.677s] -- Performing Test CMAKE_HAVE_LIBC_PTHREAD - Failed
[3.677s] -- Looking for pthread_create in pthreads
[3.677s] -- Looking for pthread_create in pthreads - not found
[3.677s] -- Looking for pthread_create in pthread
[3.678s] -- Looking for pthread_create in pthread - found
[3.678s] -- Found Threads: TRUE  
[3.678s] -- Found rclcpp_action: 2.4.3 (/opt/ros/foxy/share/rclcpp_action/cmake)
[3.678s] -- Found ament_lint_auto: 0.9.8 (/opt/ros/foxy/share/ament_lint_auto/cmake)
[3.678s] -- Added test 'copyright' to check source files copyright and LICENSE
[3.678s] -- Added test 'cppcheck' to perform static code analysis on C / C++ code
[3.678s] -- Configured cppcheck include dirs: 
[3.678s] -- Configured cppcheck exclude dirs and/or files: 
[3.678s] -- Added test 'cpplint' to check C / C++ code against the Google style
[3.678s] -- Configured cpplint exclude dirs and/or files: 
[3.678s] -- Added test 'lint_cmake' to check CMake code style
[3.678s] -- Added test 'uncrustify' to check C / C++ code style
[3.678s] -- Configured uncrustify additional arguments: 
[3.678s] -- Added test 'xmllint' to check XML markup files
[3.678s] -- Configuring done
[3.678s] -- Generating done
[3.678s] -- Build files have been written to: /home/can/ros2_ws/build/examples_rclcpp_minimal_action_server
[3.703s] Invoked command in '/home/can/ros2_ws/build/examples_rclcpp_minimal_action_server' returned '0': CMAKE_PREFIX_PATH=/opt/ros/foxy /usr/bin/cmake /home/can/ros2_ws/src/examples/rclcpp/actions/minimal_action_server -DAMENT_CMAKE_SYMLINK_INSTALL=1 -DCMAKE_INSTALL_PREFIX=/home/can/ros2_ws/install/examples_rclcpp_minimal_action_server
[3.704s] Invoking command in '/home/can/ros2_ws/build/examples_rclcpp_minimal_action_server': CMAKE_PREFIX_PATH=/opt/ros/foxy /usr/bin/cmake --build /home/can/ros2_ws/build/examples_rclcpp_minimal_action_server -- -j16 -l16
[3.745s] [35m[1mScanning dependencies of target action_server_member_functions[0m
[3.746s] [35m[1mScanning dependencies of target action_server_not_composable[0m
[3.866s] [ 25%] [32mBuilding CXX object CMakeFiles/action_server_not_composable.dir/not_composable.cpp.o[0m
[3.872s] [ 50%] [32mBuilding CXX object CMakeFiles/action_server_member_functions.dir/member_functions.cpp.o[0m
[10.051s] [ 75%] [32m[1mLinking CXX executable action_server_member_functions[0m
[10.213s] [100%] [32m[1mLinking CXX executable action_server_not_composable[0m
[10.304s] [100%] Built target action_server_member_functions
[10.453s] [100%] Built target action_server_not_composable
[10.965s] Invoked command in '/home/can/ros2_ws/build/examples_rclcpp_minimal_action_server' returned '0': CMAKE_PREFIX_PATH=/opt/ros/foxy /usr/bin/cmake --build /home/can/ros2_ws/build/examples_rclcpp_minimal_action_server -- -j16 -l16
[10.992s] Invoking command in '/home/can/ros2_ws/build/examples_rclcpp_minimal_action_server': CMAKE_PREFIX_PATH=/opt/ros/foxy /usr/bin/cmake --install /home/can/ros2_ws/build/examples_rclcpp_minimal_action_server
[11.000s] -- Install configuration: ""
[11.000s] -- Execute custom install script
[11.000s] -- Symlinking: /home/can/ros2_ws/install/examples_rclcpp_minimal_action_server/lib/examples_rclcpp_minimal_action_server/action_server_not_composable
[11.009s] -- Symlinking: /home/can/ros2_ws/install/examples_rclcpp_minimal_action_server/lib/examples_rclcpp_minimal_action_server/action_server_member_functions
[11.018s] -- Symlinking: /home/can/ros2_ws/install/examples_rclcpp_minimal_action_server/share/ament_index/resource_index/package_run_dependencies/examples_rclcpp_minimal_action_server
[11.026s] -- Symlinking: /home/can/ros2_ws/install/examples_rclcpp_minimal_action_server/share/ament_index/resource_index/parent_prefix_path/examples_rclcpp_minimal_action_server
[11.034s] -- Symlinking: /home/can/ros2_ws/install/examples_rclcpp_minimal_action_server/share/examples_rclcpp_minimal_action_server/environment/ament_prefix_path.sh
[11.042s] -- Symlinking: /home/can/ros2_ws/install/examples_rclcpp_minimal_action_server/share/examples_rclcpp_minimal_action_server/environment/ament_prefix_path.dsv
[11.050s] -- Symlinking: /home/can/ros2_ws/install/examples_rclcpp_minimal_action_server/share/examples_rclcpp_minimal_action_server/environment/path.sh
[11.059s] -- Symlinking: /home/can/ros2_ws/install/examples_rclcpp_minimal_action_server/share/examples_rclcpp_minimal_action_server/environment/path.dsv
[11.067s] -- Symlinking: /home/can/ros2_ws/install/examples_rclcpp_minimal_action_server/share/examples_rclcpp_minimal_action_server/local_setup.bash
[11.076s] -- Symlinking: /home/can/ros2_ws/install/examples_rclcpp_minimal_action_server/share/examples_rclcpp_minimal_action_server/local_setup.sh
[11.084s] -- Symlinking: /home/can/ros2_ws/install/examples_rclcpp_minimal_action_server/share/examples_rclcpp_minimal_action_server/local_setup.zsh
[11.092s] -- Symlinking: /home/can/ros2_ws/install/examples_rclcpp_minimal_action_server/share/examples_rclcpp_minimal_action_server/local_setup.dsv
[11.101s] -- Symlinking: /home/can/ros2_ws/install/examples_rclcpp_minimal_action_server/share/examples_rclcpp_minimal_action_server/package.dsv
[11.109s] -- Symlinking: /home/can/ros2_ws/install/examples_rclcpp_minimal_action_server/share/ament_index/resource_index/packages/examples_rclcpp_minimal_action_server
[11.119s] -- Symlinking: /home/can/ros2_ws/install/examples_rclcpp_minimal_action_server/share/examples_rclcpp_minimal_action_server/cmake/examples_rclcpp_minimal_action_serverConfig.cmake
[11.127s] -- Symlinking: /home/can/ros2_ws/install/examples_rclcpp_minimal_action_server/share/examples_rclcpp_minimal_action_server/cmake/examples_rclcpp_minimal_action_serverConfig-version.cmake
[11.135s] -- Symlinking: /home/can/ros2_ws/install/examples_rclcpp_minimal_action_server/share/examples_rclcpp_minimal_action_server/package.xml
[11.146s] Invoked command in '/home/can/ros2_ws/build/examples_rclcpp_minimal_action_server' returned '0': CMAKE_PREFIX_PATH=/opt/ros/foxy /usr/bin/cmake --install /home/can/ros2_ws/build/examples_rclcpp_minimal_action_server
