[0.080s] Invoking command in '/home/can/ros2_ws/build/polygon_plugins': AMENT_PREFIX_PATH=/home/can/ros2_ws/install/polygon_base:${AMENT_PREFIX_PATH} CMAKE_PREFIX_PATH=/home/can/ros2_ws/install/polygon_base:/opt/ros/foxy /usr/bin/cmake /home/can/ros2_ws/src/polygon_plugins -DCMAKE_INSTALL_PREFIX=/home/can/ros2_ws/install/polygon_plugins
[0.088s] -- Found ament_cmake: 0.9.12 (/opt/ros/foxy/share/ament_cmake/cmake)
[0.106s] -- Using PYTHON_EXECUTABLE: /usr/bin/python3
[0.213s] -- Found ament_cmake_ros: 0.9.2 (/opt/ros/foxy/share/ament_cmake_ros/cmake)
[0.215s] -- Found polygon_base: 0.0.0 (/home/can/ros2_ws/install/polygon_base/share/polygon_base/cmake)
[0.216s] -- Found pluginlib: 2.5.4 (/opt/ros/foxy/share/pluginlib/cmake)
[0.238s] -- Found ament_lint_auto: 0.9.8 (/opt/ros/foxy/share/ament_lint_auto/cmake)
[0.279s] -- Added test 'copyright' to check source files copyright and LICENSE
[0.280s] -- Added test 'cppcheck' to perform static code analysis on C / C++ code
[0.280s] -- Configured cppcheck include dirs: $<BUILD_INTERFACE:/home/can/ros2_ws/src/polygon_plugins/include>
[0.280s] -- Configured cppcheck exclude dirs and/or files: 
[0.280s] -- Added test 'cpplint' to check C / C++ code against the Google style
[0.280s] -- Configured cpplint exclude dirs and/or files: 
[0.280s] -- Added test 'lint_cmake' to check CMake code style
[0.281s] -- Added test 'uncrustify' to check C / C++ code style
[0.281s] -- Configured uncrustify additional arguments: 
[0.281s] -- Added test 'xmllint' to check XML markup files
[0.282s] -- Configuring done
[0.285s] -- Generating done
[0.285s] -- Build files have been written to: /home/can/ros2_ws/build/polygon_plugins
[0.289s] Invoked command in '/home/can/ros2_ws/build/polygon_plugins' returned '0': AMENT_PREFIX_PATH=/home/can/ros2_ws/install/polygon_base:${AMENT_PREFIX_PATH} CMAKE_PREFIX_PATH=/home/can/ros2_ws/install/polygon_base:/opt/ros/foxy /usr/bin/cmake /home/can/ros2_ws/src/polygon_plugins -DCMAKE_INSTALL_PREFIX=/home/can/ros2_ws/install/polygon_plugins
[0.291s] Invoking command in '/home/can/ros2_ws/build/polygon_plugins': AMENT_PREFIX_PATH=/home/can/ros2_ws/install/polygon_base:${AMENT_PREFIX_PATH} CMAKE_PREFIX_PATH=/home/can/ros2_ws/install/polygon_base:/opt/ros/foxy /usr/bin/cmake --build /home/can/ros2_ws/build/polygon_plugins -- -j16 -l16
[0.318s] [35m[1mScanning dependencies of target polygon_plugins[0m
[0.332s] [ 50%] [32mBuilding CXX object CMakeFiles/polygon_plugins.dir/src/polygon_plugins.cpp.o[0m
[0.630s] [100%] [32m[1mLinking CXX shared library libpolygon_plugins.so[0m
[0.690s] [100%] Built target polygon_plugins
[0.701s] Invoked command in '/home/can/ros2_ws/build/polygon_plugins' returned '0': AMENT_PREFIX_PATH=/home/can/ros2_ws/install/polygon_base:${AMENT_PREFIX_PATH} CMAKE_PREFIX_PATH=/home/can/ros2_ws/install/polygon_base:/opt/ros/foxy /usr/bin/cmake --build /home/can/ros2_ws/build/polygon_plugins -- -j16 -l16
[0.726s] Invoking command in '/home/can/ros2_ws/build/polygon_plugins': AMENT_PREFIX_PATH=/home/can/ros2_ws/install/polygon_base:${AMENT_PREFIX_PATH} CMAKE_PREFIX_PATH=/home/can/ros2_ws/install/polygon_base:/opt/ros/foxy /usr/bin/cmake --install /home/can/ros2_ws/build/polygon_plugins
[0.734s] -- Install configuration: ""
[0.735s] -- Installing: /home/can/ros2_ws/install/polygon_plugins/share/polygon_plugins/plugins.xml
[0.735s] -- Installing: /home/can/ros2_ws/install/polygon_plugins/lib/libpolygon_plugins.so
[0.735s] -- Set runtime path of "/home/can/ros2_ws/install/polygon_plugins/lib/libpolygon_plugins.so" to ""
[0.735s] -- Installing: /home/can/ros2_ws/install/polygon_plugins/include
[0.735s] -- Installing: /home/can/ros2_ws/install/polygon_plugins/include/polygon_plugins
[0.735s] -- Installing: /home/can/ros2_ws/install/polygon_plugins/include/polygon_plugins/polygon_plugins.hpp
[0.735s] -- Installing: /home/can/ros2_ws/install/polygon_plugins/include/polygon_plugins/visibility_control.h
[0.735s] -- Up-to-date: /home/can/ros2_ws/install/polygon_plugins/lib/libpolygon_plugins.so
[0.735s] -- Installing: /home/can/ros2_ws/install/polygon_plugins/share/polygon_plugins/environment/library_path.sh
[0.735s] -- Installing: /home/can/ros2_ws/install/polygon_plugins/share/polygon_plugins/environment/library_path.dsv
[0.735s] -- Installing: /home/can/ros2_ws/install/polygon_plugins/share/ament_index/resource_index/package_run_dependencies/polygon_plugins
[0.735s] -- Installing: /home/can/ros2_ws/install/polygon_plugins/share/ament_index/resource_index/parent_prefix_path/polygon_plugins
[0.735s] -- Installing: /home/can/ros2_ws/install/polygon_plugins/share/polygon_plugins/environment/ament_prefix_path.sh
[0.735s] -- Installing: /home/can/ros2_ws/install/polygon_plugins/share/polygon_plugins/environment/ament_prefix_path.dsv
[0.735s] -- Installing: /home/can/ros2_ws/install/polygon_plugins/share/polygon_plugins/environment/path.sh
[0.735s] -- Installing: /home/can/ros2_ws/install/polygon_plugins/share/polygon_plugins/environment/path.dsv
[0.736s] -- Installing: /home/can/ros2_ws/install/polygon_plugins/share/polygon_plugins/local_setup.bash
[0.736s] -- Installing: /home/can/ros2_ws/install/polygon_plugins/share/polygon_plugins/local_setup.sh
[0.736s] -- Installing: /home/can/ros2_ws/install/polygon_plugins/share/polygon_plugins/local_setup.zsh
[0.736s] -- Installing: /home/can/ros2_ws/install/polygon_plugins/share/polygon_plugins/local_setup.dsv
[0.736s] -- Installing: /home/can/ros2_ws/install/polygon_plugins/share/polygon_plugins/package.dsv
[0.736s] -- Installing: /home/can/ros2_ws/install/polygon_plugins/share/ament_index/resource_index/packages/polygon_plugins
[0.736s] -- Installing: /home/can/ros2_ws/install/polygon_plugins/share/ament_index/resource_index/polygon_base__pluginlib__plugin/polygon_plugins
[0.736s] -- Installing: /home/can/ros2_ws/install/polygon_plugins/share/polygon_plugins/cmake/ament_cmake_export_include_directories-extras.cmake
[0.736s] -- Installing: /home/can/ros2_ws/install/polygon_plugins/share/polygon_plugins/cmake/ament_cmake_export_libraries-extras.cmake
[0.736s] -- Installing: /home/can/ros2_ws/install/polygon_plugins/share/polygon_plugins/cmake/polygon_pluginsConfig.cmake
[0.736s] -- Installing: /home/can/ros2_ws/install/polygon_plugins/share/polygon_plugins/cmake/polygon_pluginsConfig-version.cmake
[0.736s] -- Installing: /home/can/ros2_ws/install/polygon_plugins/share/polygon_plugins/package.xml
[0.738s] Invoked command in '/home/can/ros2_ws/build/polygon_plugins' returned '0': AMENT_PREFIX_PATH=/home/can/ros2_ws/install/polygon_base:${AMENT_PREFIX_PATH} CMAKE_PREFIX_PATH=/home/can/ros2_ws/install/polygon_base:/opt/ros/foxy /usr/bin/cmake --install /home/can/ros2_ws/build/polygon_plugins
