[3.873s] Invoking command in '/home/can/ros2_ws/build/examples_rclpy_minimal_service': PYTHONPATH=/home/can/ros2_ws/build/examples_rclpy_minimal_service/prefix_override:/home/can/ros2_ws/install/examples_rclpy_minimal_service/lib/python3.8/site-packages:${PYTHONPATH} /usr/bin/python3 setup.py develop --editable --build-directory /home/can/ros2_ws/build/examples_rclpy_minimal_service/build --no-deps install_data
[5.786s] running develop
[5.786s] running egg_info
[5.786s] creating examples_rclpy_minimal_service.egg-info
[5.786s] writing examples_rclpy_minimal_service.egg-info/PKG-INFO
[5.786s] writing dependency_links to examples_rclpy_minimal_service.egg-info/dependency_links.txt
[5.787s] writing entry points to examples_rclpy_minimal_service.egg-info/entry_points.txt
[5.787s] writing requirements to examples_rclpy_minimal_service.egg-info/requires.txt
[5.787s] writing top-level names to examples_rclpy_minimal_service.egg-info/top_level.txt
[5.787s] writing manifest file 'examples_rclpy_minimal_service.egg-info/SOURCES.txt'
[5.787s] reading manifest file 'examples_rclpy_minimal_service.egg-info/SOURCES.txt'
[5.787s] writing manifest file 'examples_rclpy_minimal_service.egg-info/SOURCES.txt'
[5.787s] running build_ext
[5.788s] Creating /home/can/ros2_ws/install/examples_rclpy_minimal_service/lib/python3.8/site-packages/site.py
[5.788s] Creating /home/can/ros2_ws/install/examples_rclpy_minimal_service/lib/python3.8/site-packages/examples-rclpy-minimal-service.egg-link (link to .)
[5.788s] Installing service script to /home/can/ros2_ws/install/examples_rclpy_minimal_service/lib/examples_rclpy_minimal_service
[5.788s] Installing service_member_function script to /home/can/ros2_ws/install/examples_rclpy_minimal_service/lib/examples_rclpy_minimal_service
[5.788s] 
[5.788s] Installed /home/can/ros2_ws/build/examples_rclpy_minimal_service
[5.788s] running install_data
[5.789s] creating /home/can/ros2_ws/install/examples_rclpy_minimal_service/share/ament_index
[5.789s] creating /home/can/ros2_ws/install/examples_rclpy_minimal_service/share/ament_index/resource_index
[5.789s] creating /home/can/ros2_ws/install/examples_rclpy_minimal_service/share/ament_index/resource_index/packages
[5.789s] copying resource/examples_rclpy_minimal_service -> /home/can/ros2_ws/install/examples_rclpy_minimal_service/share/ament_index/resource_index/packages
[5.799s] copying package.xml -> /home/can/ros2_ws/install/examples_rclpy_minimal_service/share/examples_rclpy_minimal_service
[7.545s] Invoked command in '/home/can/ros2_ws/build/examples_rclpy_minimal_service' returned '0': PYTHONPATH=/home/can/ros2_ws/build/examples_rclpy_minimal_service/prefix_override:/home/can/ros2_ws/install/examples_rclpy_minimal_service/lib/python3.8/site-packages:${PYTHONPATH} /usr/bin/python3 setup.py develop --editable --build-directory /home/can/ros2_ws/build/examples_rclpy_minimal_service/build --no-deps install_data
