[1.120s] Invoking command in '/home/can/ros2_ws/build/examples_rclcpp_minimal_composition': CMAKE_PREFIX_PATH=/opt/ros/foxy /usr/bin/cmake /home/can/ros2_ws/src/examples/rclcpp/composition/minimal_composition -DCMAKE_INSTALL_PREFIX=/home/can/ros2_ws/install/examples_rclcpp_minimal_composition
[2.998s] -- Found ament_cmake: 0.9.12 (/opt/ros/foxy/share/ament_cmake/cmake)
[2.998s] -- Using PYTHON_EXECUTABLE: /usr/bin/python3
[2.998s] -- Override CMake install command with custom implementation using symlinks instead of copying resources
[2.998s] -- Found rclcpp: 2.4.3 (/opt/ros/foxy/share/rclcpp/cmake)
[2.998s] -- Using all available rosidl_typesupport_c: rosidl_typesupport_fastrtps_c;rosidl_typesupport_introspection_c
[2.998s] -- Found rosidl_adapter: 1.3.1 (/opt/ros/foxy/share/rosidl_adapter/cmake)
[2.998s] -- Using all available rosidl_typesupport_cpp: rosidl_typesupport_fastrtps_cpp;rosidl_typesupport_introspection_cpp
[2.998s] -- Found rmw_implementation_cmake: 1.0.4 (/opt/ros/foxy/share/rmw_implementation_cmake/cmake)
[2.998s] -- Using RMW implementation 'rmw_fastrtps_cpp' as default
[2.999s] -- Found rclcpp_components: 2.4.3 (/opt/ros/foxy/share/rclcpp_components/cmake)
[2.999s] -- Found ament_lint_auto: 0.9.8 (/opt/ros/foxy/share/ament_lint_auto/cmake)
[2.999s] -- Added test 'copyright' to check source files copyright and LICENSE
[2.999s] -- Added test 'cppcheck' to perform static code analysis on C / C++ code
[2.999s] -- Configured cppcheck include dirs: /home/can/ros2_ws/src/examples/rclcpp/composition/minimal_composition/include
[2.999s] -- Configured cppcheck exclude dirs and/or files: 
[2.999s] -- Added test 'cpplint' to check C / C++ code against the Google style
[2.999s] -- Configured cpplint exclude dirs and/or files: 
[2.999s] -- Added test 'lint_cmake' to check CMake code style
[2.999s] -- Added test 'uncrustify' to check C / C++ code style
[2.999s] -- Configured uncrustify additional arguments: 
[2.999s] -- Added test 'xmllint' to check XML markup files
[2.999s] -- Configuring done
[2.999s] -- Generating done
[2.999s] -- Build files have been written to: /home/can/ros2_ws/build/examples_rclcpp_minimal_composition
[3.015s] Invoked command in '/home/can/ros2_ws/build/examples_rclcpp_minimal_composition' returned '0': CMAKE_PREFIX_PATH=/opt/ros/foxy /usr/bin/cmake /home/can/ros2_ws/src/examples/rclcpp/composition/minimal_composition -DCMAKE_INSTALL_PREFIX=/home/can/ros2_ws/install/examples_rclcpp_minimal_composition
[3.017s] Invoking command in '/home/can/ros2_ws/build/examples_rclcpp_minimal_composition': CMAKE_PREFIX_PATH=/opt/ros/foxy /usr/bin/cmake --build /home/can/ros2_ws/build/examples_rclcpp_minimal_composition -- -j16 -l16
[3.109s] [ 33%] Built target composition_nodes
[3.152s] [ 55%] Built target composition_composed
[3.159s] [ 77%] Built target composition_subscriber
[3.159s] [100%] Built target composition_publisher
[3.194s] Invoked command in '/home/can/ros2_ws/build/examples_rclcpp_minimal_composition' returned '0': CMAKE_PREFIX_PATH=/opt/ros/foxy /usr/bin/cmake --build /home/can/ros2_ws/build/examples_rclcpp_minimal_composition -- -j16 -l16
[3.396s] Invoking command in '/home/can/ros2_ws/build/examples_rclcpp_minimal_composition': CMAKE_PREFIX_PATH=/opt/ros/foxy /usr/bin/cmake --install /home/can/ros2_ws/build/examples_rclcpp_minimal_composition
[3.640s] -- Install configuration: ""
[3.640s] -- Execute custom install script
[3.641s] -- Up-to-date symlink: /home/can/ros2_ws/install/examples_rclcpp_minimal_composition/share/examples_rclcpp_minimal_composition/environment/library_path.sh
[3.641s] -- Up-to-date symlink: /home/can/ros2_ws/install/examples_rclcpp_minimal_composition/share/examples_rclcpp_minimal_composition/environment/library_path.dsv
[3.641s] -- Up-to-date symlink: /home/can/ros2_ws/install/examples_rclcpp_minimal_composition/lib/libcomposition_nodes.so
[3.641s] -- Up-to-date symlink: /home/can/ros2_ws/install/examples_rclcpp_minimal_composition/lib/examples_rclcpp_minimal_composition/composition_publisher
[3.641s] -- Up-to-date symlink: /home/can/ros2_ws/install/examples_rclcpp_minimal_composition/lib/examples_rclcpp_minimal_composition/composition_subscriber
[3.641s] -- Up-to-date symlink: /home/can/ros2_ws/install/examples_rclcpp_minimal_composition/lib/examples_rclcpp_minimal_composition/composition_composed
[3.641s] -- Up-to-date symlink: /home/can/ros2_ws/install/examples_rclcpp_minimal_composition/share/ament_index/resource_index/package_run_dependencies/examples_rclcpp_minimal_composition
[3.641s] -- Up-to-date symlink: /home/can/ros2_ws/install/examples_rclcpp_minimal_composition/share/ament_index/resource_index/parent_prefix_path/examples_rclcpp_minimal_composition
[3.641s] -- Up-to-date symlink: /home/can/ros2_ws/install/examples_rclcpp_minimal_composition/share/examples_rclcpp_minimal_composition/environment/ament_prefix_path.sh
[3.641s] -- Up-to-date symlink: /home/can/ros2_ws/install/examples_rclcpp_minimal_composition/share/examples_rclcpp_minimal_composition/environment/ament_prefix_path.dsv
[3.641s] -- Up-to-date symlink: /home/can/ros2_ws/install/examples_rclcpp_minimal_composition/share/examples_rclcpp_minimal_composition/environment/path.sh
[3.641s] -- Up-to-date symlink: /home/can/ros2_ws/install/examples_rclcpp_minimal_composition/share/examples_rclcpp_minimal_composition/environment/path.dsv
[3.641s] -- Up-to-date symlink: /home/can/ros2_ws/install/examples_rclcpp_minimal_composition/share/examples_rclcpp_minimal_composition/local_setup.bash
[3.641s] -- Up-to-date symlink: /home/can/ros2_ws/install/examples_rclcpp_minimal_composition/share/examples_rclcpp_minimal_composition/local_setup.sh
[3.641s] -- Up-to-date symlink: /home/can/ros2_ws/install/examples_rclcpp_minimal_composition/share/examples_rclcpp_minimal_composition/local_setup.zsh
[3.641s] -- Up-to-date symlink: /home/can/ros2_ws/install/examples_rclcpp_minimal_composition/share/examples_rclcpp_minimal_composition/local_setup.dsv
[3.642s] -- Symlinking: /home/can/ros2_ws/install/examples_rclcpp_minimal_composition/share/examples_rclcpp_minimal_composition/package.dsv
[3.642s] -- Up-to-date symlink: /home/can/ros2_ws/install/examples_rclcpp_minimal_composition/share/ament_index/resource_index/packages/examples_rclcpp_minimal_composition
[3.642s] -- Up-to-date symlink: /home/can/ros2_ws/install/examples_rclcpp_minimal_composition/share/examples_rclcpp_minimal_composition/cmake/examples_rclcpp_minimal_compositionConfig.cmake
[3.642s] -- Up-to-date symlink: /home/can/ros2_ws/install/examples_rclcpp_minimal_composition/share/examples_rclcpp_minimal_composition/cmake/examples_rclcpp_minimal_compositionConfig-version.cmake
[3.642s] -- Up-to-date symlink: /home/can/ros2_ws/install/examples_rclcpp_minimal_composition/share/examples_rclcpp_minimal_composition/package.xml
[4.010s] Invoked command in '/home/can/ros2_ws/build/examples_rclcpp_minimal_composition' returned '0': CMAKE_PREFIX_PATH=/opt/ros/foxy /usr/bin/cmake --install /home/can/ros2_ws/build/examples_rclcpp_minimal_composition
