[1.424s] Invoking command in '/home/can/ros2_ws/build/examples_rclcpp_minimal_client': CMAKE_PREFIX_PATH=/opt/ros/foxy /usr/bin/cmake --build /home/can/ros2_ws/build/examples_rclcpp_minimal_client -- -j16 -l16
[2.898s] [100%] Built target client_main
[2.907s] Invoked command in '/home/can/ros2_ws/build/examples_rclcpp_minimal_client' returned '0': CMAKE_PREFIX_PATH=/opt/ros/foxy /usr/bin/cmake --build /home/can/ros2_ws/build/examples_rclcpp_minimal_client -- -j16 -l16
[2.978s] Invoking command in '/home/can/ros2_ws/build/examples_rclcpp_minimal_client': CMAKE_PREFIX_PATH=/opt/ros/foxy /usr/bin/cmake --install /home/can/ros2_ws/build/examples_rclcpp_minimal_client
[3.026s] -- Install configuration: ""
[3.027s] -- Execute custom install script
[3.027s] -- Up-to-date symlink: /home/can/ros2_ws/install/examples_rclcpp_minimal_client/lib/examples_rclcpp_minimal_client/client_main
[3.027s] -- Up-to-date symlink: /home/can/ros2_ws/install/examples_rclcpp_minimal_client/share/ament_index/resource_index/package_run_dependencies/examples_rclcpp_minimal_client
[3.027s] -- Up-to-date symlink: /home/can/ros2_ws/install/examples_rclcpp_minimal_client/share/ament_index/resource_index/parent_prefix_path/examples_rclcpp_minimal_client
[3.027s] -- Up-to-date symlink: /home/can/ros2_ws/install/examples_rclcpp_minimal_client/share/examples_rclcpp_minimal_client/environment/ament_prefix_path.sh
[3.027s] -- Up-to-date symlink: /home/can/ros2_ws/install/examples_rclcpp_minimal_client/share/examples_rclcpp_minimal_client/environment/ament_prefix_path.dsv
[3.027s] -- Up-to-date symlink: /home/can/ros2_ws/install/examples_rclcpp_minimal_client/share/examples_rclcpp_minimal_client/environment/path.sh
[3.027s] -- Up-to-date symlink: /home/can/ros2_ws/install/examples_rclcpp_minimal_client/share/examples_rclcpp_minimal_client/environment/path.dsv
[3.027s] -- Up-to-date symlink: /home/can/ros2_ws/install/examples_rclcpp_minimal_client/share/examples_rclcpp_minimal_client/local_setup.bash
[3.028s] -- Up-to-date symlink: /home/can/ros2_ws/install/examples_rclcpp_minimal_client/share/examples_rclcpp_minimal_client/local_setup.sh
[3.028s] -- Up-to-date symlink: /home/can/ros2_ws/install/examples_rclcpp_minimal_client/share/examples_rclcpp_minimal_client/local_setup.zsh
[3.028s] -- Up-to-date symlink: /home/can/ros2_ws/install/examples_rclcpp_minimal_client/share/examples_rclcpp_minimal_client/local_setup.dsv
[3.028s] -- Symlinking: /home/can/ros2_ws/install/examples_rclcpp_minimal_client/share/examples_rclcpp_minimal_client/package.dsv
[3.028s] -- Up-to-date symlink: /home/can/ros2_ws/install/examples_rclcpp_minimal_client/share/ament_index/resource_index/packages/examples_rclcpp_minimal_client
[3.028s] -- Up-to-date symlink: /home/can/ros2_ws/install/examples_rclcpp_minimal_client/share/examples_rclcpp_minimal_client/cmake/examples_rclcpp_minimal_clientConfig.cmake
[3.028s] -- Up-to-date symlink: /home/can/ros2_ws/install/examples_rclcpp_minimal_client/share/examples_rclcpp_minimal_client/cmake/examples_rclcpp_minimal_clientConfig-version.cmake
[3.028s] -- Up-to-date symlink: /home/can/ros2_ws/install/examples_rclcpp_minimal_client/share/examples_rclcpp_minimal_client/package.xml
[3.354s] Invoked command in '/home/can/ros2_ws/build/examples_rclcpp_minimal_client' returned '0': CMAKE_PREFIX_PATH=/opt/ros/foxy /usr/bin/cmake --install /home/can/ros2_ws/build/examples_rclcpp_minimal_client
