[1.316s] Invoking command in '/home/can/ros2_ws/build/examples_rclcpp_minimal_action_client': CMAKE_PREFIX_PATH=/opt/ros/foxy /usr/bin/cmake /home/can/ros2_ws/src/examples/rclcpp/actions/minimal_action_client -DCMAKE_INSTALL_PREFIX=/home/can/ros2_ws/install/examples_rclcpp_minimal_action_client
[3.197s] -- Found ament_cmake: 0.9.12 (/opt/ros/foxy/share/ament_cmake/cmake)
[3.197s] -- Using PYTHON_EXECUTABLE: /usr/bin/python3
[3.197s] -- Override CMake install command with custom implementation using symlinks instead of copying resources
[3.198s] -- Found example_interfaces: 0.9.1 (/opt/ros/foxy/share/example_interfaces/cmake)
[3.198s] -- Using all available rosidl_typesupport_c: rosidl_typesupport_fastrtps_c;rosidl_typesupport_introspection_c
[3.198s] -- Found rosidl_adapter: 1.3.1 (/opt/ros/foxy/share/rosidl_adapter/cmake)
[3.198s] -- Using all available rosidl_typesupport_cpp: rosidl_typesupport_fastrtps_cpp;rosidl_typesupport_introspection_cpp
[3.198s] -- Found rclcpp: 2.4.3 (/opt/ros/foxy/share/rclcpp/cmake)
[3.198s] -- Found rmw_implementation_cmake: 1.0.4 (/opt/ros/foxy/share/rmw_implementation_cmake/cmake)
[3.198s] -- Using RMW implementation 'rmw_fastrtps_cpp' as default
[3.198s] -- Found rclcpp_action: 2.4.3 (/opt/ros/foxy/share/rclcpp_action/cmake)
[3.198s] -- Found ament_lint_auto: 0.9.8 (/opt/ros/foxy/share/ament_lint_auto/cmake)
[3.198s] -- Added test 'copyright' to check source files copyright and LICENSE
[3.198s] -- Added test 'cppcheck' to perform static code analysis on C / C++ code
[3.198s] -- Configured cppcheck include dirs: 
[3.198s] -- Configured cppcheck exclude dirs and/or files: 
[3.198s] -- Added test 'cpplint' to check C / C++ code against the Google style
[3.198s] -- Configured cpplint exclude dirs and/or files: 
[3.198s] -- Added test 'lint_cmake' to check CMake code style
[3.198s] -- Added test 'uncrustify' to check C / C++ code style
[3.198s] -- Configured uncrustify additional arguments: 
[3.198s] -- Added test 'xmllint' to check XML markup files
[3.198s] -- Configuring done
[3.198s] -- Generating done
[3.198s] -- Build files have been written to: /home/can/ros2_ws/build/examples_rclcpp_minimal_action_client
[3.219s] Invoked command in '/home/can/ros2_ws/build/examples_rclcpp_minimal_action_client' returned '0': CMAKE_PREFIX_PATH=/opt/ros/foxy /usr/bin/cmake /home/can/ros2_ws/src/examples/rclcpp/actions/minimal_action_client -DCMAKE_INSTALL_PREFIX=/home/can/ros2_ws/install/examples_rclcpp_minimal_action_client
[3.220s] Invoking command in '/home/can/ros2_ws/build/examples_rclcpp_minimal_action_client': CMAKE_PREFIX_PATH=/opt/ros/foxy /usr/bin/cmake --build /home/can/ros2_ws/build/examples_rclcpp_minimal_action_client -- -j16 -l16
[3.281s] [ 25%] Built target action_client_member_functions
[3.282s] [ 50%] Built target action_client_not_composable
[3.285s] [ 75%] Built target action_client_not_composable_with_cancel
[3.297s] [100%] Built target action_client_not_composable_with_feedback
[3.338s] Invoked command in '/home/can/ros2_ws/build/examples_rclcpp_minimal_action_client' returned '0': CMAKE_PREFIX_PATH=/opt/ros/foxy /usr/bin/cmake --build /home/can/ros2_ws/build/examples_rclcpp_minimal_action_client -- -j16 -l16
[3.420s] Invoking command in '/home/can/ros2_ws/build/examples_rclcpp_minimal_action_client': CMAKE_PREFIX_PATH=/opt/ros/foxy /usr/bin/cmake --install /home/can/ros2_ws/build/examples_rclcpp_minimal_action_client
[3.447s] -- Install configuration: ""
[3.448s] -- Execute custom install script
[3.448s] -- Up-to-date symlink: /home/can/ros2_ws/install/examples_rclcpp_minimal_action_client/lib/examples_rclcpp_minimal_action_client/action_client_member_functions
[3.449s] -- Up-to-date symlink: /home/can/ros2_ws/install/examples_rclcpp_minimal_action_client/lib/examples_rclcpp_minimal_action_client/action_client_not_composable
[3.449s] -- Up-to-date symlink: /home/can/ros2_ws/install/examples_rclcpp_minimal_action_client/lib/examples_rclcpp_minimal_action_client/action_client_not_composable_with_cancel
[3.449s] -- Up-to-date symlink: /home/can/ros2_ws/install/examples_rclcpp_minimal_action_client/lib/examples_rclcpp_minimal_action_client/action_client_not_composable_with_feedback
[3.449s] -- Up-to-date symlink: /home/can/ros2_ws/install/examples_rclcpp_minimal_action_client/share/ament_index/resource_index/package_run_dependencies/examples_rclcpp_minimal_action_client
[3.450s] -- Up-to-date symlink: /home/can/ros2_ws/install/examples_rclcpp_minimal_action_client/share/ament_index/resource_index/parent_prefix_path/examples_rclcpp_minimal_action_client
[3.450s] -- Up-to-date symlink: /home/can/ros2_ws/install/examples_rclcpp_minimal_action_client/share/examples_rclcpp_minimal_action_client/environment/ament_prefix_path.sh
[3.450s] -- Up-to-date symlink: /home/can/ros2_ws/install/examples_rclcpp_minimal_action_client/share/examples_rclcpp_minimal_action_client/environment/ament_prefix_path.dsv
[3.450s] -- Up-to-date symlink: /home/can/ros2_ws/install/examples_rclcpp_minimal_action_client/share/examples_rclcpp_minimal_action_client/environment/path.sh
[3.450s] -- Up-to-date symlink: /home/can/ros2_ws/install/examples_rclcpp_minimal_action_client/share/examples_rclcpp_minimal_action_client/environment/path.dsv
[3.450s] -- Up-to-date symlink: /home/can/ros2_ws/install/examples_rclcpp_minimal_action_client/share/examples_rclcpp_minimal_action_client/local_setup.bash
[3.450s] -- Up-to-date symlink: /home/can/ros2_ws/install/examples_rclcpp_minimal_action_client/share/examples_rclcpp_minimal_action_client/local_setup.sh
[3.450s] -- Up-to-date symlink: /home/can/ros2_ws/install/examples_rclcpp_minimal_action_client/share/examples_rclcpp_minimal_action_client/local_setup.zsh
[3.451s] -- Up-to-date symlink: /home/can/ros2_ws/install/examples_rclcpp_minimal_action_client/share/examples_rclcpp_minimal_action_client/local_setup.dsv
[3.451s] -- Symlinking: /home/can/ros2_ws/install/examples_rclcpp_minimal_action_client/share/examples_rclcpp_minimal_action_client/package.dsv
[3.458s] -- Up-to-date symlink: /home/can/ros2_ws/install/examples_rclcpp_minimal_action_client/share/ament_index/resource_index/packages/examples_rclcpp_minimal_action_client
[3.458s] -- Up-to-date symlink: /home/can/ros2_ws/install/examples_rclcpp_minimal_action_client/share/examples_rclcpp_minimal_action_client/cmake/examples_rclcpp_minimal_action_clientConfig.cmake
[3.458s] -- Up-to-date symlink: /home/can/ros2_ws/install/examples_rclcpp_minimal_action_client/share/examples_rclcpp_minimal_action_client/cmake/examples_rclcpp_minimal_action_clientConfig-version.cmake
[3.458s] -- Up-to-date symlink: /home/can/ros2_ws/install/examples_rclcpp_minimal_action_client/share/examples_rclcpp_minimal_action_client/package.xml
[3.610s] Invoked command in '/home/can/ros2_ws/build/examples_rclcpp_minimal_action_client' returned '0': CMAKE_PREFIX_PATH=/opt/ros/foxy /usr/bin/cmake --install /home/can/ros2_ws/build/examples_rclcpp_minimal_action_client
