[0.963s] Invoking command in '/home/can/ros2_ws/build/examples_rclcpp_minimal_service': CMAKE_PREFIX_PATH=/opt/ros/foxy /usr/bin/cmake /home/can/ros2_ws/src/examples/rclcpp/services/minimal_service -DAMENT_CMAKE_SYMLINK_INSTALL=1 -DCMAKE_INSTALL_PREFIX=/home/can/ros2_ws/install/examples_rclcpp_minimal_service
[3.409s] -- The C compiler identification is GNU 9.4.0
[3.410s] -- The CXX compiler identification is GNU 9.4.0
[3.410s] -- Check for working C compiler: /usr/bin/cc
[3.410s] -- Check for working C compiler: /usr/bin/cc -- works
[3.410s] -- Detecting C compiler ABI info
[3.410s] -- Detecting C compiler ABI info - done
[3.410s] -- Detecting C compile features
[3.410s] -- Detecting C compile features - done
[3.410s] -- Check for working CXX compiler: /usr/bin/c++
[3.410s] -- Check for working CXX compiler: /usr/bin/c++ -- works
[3.410s] -- Detecting CXX compiler ABI info
[3.410s] -- Detecting CXX compiler ABI info - done
[3.410s] -- Detecting CXX compile features
[3.410s] -- Detecting CXX compile features - done
[3.410s] -- Found ament_cmake: 0.9.12 (/opt/ros/foxy/share/ament_cmake/cmake)
[3.410s] -- Found PythonInterp: /usr/bin/python3 (found suitable version "3.8.10", minimum required is "3") 
[3.410s] -- Using PYTHON_EXECUTABLE: /usr/bin/python3
[3.410s] -- Override CMake install command with custom implementation using symlinks instead of copying resources
[3.411s] -- Found example_interfaces: 0.9.1 (/opt/ros/foxy/share/example_interfaces/cmake)
[3.411s] -- Using all available rosidl_typesupport_c: rosidl_typesupport_fastrtps_c;rosidl_typesupport_introspection_c
[3.411s] -- Found rosidl_adapter: 1.3.1 (/opt/ros/foxy/share/rosidl_adapter/cmake)
[3.411s] -- Found OpenSSL: /usr/lib/x86_64-linux-gnu/libcrypto.so (found version "1.1.1f")  
[3.411s] -- Found FastRTPS: /opt/ros/foxy/include  
[3.411s] -- Using all available rosidl_typesupport_cpp: rosidl_typesupport_fastrtps_cpp;rosidl_typesupport_introspection_cpp
[3.411s] -- Found rclcpp: 2.4.3 (/opt/ros/foxy/share/rclcpp/cmake)
[3.411s] -- Found rmw_implementation_cmake: 1.0.4 (/opt/ros/foxy/share/rmw_implementation_cmake/cmake)
[3.411s] -- Using RMW implementation 'rmw_fastrtps_cpp' as default
[3.411s] -- Looking for pthread.h
[3.411s] -- Looking for pthread.h - found
[3.411s] -- Performing Test CMAKE_HAVE_LIBC_PTHREAD
[3.411s] -- Performing Test CMAKE_HAVE_LIBC_PTHREAD - Failed
[3.411s] -- Looking for pthread_create in pthreads
[3.411s] -- Looking for pthread_create in pthreads - not found
[3.411s] -- Looking for pthread_create in pthread
[3.411s] -- Looking for pthread_create in pthread - found
[3.411s] -- Found Threads: TRUE  
[3.411s] -- Found ament_lint_auto: 0.9.8 (/opt/ros/foxy/share/ament_lint_auto/cmake)
[3.411s] -- Added test 'copyright' to check source files copyright and LICENSE
[3.411s] -- Added test 'cppcheck' to perform static code analysis on C / C++ code
[3.412s] -- Configured cppcheck include dirs: 
[3.412s] -- Configured cppcheck exclude dirs and/or files: 
[3.412s] -- Added test 'cpplint' to check C / C++ code against the Google style
[3.412s] -- Configured cpplint exclude dirs and/or files: 
[3.412s] -- Added test 'lint_cmake' to check CMake code style
[3.412s] -- Added test 'uncrustify' to check C / C++ code style
[3.412s] -- Configured uncrustify additional arguments: 
[3.412s] -- Added test 'xmllint' to check XML markup files
[3.412s] -- Configuring done
[3.412s] -- Generating done
[3.412s] -- Build files have been written to: /home/can/ros2_ws/build/examples_rclcpp_minimal_service
[3.434s] Invoked command in '/home/can/ros2_ws/build/examples_rclcpp_minimal_service' returned '0': CMAKE_PREFIX_PATH=/opt/ros/foxy /usr/bin/cmake /home/can/ros2_ws/src/examples/rclcpp/services/minimal_service -DAMENT_CMAKE_SYMLINK_INSTALL=1 -DCMAKE_INSTALL_PREFIX=/home/can/ros2_ws/install/examples_rclcpp_minimal_service
[3.436s] Invoking command in '/home/can/ros2_ws/build/examples_rclcpp_minimal_service': CMAKE_PREFIX_PATH=/opt/ros/foxy /usr/bin/cmake --build /home/can/ros2_ws/build/examples_rclcpp_minimal_service -- -j16 -l16
[3.484s] [35m[1mScanning dependencies of target service_main[0m
[3.598s] [ 50%] [32mBuilding CXX object CMakeFiles/service_main.dir/main.cpp.o[0m
[8.313s] [100%] [32m[1mLinking CXX executable service_main[0m
[8.686s] [100%] Built target service_main
[9.054s] Invoked command in '/home/can/ros2_ws/build/examples_rclcpp_minimal_service' returned '0': CMAKE_PREFIX_PATH=/opt/ros/foxy /usr/bin/cmake --build /home/can/ros2_ws/build/examples_rclcpp_minimal_service -- -j16 -l16
[9.184s] Invoking command in '/home/can/ros2_ws/build/examples_rclcpp_minimal_service': CMAKE_PREFIX_PATH=/opt/ros/foxy /usr/bin/cmake --install /home/can/ros2_ws/build/examples_rclcpp_minimal_service
[9.205s] -- Install configuration: ""
[9.210s] -- Execute custom install script
[9.210s] -- Symlinking: /home/can/ros2_ws/install/examples_rclcpp_minimal_service/lib/examples_rclcpp_minimal_service/service_main
[9.230s] -- Symlinking: /home/can/ros2_ws/install/examples_rclcpp_minimal_service/share/ament_index/resource_index/package_run_dependencies/examples_rclcpp_minimal_service
[9.267s] -- Symlinking: /home/can/ros2_ws/install/examples_rclcpp_minimal_service/share/ament_index/resource_index/parent_prefix_path/examples_rclcpp_minimal_service
[9.292s] -- Symlinking: /home/can/ros2_ws/install/examples_rclcpp_minimal_service/share/examples_rclcpp_minimal_service/environment/ament_prefix_path.sh
[9.307s] -- Symlinking: /home/can/ros2_ws/install/examples_rclcpp_minimal_service/share/examples_rclcpp_minimal_service/environment/ament_prefix_path.dsv
[9.322s] -- Symlinking: /home/can/ros2_ws/install/examples_rclcpp_minimal_service/share/examples_rclcpp_minimal_service/environment/path.sh
[9.350s] -- Symlinking: /home/can/ros2_ws/install/examples_rclcpp_minimal_service/share/examples_rclcpp_minimal_service/environment/path.dsv
[9.376s] -- Symlinking: /home/can/ros2_ws/install/examples_rclcpp_minimal_service/share/examples_rclcpp_minimal_service/local_setup.bash
[9.402s] -- Symlinking: /home/can/ros2_ws/install/examples_rclcpp_minimal_service/share/examples_rclcpp_minimal_service/local_setup.sh
[9.427s] -- Symlinking: /home/can/ros2_ws/install/examples_rclcpp_minimal_service/share/examples_rclcpp_minimal_service/local_setup.zsh
[9.454s] -- Symlinking: /home/can/ros2_ws/install/examples_rclcpp_minimal_service/share/examples_rclcpp_minimal_service/local_setup.dsv
[9.479s] -- Symlinking: /home/can/ros2_ws/install/examples_rclcpp_minimal_service/share/examples_rclcpp_minimal_service/package.dsv
[9.503s] -- Symlinking: /home/can/ros2_ws/install/examples_rclcpp_minimal_service/share/ament_index/resource_index/packages/examples_rclcpp_minimal_service
[9.528s] -- Symlinking: /home/can/ros2_ws/install/examples_rclcpp_minimal_service/share/examples_rclcpp_minimal_service/cmake/examples_rclcpp_minimal_serviceConfig.cmake
[9.553s] -- Symlinking: /home/can/ros2_ws/install/examples_rclcpp_minimal_service/share/examples_rclcpp_minimal_service/cmake/examples_rclcpp_minimal_serviceConfig-version.cmake
[9.566s] -- Symlinking: /home/can/ros2_ws/install/examples_rclcpp_minimal_service/share/examples_rclcpp_minimal_service/package.xml
[9.680s] Invoked command in '/home/can/ros2_ws/build/examples_rclcpp_minimal_service' returned '0': CMAKE_PREFIX_PATH=/opt/ros/foxy /usr/bin/cmake --install /home/can/ros2_ws/build/examples_rclcpp_minimal_service
