[0.595s] Invoking command in '/home/can/ros2_ws/src/py_pubsub': AMENT_PREFIX_PATH=/home/can/ros2_ws/install/tutorial_interfaces:${AMENT_PREFIX_PATH} CMAKE_PREFIX_PATH=/home/can/ros2_ws/install/tutorial_interfaces:${CMAKE_PREFIX_PATH} LD_LIBRARY_PATH=/home/can/ros2_ws/install/tutorial_interfaces/lib:${LD_LIBRARY_PATH} PYTHONPATH=/home/can/ros2_ws/build/py_pubsub/prefix_override:/home/can/ros2_ws/install/py_pubsub/lib/python3.8/site-packages:/home/can/ros2_ws/install/tutorial_interfaces/lib/python3.8/site-packages:${PYTHONPATH} /usr/bin/python3 setup.py egg_info --egg-base ../../build/py_pubsub build --build-base /home/can/ros2_ws/build/py_pubsub/build install --record /home/can/ros2_ws/build/py_pubsub/install.log --install-scripts $base/lib/py_pubsub --single-version-externally-managed
[0.728s] running egg_info
[0.729s] writing ../../build/py_pubsub/py_pubsub.egg-info/PKG-INFO
[0.729s] writing dependency_links to ../../build/py_pubsub/py_pubsub.egg-info/dependency_links.txt
[0.729s] writing entry points to ../../build/py_pubsub/py_pubsub.egg-info/entry_points.txt
[0.729s] writing requirements to ../../build/py_pubsub/py_pubsub.egg-info/requires.txt
[0.729s] writing top-level names to ../../build/py_pubsub/py_pubsub.egg-info/top_level.txt
[0.751s] reading manifest file '../../build/py_pubsub/py_pubsub.egg-info/SOURCES.txt'
[0.752s] writing manifest file '../../build/py_pubsub/py_pubsub.egg-info/SOURCES.txt'
[0.752s] running build
[0.752s] running build_py
[0.752s] copying py_pubsub/publisher_member_function.py -> /home/can/ros2_ws/build/py_pubsub/build/lib/py_pubsub
[0.752s] copying py_pubsub/subscriber_member_function.py -> /home/can/ros2_ws/build/py_pubsub/build/lib/py_pubsub
[0.752s] running install
[0.752s] running install_lib
[0.753s] copying /home/can/ros2_ws/build/py_pubsub/build/lib/py_pubsub/publisher_member_function.py -> /home/can/ros2_ws/install/py_pubsub/lib/python3.8/site-packages/py_pubsub
[0.753s] copying /home/can/ros2_ws/build/py_pubsub/build/lib/py_pubsub/subscriber_member_function.py -> /home/can/ros2_ws/install/py_pubsub/lib/python3.8/site-packages/py_pubsub
[0.753s] byte-compiling /home/can/ros2_ws/install/py_pubsub/lib/python3.8/site-packages/py_pubsub/publisher_member_function.py to publisher_member_function.cpython-38.pyc
[0.754s] byte-compiling /home/can/ros2_ws/install/py_pubsub/lib/python3.8/site-packages/py_pubsub/subscriber_member_function.py to subscriber_member_function.cpython-38.pyc
[0.755s] running install_data
[0.755s] running install_egg_info
[0.756s] removing '/home/can/ros2_ws/install/py_pubsub/lib/python3.8/site-packages/py_pubsub-0.0.0-py3.8.egg-info' (and everything under it)
[0.756s] Copying ../../build/py_pubsub/py_pubsub.egg-info to /home/can/ros2_ws/install/py_pubsub/lib/python3.8/site-packages/py_pubsub-0.0.0-py3.8.egg-info
[0.757s] running install_scripts
[0.768s] Installing listener script to /home/can/ros2_ws/install/py_pubsub/lib/py_pubsub
[0.768s] Installing talker script to /home/can/ros2_ws/install/py_pubsub/lib/py_pubsub
[0.769s] writing list of installed files to '/home/can/ros2_ws/build/py_pubsub/install.log'
[0.781s] Invoked command in '/home/can/ros2_ws/src/py_pubsub' returned '0': AMENT_PREFIX_PATH=/home/can/ros2_ws/install/tutorial_interfaces:${AMENT_PREFIX_PATH} CMAKE_PREFIX_PATH=/home/can/ros2_ws/install/tutorial_interfaces:${CMAKE_PREFIX_PATH} LD_LIBRARY_PATH=/home/can/ros2_ws/install/tutorial_interfaces/lib:${LD_LIBRARY_PATH} PYTHONPATH=/home/can/ros2_ws/build/py_pubsub/prefix_override:/home/can/ros2_ws/install/py_pubsub/lib/python3.8/site-packages:/home/can/ros2_ws/install/tutorial_interfaces/lib/python3.8/site-packages:${PYTHONPATH} /usr/bin/python3 setup.py egg_info --egg-base ../../build/py_pubsub build --build-base /home/can/ros2_ws/build/py_pubsub/build install --record /home/can/ros2_ws/build/py_pubsub/install.log --install-scripts $base/lib/py_pubsub --single-version-externally-managed
