[0.617s] Invoking command in '/home/can/ros2_ws/src/python_parameters': PYTHONPATH=/home/can/ros2_ws/build/python_parameters/prefix_override:/home/can/ros2_ws/install/python_parameters/lib/python3.8/site-packages:${PYTHONPATH} /usr/bin/python3 setup.py egg_info --egg-base ../../build/python_parameters build --build-base /home/can/ros2_ws/build/python_parameters/build install --record /home/can/ros2_ws/build/python_parameters/install.log --install-scripts $base/lib/python_parameters --single-version-externally-managed
[0.754s] running egg_info
[0.754s] creating ../../build/python_parameters/python_parameters.egg-info
[0.754s] writing ../../build/python_parameters/python_parameters.egg-info/PKG-INFO
[0.754s] writing dependency_links to ../../build/python_parameters/python_parameters.egg-info/dependency_links.txt
[0.754s] writing entry points to ../../build/python_parameters/python_parameters.egg-info/entry_points.txt
[0.754s] writing requirements to ../../build/python_parameters/python_parameters.egg-info/requires.txt
[0.755s] writing top-level names to ../../build/python_parameters/python_parameters.egg-info/top_level.txt
[0.755s] writing manifest file '../../build/python_parameters/python_parameters.egg-info/SOURCES.txt'
[0.777s] reading manifest file '../../build/python_parameters/python_parameters.egg-info/SOURCES.txt'
[0.777s] writing manifest file '../../build/python_parameters/python_parameters.egg-info/SOURCES.txt'
[0.777s] running build
[0.777s] running build_py
[0.778s] creating /home/can/ros2_ws/build/python_parameters/build
[0.778s] creating /home/can/ros2_ws/build/python_parameters/build/lib
[0.778s] creating /home/can/ros2_ws/build/python_parameters/build/lib/python_parameters
[0.778s] copying python_parameters/__init__.py -> /home/can/ros2_ws/build/python_parameters/build/lib/python_parameters
[0.778s] copying python_parameters/python_parameters_node.py -> /home/can/ros2_ws/build/python_parameters/build/lib/python_parameters
[0.778s] running install
[0.778s] running install_lib
[0.778s] creating /home/can/ros2_ws/install/python_parameters/lib/python3.8/site-packages/python_parameters
[0.778s] copying /home/can/ros2_ws/build/python_parameters/build/lib/python_parameters/__init__.py -> /home/can/ros2_ws/install/python_parameters/lib/python3.8/site-packages/python_parameters
[0.778s] copying /home/can/ros2_ws/build/python_parameters/build/lib/python_parameters/python_parameters_node.py -> /home/can/ros2_ws/install/python_parameters/lib/python3.8/site-packages/python_parameters
[0.779s] byte-compiling /home/can/ros2_ws/install/python_parameters/lib/python3.8/site-packages/python_parameters/__init__.py to __init__.cpython-38.pyc
[0.780s] byte-compiling /home/can/ros2_ws/install/python_parameters/lib/python3.8/site-packages/python_parameters/python_parameters_node.py to python_parameters_node.cpython-38.pyc
[0.780s] running install_data
[0.780s] creating /home/can/ros2_ws/install/python_parameters/share/ament_index
[0.780s] creating /home/can/ros2_ws/install/python_parameters/share/ament_index/resource_index
[0.780s] creating /home/can/ros2_ws/install/python_parameters/share/ament_index/resource_index/packages
[0.780s] copying resource/python_parameters -> /home/can/ros2_ws/install/python_parameters/share/ament_index/resource_index/packages
[0.780s] copying package.xml -> /home/can/ros2_ws/install/python_parameters/share/python_parameters
[0.781s] running install_egg_info
[0.782s] Copying ../../build/python_parameters/python_parameters.egg-info to /home/can/ros2_ws/install/python_parameters/lib/python3.8/site-packages/python_parameters-0.0.0-py3.8.egg-info
[0.782s] running install_scripts
[0.793s] Installing minimal_param_node script to /home/can/ros2_ws/install/python_parameters/lib/python_parameters
[0.793s] writing list of installed files to '/home/can/ros2_ws/build/python_parameters/install.log'
[0.804s] Invoked command in '/home/can/ros2_ws/src/python_parameters' returned '0': PYTHONPATH=/home/can/ros2_ws/build/python_parameters/prefix_override:/home/can/ros2_ws/install/python_parameters/lib/python3.8/site-packages:${PYTHONPATH} /usr/bin/python3 setup.py egg_info --egg-base ../../build/python_parameters build --build-base /home/can/ros2_ws/build/python_parameters/build install --record /home/can/ros2_ws/build/python_parameters/install.log --install-scripts $base/lib/python_parameters --single-version-externally-managed
