[0.097s] Invoking command in '/home/can/ros2_ws/build/more_interfaces': CMAKE_PREFIX_PATH=${CMAKE_PREFIX_PATH}:/home/can/ros2_ws/install/py_pubsub:/home/can/ros2_ws/install/examples_rclpy_minimal_subscriber:/home/can/ros2_ws/install/examples_rclpy_minimal_service:/home/can/ros2_ws/install/examples_rclpy_minimal_publisher:/home/can/ros2_ws/install/examples_rclpy_minimal_client:/home/can/ros2_ws/install/examples_rclpy_minimal_action_server:/home/can/ros2_ws/install/examples_rclpy_minimal_action_client:/home/can/ros2_ws/install/examples_rclpy_executors:/opt/ros/foxy /usr/bin/cmake /home/can/ros2_ws/src/more_interfaces -DCMAKE_INSTALL_PREFIX=/home/can/ros2_ws/install/more_interfaces
[0.107s] -- Found rosidl_default_generators: 1.0.1 (/opt/ros/foxy/share/rosidl_default_generators/cmake)
[0.107s] -- Found ament_cmake_core: 0.9.12 (/opt/ros/foxy/share/ament_cmake_core/cmake)
[0.132s] -- Found PythonInterp: /usr/bin/python3 (found suitable version "3.8.10", minimum required is "3") 
[0.133s] -- Using PYTHON_EXECUTABLE: /usr/bin/python3
[0.251s] -- Using all available rosidl_typesupport_c: rosidl_typesupport_fastrtps_c;rosidl_typesupport_introspection_c
[0.253s] -- Found rosidl_adapter: 1.3.1 (/opt/ros/foxy/share/rosidl_adapter/cmake)
[0.347s] -- Using all available rosidl_typesupport_cpp: rosidl_typesupport_fastrtps_cpp;rosidl_typesupport_introspection_cpp
[0.380s] -- Found PythonInterp: /usr/bin/python3 (found version "3.8.10") 
[0.461s] -- Found ament_cmake_ros: 0.9.2 (/opt/ros/foxy/share/ament_cmake_ros/cmake)
[0.524s] -- Using all available rosidl_typesupport_c: rosidl_typesupport_fastrtps_c;rosidl_typesupport_introspection_c
[0.531s] -- Using all available rosidl_typesupport_cpp: rosidl_typesupport_fastrtps_cpp;rosidl_typesupport_introspection_cpp
[0.551s] -- Found PythonInterp: /usr/bin/python3 (found suitable version "3.8.10", minimum required is "3.5") 
[0.551s] -- Found python_cmake_module: 0.8.1 (/opt/ros/foxy/share/python_cmake_module/cmake)
[0.571s] -- Using PYTHON_EXECUTABLE: /usr/bin/python3
[0.571s] -- Using PYTHON_INCLUDE_DIRS: /usr/include/python3.8
[0.571s] -- Using PYTHON_LIBRARIES: /usr/lib/x86_64-linux-gnu/libpython3.8.so
[0.584s] -- Found rclcpp: 2.4.3 (/opt/ros/foxy/share/rclcpp/cmake)
[0.638s] -- Found rmw_implementation_cmake: 1.0.4 (/opt/ros/foxy/share/rmw_implementation_cmake/cmake)
[0.640s] -- Using RMW implementation 'rmw_fastrtps_cpp' as default
[0.641s] -- Looking for pthread.h
[0.698s] -- Looking for pthread.h - found
[0.698s] -- Performing Test CMAKE_HAVE_LIBC_PTHREAD
[0.781s] -- Performing Test CMAKE_HAVE_LIBC_PTHREAD - Failed
[0.781s] -- Looking for pthread_create in pthreads
[0.863s] -- Looking for pthread_create in pthreads - not found
[0.863s] -- Looking for pthread_create in pthread
[0.948s] -- Looking for pthread_create in pthread - found
[0.948s] -- Found Threads: TRUE  
[1.060s] -- Found ament_lint_auto: 0.9.8 (/opt/ros/foxy/share/ament_lint_auto/cmake)
[1.076s] -- Added test 'copyright' to check source files copyright and LICENSE
[1.077s] -- Added test 'cppcheck' to perform static code analysis on C / C++ code
[1.077s] -- Configured cppcheck include dirs: 
[1.078s] -- Configured cppcheck exclude dirs and/or files: 
[1.078s] -- Added test 'cpplint' to check C / C++ code against the Google style
[1.078s] -- Configured cpplint exclude dirs and/or files: 
[1.079s] -- Added test 'lint_cmake' to check CMake code style
[1.080s] -- Added test 'uncrustify' to check C / C++ code style
[1.080s] -- Configured uncrustify additional arguments: 
[1.080s] -- Added test 'xmllint' to check XML markup files
[1.083s] -- Configuring done
[1.101s] -- Generating done
[1.103s] -- Build files have been written to: /home/can/ros2_ws/build/more_interfaces
[1.108s] Invoked command in '/home/can/ros2_ws/build/more_interfaces' returned '0': CMAKE_PREFIX_PATH=${CMAKE_PREFIX_PATH}:/home/can/ros2_ws/install/py_pubsub:/home/can/ros2_ws/install/examples_rclpy_minimal_subscriber:/home/can/ros2_ws/install/examples_rclpy_minimal_service:/home/can/ros2_ws/install/examples_rclpy_minimal_publisher:/home/can/ros2_ws/install/examples_rclpy_minimal_client:/home/can/ros2_ws/install/examples_rclpy_minimal_action_server:/home/can/ros2_ws/install/examples_rclpy_minimal_action_client:/home/can/ros2_ws/install/examples_rclpy_executors:/opt/ros/foxy /usr/bin/cmake /home/can/ros2_ws/src/more_interfaces -DCMAKE_INSTALL_PREFIX=/home/can/ros2_ws/install/more_interfaces
[1.111s] Invoking command in '/home/can/ros2_ws/build/more_interfaces': CMAKE_PREFIX_PATH=${CMAKE_PREFIX_PATH}:/home/can/ros2_ws/install/py_pubsub:/home/can/ros2_ws/install/examples_rclpy_minimal_subscriber:/home/can/ros2_ws/install/examples_rclpy_minimal_service:/home/can/ros2_ws/install/examples_rclpy_minimal_publisher:/home/can/ros2_ws/install/examples_rclpy_minimal_client:/home/can/ros2_ws/install/examples_rclpy_minimal_action_server:/home/can/ros2_ws/install/examples_rclpy_minimal_action_client:/home/can/ros2_ws/install/examples_rclpy_executors:/opt/ros/foxy /usr/bin/cmake --build /home/can/ros2_ws/build/more_interfaces -- -j16 -l16
[1.140s] [  3%] [34m[1mGenerating C code for ROS interfaces[0m
[1.141s] [35m[1mScanning dependencies of target more_interfaces__cpp[0m
[1.151s] [  6%] [34m[1mGenerating C++ code for ROS interfaces[0m
[1.321s] [35m[1mScanning dependencies of target more_interfaces__rosidl_generator_c[0m
[1.322s] [  6%] Built target more_interfaces__cpp
[1.331s] [  9%] [34m[1mGenerating C++ introspection for ROS interfaces[0m
[1.332s] [ 12%] [34m[1mGenerating C++ type support dispatch for ROS interfaces[0m
[1.333s] [ 15%] [34m[1mGenerating C++ type support for eProsima Fast-RTPS[0m
[1.334s] [ 18%] [32mBuilding C object CMakeFiles/more_interfaces__rosidl_generator_c.dir/rosidl_generator_c/more_interfaces/msg/detail/address_book__functions.c.o[0m
[1.377s] [ 21%] [32m[1mLinking C shared library libmore_interfaces__rosidl_generator_c.so[0m
[1.407s] [ 21%] Built target more_interfaces__rosidl_generator_c
[1.416s] [ 24%] [34m[1mGenerating C type support dispatch for ROS interfaces[0m
[1.416s] [ 27%] [34m[1mGenerating C introspection for ROS interfaces[0m
[1.522s] [35m[1mScanning dependencies of target more_interfaces__rosidl_typesupport_cpp[0m
[1.533s] [35m[1mScanning dependencies of target more_interfaces__rosidl_typesupport_introspection_cpp[0m
[1.533s] [ 30%] [32mBuilding CXX object CMakeFiles/more_interfaces__rosidl_typesupport_cpp.dir/rosidl_typesupport_cpp/more_interfaces/msg/address_book__type_support.cpp.o[0m
[1.543s] [35m[1mScanning dependencies of target more_interfaces__rosidl_typesupport_fastrtps_cpp[0m
[1.545s] [ 33%] [32mBuilding CXX object CMakeFiles/more_interfaces__rosidl_typesupport_introspection_cpp.dir/rosidl_typesupport_introspection_cpp/more_interfaces/msg/detail/address_book__type_support.cpp.o[0m
[1.554s] [ 36%] [32mBuilding CXX object CMakeFiles/more_interfaces__rosidl_typesupport_fastrtps_cpp.dir/rosidl_typesupport_fastrtps_cpp/more_interfaces/msg/detail/dds_fastrtps/address_book__type_support.cpp.o[0m
[1.606s] [35m[1mScanning dependencies of target more_interfaces__rosidl_typesupport_c[0m
[1.618s] [ 39%] [32mBuilding CXX object CMakeFiles/more_interfaces__rosidl_typesupport_c.dir/rosidl_typesupport_c/more_interfaces/msg/address_book__type_support.cpp.o[0m
[1.628s] [35m[1mScanning dependencies of target more_interfaces__rosidl_typesupport_introspection_c[0m
[1.641s] [ 42%] [32mBuilding C object CMakeFiles/more_interfaces__rosidl_typesupport_introspection_c.dir/rosidl_typesupport_introspection_c/more_interfaces/msg/detail/address_book__type_support.c.o[0m
[1.646s] [ 45%] [32m[1mLinking CXX shared library libmore_interfaces__rosidl_typesupport_c.so[0m
[1.670s] [ 48%] [32m[1mLinking C shared library libmore_interfaces__rosidl_typesupport_introspection_c.so[0m
[1.681s] [ 48%] Built target more_interfaces__rosidl_typesupport_c
[1.696s] [ 48%] Built target more_interfaces__rosidl_typesupport_introspection_c
[1.766s] [ 51%] [32m[1mLinking CXX shared library libmore_interfaces__rosidl_typesupport_cpp.so[0m
[1.775s] [ 54%] [32m[1mLinking CXX shared library libmore_interfaces__rosidl_typesupport_introspection_cpp.so[0m
[1.799s] [ 54%] Built target more_interfaces__rosidl_typesupport_cpp
[1.819s] [ 54%] Built target more_interfaces__rosidl_typesupport_introspection_cpp
[1.868s] [ 57%] [32m[1mLinking CXX shared library libmore_interfaces__rosidl_typesupport_fastrtps_cpp.so[0m
[1.923s] [ 57%] Built target more_interfaces__rosidl_typesupport_fastrtps_cpp
[1.931s] [ 60%] [34m[1mGenerating C type support for eProsima Fast-RTPS[0m
[2.080s] [35m[1mScanning dependencies of target more_interfaces__rosidl_typesupport_fastrtps_c[0m
[2.090s] [ 63%] [32mBuilding CXX object CMakeFiles/more_interfaces__rosidl_typesupport_fastrtps_c.dir/rosidl_typesupport_fastrtps_c/more_interfaces/msg/detail/address_book__type_support_c.cpp.o[0m
[2.301s] [ 66%] [32m[1mLinking CXX shared library libmore_interfaces__rosidl_typesupport_fastrtps_c.so[0m
[2.355s] [ 66%] Built target more_interfaces__rosidl_typesupport_fastrtps_c
[2.362s] [35m[1mScanning dependencies of target more_interfaces[0m
[2.371s] [ 66%] Built target more_interfaces
[2.381s] [35m[1mScanning dependencies of target more_interfaces__py[0m
[2.381s] [35m[1mScanning dependencies of target publish_address_book[0m
[2.394s] [ 69%] [34m[1mGenerating Python code for ROS interfaces[0m
[2.445s] [ 72%] [32mBuilding CXX object CMakeFiles/publish_address_book.dir/src/publish_address_book.cpp.o[0m
[2.687s] [ 72%] Built target more_interfaces__py
[2.694s] [35m[1mScanning dependencies of target more_interfaces__python[0m
[2.707s] [ 75%] [32mBuilding C object CMakeFiles/more_interfaces__python.dir/rosidl_generator_py/more_interfaces/msg/_address_book_s.c.o[0m
[2.772s] [ 78%] [32m[1mLinking C shared library rosidl_generator_py/more_interfaces/libmore_interfaces__python.so[0m
[2.802s] [ 78%] Built target more_interfaces__python
[2.811s] [35m[1mScanning dependencies of target more_interfaces__rosidl_typesupport_c__pyext[0m
[2.812s] [35m[1mScanning dependencies of target more_interfaces__rosidl_typesupport_fastrtps_c__pyext[0m
[2.812s] [35m[1mScanning dependencies of target more_interfaces__rosidl_typesupport_introspection_c__pyext[0m
[2.826s] [ 84%] [32mBuilding C object CMakeFiles/more_interfaces__rosidl_typesupport_introspection_c__pyext.dir/rosidl_generator_py/more_interfaces/_more_interfaces_s.ep.rosidl_typesupport_introspection_c.c.o[0m
[2.827s] [ 84%] [32mBuilding C object CMakeFiles/more_interfaces__rosidl_typesupport_c__pyext.dir/rosidl_generator_py/more_interfaces/_more_interfaces_s.ep.rosidl_typesupport_c.c.o[0m
[2.827s] [ 87%] [32mBuilding C object CMakeFiles/more_interfaces__rosidl_typesupport_fastrtps_c__pyext.dir/rosidl_generator_py/more_interfaces/_more_interfaces_s.ep.rosidl_typesupport_fastrtps_c.c.o[0m
[2.893s] [ 96%] [32m[1mLinking CXX shared library rosidl_generator_py/more_interfaces/more_interfaces_s__rosidl_typesupport_fastrtps_c.cpython-38-x86_64-linux-gnu.so[0m
[2.893s] [ 96%] [32m[1mLinking C shared library rosidl_generator_py/more_interfaces/more_interfaces_s__rosidl_typesupport_introspection_c.cpython-38-x86_64-linux-gnu.so[0m
[2.893s] [ 96%] [32m[1mLinking C shared library rosidl_generator_py/more_interfaces/more_interfaces_s__rosidl_typesupport_c.cpython-38-x86_64-linux-gnu.so[0m
[2.922s] [ 96%] Built target more_interfaces__rosidl_typesupport_c__pyext
[2.922s] [ 96%] Built target more_interfaces__rosidl_typesupport_introspection_c__pyext
[2.944s] [ 96%] Built target more_interfaces__rosidl_typesupport_fastrtps_c__pyext
[4.307s] [100%] [32m[1mLinking CXX executable publish_address_book[0m
[4.415s] [100%] Built target publish_address_book
[4.424s] Invoked command in '/home/can/ros2_ws/build/more_interfaces' returned '0': CMAKE_PREFIX_PATH=${CMAKE_PREFIX_PATH}:/home/can/ros2_ws/install/py_pubsub:/home/can/ros2_ws/install/examples_rclpy_minimal_subscriber:/home/can/ros2_ws/install/examples_rclpy_minimal_service:/home/can/ros2_ws/install/examples_rclpy_minimal_publisher:/home/can/ros2_ws/install/examples_rclpy_minimal_client:/home/can/ros2_ws/install/examples_rclpy_minimal_action_server:/home/can/ros2_ws/install/examples_rclpy_minimal_action_client:/home/can/ros2_ws/install/examples_rclpy_executors:/opt/ros/foxy /usr/bin/cmake --build /home/can/ros2_ws/build/more_interfaces -- -j16 -l16
[4.472s] Invoking command in '/home/can/ros2_ws/build/more_interfaces': CMAKE_PREFIX_PATH=${CMAKE_PREFIX_PATH}:/home/can/ros2_ws/install/py_pubsub:/home/can/ros2_ws/install/examples_rclpy_minimal_subscriber:/home/can/ros2_ws/install/examples_rclpy_minimal_service:/home/can/ros2_ws/install/examples_rclpy_minimal_publisher:/home/can/ros2_ws/install/examples_rclpy_minimal_client:/home/can/ros2_ws/install/examples_rclpy_minimal_action_server:/home/can/ros2_ws/install/examples_rclpy_minimal_action_client:/home/can/ros2_ws/install/examples_rclpy_executors:/opt/ros/foxy /usr/bin/cmake --install /home/can/ros2_ws/build/more_interfaces
[4.477s] -- Install configuration: ""
[4.477s] -- Installing: /home/can/ros2_ws/install/more_interfaces/share/ament_index/resource_index/rosidl_interfaces/more_interfaces
[4.477s] -- Installing: /home/can/ros2_ws/install/more_interfaces/include/more_interfaces
[4.477s] -- Installing: /home/can/ros2_ws/install/more_interfaces/include/more_interfaces/msg
[4.477s] -- Installing: /home/can/ros2_ws/install/more_interfaces/include/more_interfaces/msg/address_book.h
[4.477s] -- Installing: /home/can/ros2_ws/install/more_interfaces/include/more_interfaces/msg/detail
[4.477s] -- Installing: /home/can/ros2_ws/install/more_interfaces/include/more_interfaces/msg/detail/address_book__type_support.h
[4.478s] -- Installing: /home/can/ros2_ws/install/more_interfaces/include/more_interfaces/msg/detail/address_book__functions.h
[4.478s] -- Installing: /home/can/ros2_ws/install/more_interfaces/include/more_interfaces/msg/detail/address_book__functions.c
[4.478s] -- Installing: /home/can/ros2_ws/install/more_interfaces/include/more_interfaces/msg/detail/address_book__struct.h
[4.478s] -- Installing: /home/can/ros2_ws/install/more_interfaces/include/more_interfaces/msg/rosidl_generator_c__visibility_control.h
[4.478s] -- Installing: /home/can/ros2_ws/install/more_interfaces/share/more_interfaces/environment/library_path.sh
[4.478s] -- Installing: /home/can/ros2_ws/install/more_interfaces/share/more_interfaces/environment/library_path.dsv
[4.478s] -- Installing: /home/can/ros2_ws/install/more_interfaces/lib/libmore_interfaces__rosidl_generator_c.so
[4.478s] -- Set runtime path of "/home/can/ros2_ws/install/more_interfaces/lib/libmore_interfaces__rosidl_generator_c.so" to ""
[4.478s] -- Up-to-date: /home/can/ros2_ws/install/more_interfaces/include/more_interfaces
[4.478s] -- Up-to-date: /home/can/ros2_ws/install/more_interfaces/include/more_interfaces/msg
[4.479s] -- Up-to-date: /home/can/ros2_ws/install/more_interfaces/include/more_interfaces/msg/detail
[4.479s] -- Installing: /home/can/ros2_ws/install/more_interfaces/include/more_interfaces/msg/detail/address_book__rosidl_typesupport_fastrtps_c.h
[4.479s] -- Installing: /home/can/ros2_ws/install/more_interfaces/include/more_interfaces/msg/rosidl_typesupport_fastrtps_c__visibility_control.h
[4.479s] -- Installing: /home/can/ros2_ws/install/more_interfaces/lib/libmore_interfaces__rosidl_typesupport_fastrtps_c.so
[4.479s] -- Set runtime path of "/home/can/ros2_ws/install/more_interfaces/lib/libmore_interfaces__rosidl_typesupport_fastrtps_c.so" to ""
[4.479s] -- Up-to-date: /home/can/ros2_ws/install/more_interfaces/include/more_interfaces
[4.479s] -- Up-to-date: /home/can/ros2_ws/install/more_interfaces/include/more_interfaces/msg
[4.479s] -- Installing: /home/can/ros2_ws/install/more_interfaces/include/more_interfaces/msg/rosidl_typesupport_fastrtps_cpp__visibility_control.h
[4.479s] -- Up-to-date: /home/can/ros2_ws/install/more_interfaces/include/more_interfaces/msg/detail
[4.479s] -- Installing: /home/can/ros2_ws/install/more_interfaces/include/more_interfaces/msg/detail/address_book__rosidl_typesupport_fastrtps_cpp.hpp
[4.479s] -- Installing: /home/can/ros2_ws/install/more_interfaces/include/more_interfaces/msg/detail/dds_fastrtps
[4.479s] -- Installing: /home/can/ros2_ws/install/more_interfaces/lib/libmore_interfaces__rosidl_typesupport_fastrtps_cpp.so
[4.479s] -- Set runtime path of "/home/can/ros2_ws/install/more_interfaces/lib/libmore_interfaces__rosidl_typesupport_fastrtps_cpp.so" to ""
[4.479s] -- Up-to-date: /home/can/ros2_ws/install/more_interfaces/include/more_interfaces
[4.480s] -- Up-to-date: /home/can/ros2_ws/install/more_interfaces/include/more_interfaces/msg
[4.480s] -- Installing: /home/can/ros2_ws/install/more_interfaces/include/more_interfaces/msg/rosidl_typesupport_introspection_c__visibility_control.h
[4.480s] -- Up-to-date: /home/can/ros2_ws/install/more_interfaces/include/more_interfaces/msg/detail
[4.480s] -- Installing: /home/can/ros2_ws/install/more_interfaces/include/more_interfaces/msg/detail/address_book__rosidl_typesupport_introspection_c.h
[4.480s] -- Installing: /home/can/ros2_ws/install/more_interfaces/include/more_interfaces/msg/detail/address_book__type_support.c
[4.480s] -- Installing: /home/can/ros2_ws/install/more_interfaces/lib/libmore_interfaces__rosidl_typesupport_introspection_c.so
[4.480s] -- Set runtime path of "/home/can/ros2_ws/install/more_interfaces/lib/libmore_interfaces__rosidl_typesupport_introspection_c.so" to ""
[4.480s] -- Installing: /home/can/ros2_ws/install/more_interfaces/lib/libmore_interfaces__rosidl_typesupport_c.so
[4.480s] -- Set runtime path of "/home/can/ros2_ws/install/more_interfaces/lib/libmore_interfaces__rosidl_typesupport_c.so" to ""
[4.480s] -- Up-to-date: /home/can/ros2_ws/install/more_interfaces/include/more_interfaces
[4.480s] -- Up-to-date: /home/can/ros2_ws/install/more_interfaces/include/more_interfaces/msg
[4.480s] -- Up-to-date: /home/can/ros2_ws/install/more_interfaces/include/more_interfaces/msg/detail
[4.480s] -- Installing: /home/can/ros2_ws/install/more_interfaces/include/more_interfaces/msg/detail/address_book__traits.hpp
[4.480s] -- Installing: /home/can/ros2_ws/install/more_interfaces/include/more_interfaces/msg/detail/address_book__type_support.hpp
[4.480s] -- Installing: /home/can/ros2_ws/install/more_interfaces/include/more_interfaces/msg/detail/address_book__struct.hpp
[4.480s] -- Installing: /home/can/ros2_ws/install/more_interfaces/include/more_interfaces/msg/detail/address_book__builder.hpp
[4.480s] -- Installing: /home/can/ros2_ws/install/more_interfaces/include/more_interfaces/msg/rosidl_generator_cpp__visibility_control.hpp
[4.480s] -- Installing: /home/can/ros2_ws/install/more_interfaces/include/more_interfaces/msg/address_book.hpp
[4.480s] -- Up-to-date: /home/can/ros2_ws/install/more_interfaces/include/more_interfaces
[4.480s] -- Up-to-date: /home/can/ros2_ws/install/more_interfaces/include/more_interfaces/msg
[4.480s] -- Up-to-date: /home/can/ros2_ws/install/more_interfaces/include/more_interfaces/msg/detail
[4.481s] -- Installing: /home/can/ros2_ws/install/more_interfaces/include/more_interfaces/msg/detail/address_book__type_support.cpp
[4.481s] -- Installing: /home/can/ros2_ws/install/more_interfaces/include/more_interfaces/msg/detail/address_book__rosidl_typesupport_introspection_cpp.hpp
[4.481s] -- Installing: /home/can/ros2_ws/install/more_interfaces/lib/libmore_interfaces__rosidl_typesupport_introspection_cpp.so
[4.481s] -- Set runtime path of "/home/can/ros2_ws/install/more_interfaces/lib/libmore_interfaces__rosidl_typesupport_introspection_cpp.so" to ""
[4.481s] -- Installing: /home/can/ros2_ws/install/more_interfaces/lib/libmore_interfaces__rosidl_typesupport_cpp.so
[4.481s] -- Set runtime path of "/home/can/ros2_ws/install/more_interfaces/lib/libmore_interfaces__rosidl_typesupport_cpp.so" to ""
[4.481s] -- Installing: /home/can/ros2_ws/install/more_interfaces/share/more_interfaces/environment/pythonpath.sh
[4.481s] -- Installing: /home/can/ros2_ws/install/more_interfaces/share/more_interfaces/environment/pythonpath.dsv
[4.481s] -- Installing: /home/can/ros2_ws/install/more_interfaces/lib/python3.8/site-packages/more_interfaces/__init__.py
[4.504s] Compiling '/home/can/ros2_ws/install/more_interfaces/lib/python3.8/site-packages/more_interfaces/__init__.py'...
[4.507s] -- Installing: /home/can/ros2_ws/install/more_interfaces/lib/python3.8/site-packages/more_interfaces/msg
[4.507s] -- Installing: /home/can/ros2_ws/install/more_interfaces/lib/python3.8/site-packages/more_interfaces/msg/__init__.py
[4.507s] -- Installing: /home/can/ros2_ws/install/more_interfaces/lib/python3.8/site-packages/more_interfaces/msg/_address_book.py
[4.508s] -- Installing: /home/can/ros2_ws/install/more_interfaces/lib/python3.8/site-packages/more_interfaces/msg/_address_book_s.c
[4.508s] -- Installing: /home/can/ros2_ws/install/more_interfaces/lib/python3.8/site-packages/more_interfaces/more_interfaces_s__rosidl_typesupport_fastrtps_c.cpython-38-x86_64-linux-gnu.so
[4.508s] -- Set runtime path of "/home/can/ros2_ws/install/more_interfaces/lib/python3.8/site-packages/more_interfaces/more_interfaces_s__rosidl_typesupport_fastrtps_c.cpython-38-x86_64-linux-gnu.so" to ""
[4.508s] -- Installing: /home/can/ros2_ws/install/more_interfaces/lib/python3.8/site-packages/more_interfaces/more_interfaces_s__rosidl_typesupport_introspection_c.cpython-38-x86_64-linux-gnu.so
[4.508s] -- Set runtime path of "/home/can/ros2_ws/install/more_interfaces/lib/python3.8/site-packages/more_interfaces/more_interfaces_s__rosidl_typesupport_introspection_c.cpython-38-x86_64-linux-gnu.so" to ""
[4.508s] -- Installing: /home/can/ros2_ws/install/more_interfaces/lib/python3.8/site-packages/more_interfaces/more_interfaces_s__rosidl_typesupport_c.cpython-38-x86_64-linux-gnu.so
[4.508s] -- Set runtime path of "/home/can/ros2_ws/install/more_interfaces/lib/python3.8/site-packages/more_interfaces/more_interfaces_s__rosidl_typesupport_c.cpython-38-x86_64-linux-gnu.so" to ""
[4.509s] -- Installing: /home/can/ros2_ws/install/more_interfaces/lib/libmore_interfaces__python.so
[4.509s] -- Set runtime path of "/home/can/ros2_ws/install/more_interfaces/lib/libmore_interfaces__python.so" to ""
[4.509s] -- Installing: /home/can/ros2_ws/install/more_interfaces/share/more_interfaces/msg/AddressBook.idl
[4.509s] -- Installing: /home/can/ros2_ws/install/more_interfaces/share/more_interfaces/msg/AddressBook.msg
[4.509s] -- Installing: /home/can/ros2_ws/install/more_interfaces/lib/more_interfaces/publish_address_book
[4.510s] -- Set runtime path of "/home/can/ros2_ws/install/more_interfaces/lib/more_interfaces/publish_address_book" to ""
[4.510s] -- Installing: /home/can/ros2_ws/install/more_interfaces/share/ament_index/resource_index/package_run_dependencies/more_interfaces
[4.510s] -- Installing: /home/can/ros2_ws/install/more_interfaces/share/ament_index/resource_index/parent_prefix_path/more_interfaces
[4.510s] -- Installing: /home/can/ros2_ws/install/more_interfaces/share/more_interfaces/environment/ament_prefix_path.sh
[4.510s] -- Installing: /home/can/ros2_ws/install/more_interfaces/share/more_interfaces/environment/ament_prefix_path.dsv
[4.510s] -- Installing: /home/can/ros2_ws/install/more_interfaces/share/more_interfaces/environment/path.sh
[4.510s] -- Installing: /home/can/ros2_ws/install/more_interfaces/share/more_interfaces/environment/path.dsv
[4.510s] -- Installing: /home/can/ros2_ws/install/more_interfaces/share/more_interfaces/local_setup.bash
[4.510s] -- Installing: /home/can/ros2_ws/install/more_interfaces/share/more_interfaces/local_setup.sh
[4.510s] -- Installing: /home/can/ros2_ws/install/more_interfaces/share/more_interfaces/local_setup.zsh
[4.510s] -- Installing: /home/can/ros2_ws/install/more_interfaces/share/more_interfaces/local_setup.dsv
[4.510s] -- Installing: /home/can/ros2_ws/install/more_interfaces/share/more_interfaces/package.dsv
[4.510s] -- Installing: /home/can/ros2_ws/install/more_interfaces/share/ament_index/resource_index/packages/more_interfaces
[4.511s] -- Installing: /home/can/ros2_ws/install/more_interfaces/share/more_interfaces/cmake/more_interfaces__rosidl_generator_cExport.cmake
[4.511s] -- Installing: /home/can/ros2_ws/install/more_interfaces/share/more_interfaces/cmake/more_interfaces__rosidl_generator_cExport-noconfig.cmake
[4.511s] -- Installing: /home/can/ros2_ws/install/more_interfaces/share/more_interfaces/cmake/more_interfaces__rosidl_typesupport_introspection_cExport.cmake
[4.511s] -- Installing: /home/can/ros2_ws/install/more_interfaces/share/more_interfaces/cmake/more_interfaces__rosidl_typesupport_introspection_cExport-noconfig.cmake
[4.511s] -- Installing: /home/can/ros2_ws/install/more_interfaces/share/more_interfaces/cmake/more_interfaces__rosidl_typesupport_cExport.cmake
[4.511s] -- Installing: /home/can/ros2_ws/install/more_interfaces/share/more_interfaces/cmake/more_interfaces__rosidl_typesupport_cExport-noconfig.cmake
[4.511s] -- Installing: /home/can/ros2_ws/install/more_interfaces/share/more_interfaces/cmake/more_interfaces__rosidl_generator_cppExport.cmake
[4.511s] -- Installing: /home/can/ros2_ws/install/more_interfaces/share/more_interfaces/cmake/more_interfaces__rosidl_typesupport_introspection_cppExport.cmake
[4.511s] -- Installing: /home/can/ros2_ws/install/more_interfaces/share/more_interfaces/cmake/more_interfaces__rosidl_typesupport_introspection_cppExport-noconfig.cmake
[4.512s] -- Installing: /home/can/ros2_ws/install/more_interfaces/share/more_interfaces/cmake/more_interfaces__rosidl_typesupport_cppExport.cmake
[4.512s] -- Installing: /home/can/ros2_ws/install/more_interfaces/share/more_interfaces/cmake/more_interfaces__rosidl_typesupport_cppExport-noconfig.cmake
[4.512s] -- Installing: /home/can/ros2_ws/install/more_interfaces/share/more_interfaces/cmake/rosidl_cmake-extras.cmake
[4.512s] -- Installing: /home/can/ros2_ws/install/more_interfaces/share/more_interfaces/cmake/ament_cmake_export_dependencies-extras.cmake
[4.512s] -- Installing: /home/can/ros2_ws/install/more_interfaces/share/more_interfaces/cmake/ament_cmake_export_libraries-extras.cmake
[4.512s] -- Installing: /home/can/ros2_ws/install/more_interfaces/share/more_interfaces/cmake/ament_cmake_export_targets-extras.cmake
[4.512s] -- Installing: /home/can/ros2_ws/install/more_interfaces/share/more_interfaces/cmake/ament_cmake_export_include_directories-extras.cmake
[4.512s] -- Installing: /home/can/ros2_ws/install/more_interfaces/share/more_interfaces/cmake/rosidl_cmake_export_typesupport_libraries-extras.cmake
[4.512s] -- Installing: /home/can/ros2_ws/install/more_interfaces/share/more_interfaces/cmake/rosidl_cmake_export_typesupport_targets-extras.cmake
[4.512s] -- Installing: /home/can/ros2_ws/install/more_interfaces/share/more_interfaces/cmake/more_interfacesConfig.cmake
[4.512s] -- Installing: /home/can/ros2_ws/install/more_interfaces/share/more_interfaces/cmake/more_interfacesConfig-version.cmake
[4.512s] -- Installing: /home/can/ros2_ws/install/more_interfaces/share/more_interfaces/package.xml
[4.515s] Invoked command in '/home/can/ros2_ws/build/more_interfaces' returned '0': CMAKE_PREFIX_PATH=${CMAKE_PREFIX_PATH}:/home/can/ros2_ws/install/py_pubsub:/home/can/ros2_ws/install/examples_rclpy_minimal_subscriber:/home/can/ros2_ws/install/examples_rclpy_minimal_service:/home/can/ros2_ws/install/examples_rclpy_minimal_publisher:/home/can/ros2_ws/install/examples_rclpy_minimal_client:/home/can/ros2_ws/install/examples_rclpy_minimal_action_server:/home/can/ros2_ws/install/examples_rclpy_minimal_action_client:/home/can/ros2_ws/install/examples_rclpy_executors:/opt/ros/foxy /usr/bin/cmake --install /home/can/ros2_ws/build/more_interfaces
