[1.251s] Invoking command in '/home/can/ros2_ws/build/examples_rclcpp_minimal_action_server': CMAKE_PREFIX_PATH=/opt/ros/foxy /usr/bin/cmake /home/can/ros2_ws/src/examples/rclcpp/actions/minimal_action_server -DCMAKE_INSTALL_PREFIX=/home/can/ros2_ws/install/examples_rclcpp_minimal_action_server
[3.130s] -- Found ament_cmake: 0.9.12 (/opt/ros/foxy/share/ament_cmake/cmake)
[3.130s] -- Using PYTHON_EXECUTABLE: /usr/bin/python3
[3.130s] -- Override CMake install command with custom implementation using symlinks instead of copying resources
[3.130s] -- Found example_interfaces: 0.9.1 (/opt/ros/foxy/share/example_interfaces/cmake)
[3.130s] -- Using all available rosidl_typesupport_c: rosidl_typesupport_fastrtps_c;rosidl_typesupport_introspection_c
[3.131s] -- Found rosidl_adapter: 1.3.1 (/opt/ros/foxy/share/rosidl_adapter/cmake)
[3.131s] -- Using all available rosidl_typesupport_cpp: rosidl_typesupport_fastrtps_cpp;rosidl_typesupport_introspection_cpp
[3.131s] -- Found rclcpp: 2.4.3 (/opt/ros/foxy/share/rclcpp/cmake)
[3.131s] -- Found rmw_implementation_cmake: 1.0.4 (/opt/ros/foxy/share/rmw_implementation_cmake/cmake)
[3.131s] -- Using RMW implementation 'rmw_fastrtps_cpp' as default
[3.131s] -- Found rclcpp_action: 2.4.3 (/opt/ros/foxy/share/rclcpp_action/cmake)
[3.131s] -- Found ament_lint_auto: 0.9.8 (/opt/ros/foxy/share/ament_lint_auto/cmake)
[3.131s] -- Added test 'copyright' to check source files copyright and LICENSE
[3.131s] -- Added test 'cppcheck' to perform static code analysis on C / C++ code
[3.131s] -- Configured cppcheck include dirs: 
[3.132s] -- Configured cppcheck exclude dirs and/or files: 
[3.132s] -- Added test 'cpplint' to check C / C++ code against the Google style
[3.132s] -- Configured cpplint exclude dirs and/or files: 
[3.132s] -- Added test 'lint_cmake' to check CMake code style
[3.132s] -- Added test 'uncrustify' to check C / C++ code style
[3.132s] -- Configured uncrustify additional arguments: 
[3.132s] -- Added test 'xmllint' to check XML markup files
[3.132s] -- Configuring done
[3.132s] -- Generating done
[3.132s] -- Build files have been written to: /home/can/ros2_ws/build/examples_rclcpp_minimal_action_server
[3.151s] Invoked command in '/home/can/ros2_ws/build/examples_rclcpp_minimal_action_server' returned '0': CMAKE_PREFIX_PATH=/opt/ros/foxy /usr/bin/cmake /home/can/ros2_ws/src/examples/rclcpp/actions/minimal_action_server -DCMAKE_INSTALL_PREFIX=/home/can/ros2_ws/install/examples_rclcpp_minimal_action_server
[3.151s] Invoking command in '/home/can/ros2_ws/build/examples_rclcpp_minimal_action_server': CMAKE_PREFIX_PATH=/opt/ros/foxy /usr/bin/cmake --build /home/can/ros2_ws/build/examples_rclcpp_minimal_action_server -- -j16 -l16
[3.222s] [ 50%] Built target action_server_not_composable
[3.227s] [100%] Built target action_server_member_functions
[3.281s] Invoked command in '/home/can/ros2_ws/build/examples_rclcpp_minimal_action_server' returned '0': CMAKE_PREFIX_PATH=/opt/ros/foxy /usr/bin/cmake --build /home/can/ros2_ws/build/examples_rclcpp_minimal_action_server -- -j16 -l16
[3.343s] Invoking command in '/home/can/ros2_ws/build/examples_rclcpp_minimal_action_server': CMAKE_PREFIX_PATH=/opt/ros/foxy /usr/bin/cmake --install /home/can/ros2_ws/build/examples_rclcpp_minimal_action_server
[3.371s] -- Install configuration: ""
[3.371s] -- Execute custom install script
[3.371s] -- Up-to-date symlink: /home/can/ros2_ws/install/examples_rclcpp_minimal_action_server/lib/examples_rclcpp_minimal_action_server/action_server_not_composable
[3.371s] -- Up-to-date symlink: /home/can/ros2_ws/install/examples_rclcpp_minimal_action_server/lib/examples_rclcpp_minimal_action_server/action_server_member_functions
[3.372s] -- Up-to-date symlink: /home/can/ros2_ws/install/examples_rclcpp_minimal_action_server/share/ament_index/resource_index/package_run_dependencies/examples_rclcpp_minimal_action_server
[3.373s] -- Up-to-date symlink: /home/can/ros2_ws/install/examples_rclcpp_minimal_action_server/share/ament_index/resource_index/parent_prefix_path/examples_rclcpp_minimal_action_server
[3.373s] -- Up-to-date symlink: /home/can/ros2_ws/install/examples_rclcpp_minimal_action_server/share/examples_rclcpp_minimal_action_server/environment/ament_prefix_path.sh
[3.373s] -- Up-to-date symlink: /home/can/ros2_ws/install/examples_rclcpp_minimal_action_server/share/examples_rclcpp_minimal_action_server/environment/ament_prefix_path.dsv
[3.373s] -- Up-to-date symlink: /home/can/ros2_ws/install/examples_rclcpp_minimal_action_server/share/examples_rclcpp_minimal_action_server/environment/path.sh
[3.374s] -- Up-to-date symlink: /home/can/ros2_ws/install/examples_rclcpp_minimal_action_server/share/examples_rclcpp_minimal_action_server/environment/path.dsv
[3.378s] -- Up-to-date symlink: /home/can/ros2_ws/install/examples_rclcpp_minimal_action_server/share/examples_rclcpp_minimal_action_server/local_setup.bash
[3.378s] -- Up-to-date symlink: /home/can/ros2_ws/install/examples_rclcpp_minimal_action_server/share/examples_rclcpp_minimal_action_server/local_setup.sh
[3.379s] -- Up-to-date symlink: /home/can/ros2_ws/install/examples_rclcpp_minimal_action_server/share/examples_rclcpp_minimal_action_server/local_setup.zsh
[3.379s] -- Up-to-date symlink: /home/can/ros2_ws/install/examples_rclcpp_minimal_action_server/share/examples_rclcpp_minimal_action_server/local_setup.dsv
[3.379s] -- Symlinking: /home/can/ros2_ws/install/examples_rclcpp_minimal_action_server/share/examples_rclcpp_minimal_action_server/package.dsv
[3.383s] -- Up-to-date symlink: /home/can/ros2_ws/install/examples_rclcpp_minimal_action_server/share/ament_index/resource_index/packages/examples_rclcpp_minimal_action_server
[3.385s] -- Up-to-date symlink: /home/can/ros2_ws/install/examples_rclcpp_minimal_action_server/share/examples_rclcpp_minimal_action_server/cmake/examples_rclcpp_minimal_action_serverConfig.cmake
[3.388s] -- Up-to-date symlink: /home/can/ros2_ws/install/examples_rclcpp_minimal_action_server/share/examples_rclcpp_minimal_action_server/cmake/examples_rclcpp_minimal_action_serverConfig-version.cmake
[3.388s] -- Up-to-date symlink: /home/can/ros2_ws/install/examples_rclcpp_minimal_action_server/share/examples_rclcpp_minimal_action_server/package.xml
[3.708s] Invoked command in '/home/can/ros2_ws/build/examples_rclcpp_minimal_action_server' returned '0': CMAKE_PREFIX_PATH=/opt/ros/foxy /usr/bin/cmake --install /home/can/ros2_ws/build/examples_rclcpp_minimal_action_server
