[0.077s] Invoking command in '/home/can/ros2_ws/build/polygon_plugins': AMENT_PREFIX_PATH=/home/can/ros2_ws/install/polygon_base:${AMENT_PREFIX_PATH} CMAKE_PREFIX_PATH=/home/can/ros2_ws/install/polygon_base:/opt/ros/foxy /usr/bin/cmake /home/can/ros2_ws/src/polygon_plugins -DCMAKE_INSTALL_PREFIX=/home/can/ros2_ws/install/polygon_plugins
[0.086s] -- Found ament_cmake: 0.9.12 (/opt/ros/foxy/share/ament_cmake/cmake)
[0.101s] -- Using PYTHON_EXECUTABLE: /usr/bin/python3
[0.212s] -- Found ament_cmake_ros: 0.9.2 (/opt/ros/foxy/share/ament_cmake_ros/cmake)
[0.214s] -- Found polygon_base: 0.0.0 (/home/can/ros2_ws/install/polygon_base/share/polygon_base/cmake)
[0.214s] -- Found pluginlib: 2.5.4 (/opt/ros/foxy/share/pluginlib/cmake)
[0.240s] CMake Error at CMakeLists.txt:44 (add_library):
[0.240s]   add_library cannot create target "polygon_plugins" because another target
[0.240s]   with the same name already exists.  The existing target is a shared library
[0.240s]   created in source directory "/home/can/ros2_ws/src/polygon_plugins".  See
[0.240s]   documentation for policy CMP0002 for more details.
[0.241s] 
[0.241s] 
[0.241s] -- Found ament_lint_auto: 0.9.8 (/opt/ros/foxy/share/ament_lint_auto/cmake)
[0.280s] -- Added test 'copyright' to check source files copyright and LICENSE
[0.281s] -- Added test 'cppcheck' to perform static code analysis on C / C++ code
[0.281s] -- Configured cppcheck include dirs: $<BUILD_INTERFACE:/home/can/ros2_ws/src/polygon_plugins/include>
[0.281s] -- Configured cppcheck exclude dirs and/or files: 
[0.281s] -- Added test 'cpplint' to check C / C++ code against the Google style
[0.281s] -- Configured cpplint exclude dirs and/or files: 
[0.281s] -- Added test 'lint_cmake' to check CMake code style
[0.282s] -- Added test 'uncrustify' to check C / C++ code style
[0.282s] -- Configured uncrustify additional arguments: 
[0.282s] -- Added test 'xmllint' to check XML markup files
[0.284s] -- Configuring incomplete, errors occurred!
[0.284s] See also "/home/can/ros2_ws/build/polygon_plugins/CMakeFiles/CMakeOutput.log".
[0.287s] Invoked command in '/home/can/ros2_ws/build/polygon_plugins' returned '1': AMENT_PREFIX_PATH=/home/can/ros2_ws/install/polygon_base:${AMENT_PREFIX_PATH} CMAKE_PREFIX_PATH=/home/can/ros2_ws/install/polygon_base:/opt/ros/foxy /usr/bin/cmake /home/can/ros2_ws/src/polygon_plugins -DCMAKE_INSTALL_PREFIX=/home/can/ros2_ws/install/polygon_plugins
