[0.075s] Invoking command in '/home/can/ros2_ws/build/polygon_base': CMAKE_PREFIX_PATH=/opt/ros/foxy /usr/bin/cmake --build /home/can/ros2_ws/build/polygon_base -- -j16 -l16
[0.091s] -- Found ament_cmake: 0.9.12 (/opt/ros/foxy/share/ament_cmake/cmake)
[0.107s] -- Using PYTHON_EXECUTABLE: /usr/bin/python3
[0.217s] -- Found pluginlib: 2.5.4 (/opt/ros/foxy/share/pluginlib/cmake)
[0.241s] -- Found ament_lint_auto: 0.9.8 (/opt/ros/foxy/share/ament_lint_auto/cmake)
[0.280s] -- Added test 'copyright' to check source files copyright and LICENSE
[0.280s] -- Added test 'cppcheck' to perform static code analysis on C / C++ code
[0.280s] -- Configured cppcheck include dirs: $<BUILD_INTERFACE:/home/can/ros2_ws/src/polygon_base/include>
[0.280s] -- Configured cppcheck exclude dirs and/or files: 
[0.281s] -- Added test 'cpplint' to check C / C++ code against the Google style
[0.281s] -- Configured cpplint exclude dirs and/or files: 
[0.281s] -- Added test 'lint_cmake' to check CMake code style
[0.282s] -- Added test 'uncrustify' to check C / C++ code style
[0.282s] -- Configured uncrustify additional arguments: 
[0.282s] -- Added test 'xmllint' to check XML markup files
[0.283s] -- Configuring done
[0.286s] -- Generating done
[0.286s] -- Build files have been written to: /home/can/ros2_ws/build/polygon_base
[0.301s] [35m[1mScanning dependencies of target area_node[0m
[0.312s] [ 50%] [32mBuilding CXX object CMakeFiles/area_node.dir/src/area_node.cpp.o[0m
[2.405s] [100%] [32m[1mLinking CXX executable area_node[0m
[2.494s] [100%] Built target area_node
[2.503s] Invoked command in '/home/can/ros2_ws/build/polygon_base' returned '0': CMAKE_PREFIX_PATH=/opt/ros/foxy /usr/bin/cmake --build /home/can/ros2_ws/build/polygon_base -- -j16 -l16
[2.529s] Invoking command in '/home/can/ros2_ws/build/polygon_base': CMAKE_PREFIX_PATH=/opt/ros/foxy /usr/bin/cmake --install /home/can/ros2_ws/build/polygon_base
[2.536s] -- Install configuration: ""
[2.536s] -- Up-to-date: /home/can/ros2_ws/install/polygon_base/include
[2.536s] -- Up-to-date: /home/can/ros2_ws/install/polygon_base/include/polygon_base
[2.536s] -- Up-to-date: /home/can/ros2_ws/install/polygon_base/include/polygon_base/regular_polygon.hpp
[2.536s] -- Installing: /home/can/ros2_ws/install/polygon_base/lib/polygon_base/area_node
[2.537s] -- Set runtime path of "/home/can/ros2_ws/install/polygon_base/lib/polygon_base/area_node" to ""
[2.538s] -- Up-to-date: /home/can/ros2_ws/install/polygon_base/share/ament_index/resource_index/package_run_dependencies/polygon_base
[2.538s] -- Up-to-date: /home/can/ros2_ws/install/polygon_base/share/ament_index/resource_index/parent_prefix_path/polygon_base
[2.538s] -- Up-to-date: /home/can/ros2_ws/install/polygon_base/share/polygon_base/environment/ament_prefix_path.sh
[2.538s] -- Installing: /home/can/ros2_ws/install/polygon_base/share/polygon_base/environment/ament_prefix_path.dsv
[2.538s] -- Up-to-date: /home/can/ros2_ws/install/polygon_base/share/polygon_base/environment/path.sh
[2.538s] -- Installing: /home/can/ros2_ws/install/polygon_base/share/polygon_base/environment/path.dsv
[2.538s] -- Up-to-date: /home/can/ros2_ws/install/polygon_base/share/polygon_base/local_setup.bash
[2.538s] -- Up-to-date: /home/can/ros2_ws/install/polygon_base/share/polygon_base/local_setup.sh
[2.538s] -- Up-to-date: /home/can/ros2_ws/install/polygon_base/share/polygon_base/local_setup.zsh
[2.538s] -- Installing: /home/can/ros2_ws/install/polygon_base/share/polygon_base/local_setup.dsv
[2.538s] -- Installing: /home/can/ros2_ws/install/polygon_base/share/polygon_base/package.dsv
[2.538s] -- Up-to-date: /home/can/ros2_ws/install/polygon_base/share/ament_index/resource_index/packages/polygon_base
[2.538s] -- Up-to-date: /home/can/ros2_ws/install/polygon_base/share/polygon_base/cmake/ament_cmake_export_include_directories-extras.cmake
[2.538s] -- Up-to-date: /home/can/ros2_ws/install/polygon_base/share/polygon_base/cmake/polygon_baseConfig.cmake
[2.538s] -- Up-to-date: /home/can/ros2_ws/install/polygon_base/share/polygon_base/cmake/polygon_baseConfig-version.cmake
[2.539s] -- Up-to-date: /home/can/ros2_ws/install/polygon_base/share/polygon_base/package.xml
[2.540s] Invoked command in '/home/can/ros2_ws/build/polygon_base' returned '0': CMAKE_PREFIX_PATH=/opt/ros/foxy /usr/bin/cmake --install /home/can/ros2_ws/build/polygon_base
