[3.958s] Invoking command in '/home/can/ros2_ws/build/examples_rclpy_minimal_client': PYTHONPATH=/home/can/ros2_ws/build/examples_rclpy_minimal_client/prefix_override:/home/can/ros2_ws/install/examples_rclpy_minimal_client/lib/python3.8/site-packages:${PYTHONPATH} /usr/bin/python3 setup.py develop --editable --build-directory /home/can/ros2_ws/build/examples_rclpy_minimal_client/build --no-deps install_data
[5.332s] running develop
[5.333s] running egg_info
[5.333s] creating examples_rclpy_minimal_client.egg-info
[5.333s] writing examples_rclpy_minimal_client.egg-info/PKG-INFO
[5.333s] writing dependency_links to examples_rclpy_minimal_client.egg-info/dependency_links.txt
[5.333s] writing entry points to examples_rclpy_minimal_client.egg-info/entry_points.txt
[5.333s] writing requirements to examples_rclpy_minimal_client.egg-info/requires.txt
[5.334s] writing top-level names to examples_rclpy_minimal_client.egg-info/top_level.txt
[5.334s] writing manifest file 'examples_rclpy_minimal_client.egg-info/SOURCES.txt'
[5.334s] reading manifest file 'examples_rclpy_minimal_client.egg-info/SOURCES.txt'
[5.334s] writing manifest file 'examples_rclpy_minimal_client.egg-info/SOURCES.txt'
[5.334s] running build_ext
[5.334s] Creating /home/can/ros2_ws/install/examples_rclpy_minimal_client/lib/python3.8/site-packages/site.py
[5.335s] Creating /home/can/ros2_ws/install/examples_rclpy_minimal_client/lib/python3.8/site-packages/examples-rclpy-minimal-client.egg-link (link to .)
[5.335s] Installing client script to /home/can/ros2_ws/install/examples_rclpy_minimal_client/lib/examples_rclpy_minimal_client
[5.335s] Installing client_async script to /home/can/ros2_ws/install/examples_rclpy_minimal_client/lib/examples_rclpy_minimal_client
[5.335s] Installing client_async_callback script to /home/can/ros2_ws/install/examples_rclpy_minimal_client/lib/examples_rclpy_minimal_client
[5.335s] Installing client_async_member_function script to /home/can/ros2_ws/install/examples_rclpy_minimal_client/lib/examples_rclpy_minimal_client
[5.335s] 
[5.335s] Installed /home/can/ros2_ws/build/examples_rclpy_minimal_client
[5.336s] running install_data
[5.336s] creating /home/can/ros2_ws/install/examples_rclpy_minimal_client/share/ament_index
[5.336s] creating /home/can/ros2_ws/install/examples_rclpy_minimal_client/share/ament_index/resource_index
[5.336s] creating /home/can/ros2_ws/install/examples_rclpy_minimal_client/share/ament_index/resource_index/packages
[5.336s] copying resource/examples_rclpy_minimal_client -> /home/can/ros2_ws/install/examples_rclpy_minimal_client/share/ament_index/resource_index/packages
[5.336s] copying package.xml -> /home/can/ros2_ws/install/examples_rclpy_minimal_client/share/examples_rclpy_minimal_client
[6.561s] Invoked command in '/home/can/ros2_ws/build/examples_rclpy_minimal_client' returned '0': PYTHONPATH=/home/can/ros2_ws/build/examples_rclpy_minimal_client/prefix_override:/home/can/ros2_ws/install/examples_rclpy_minimal_client/lib/python3.8/site-packages:${PYTHONPATH} /usr/bin/python3 setup.py develop --editable --build-directory /home/can/ros2_ws/build/examples_rclpy_minimal_client/build --no-deps install_data
