[0.598s] Invoking command in '/home/can/ros2_ws/src/python_parameters': PYTHONPATH=/home/can/ros2_ws/build/python_parameters/prefix_override:/home/can/ros2_ws/install/python_parameters/lib/python3.8/site-packages:${PYTHONPATH} /usr/bin/python3 setup.py egg_info --egg-base ../../build/python_parameters build --build-base /home/can/ros2_ws/build/python_parameters/build install --record /home/can/ros2_ws/build/python_parameters/install.log --install-scripts $base/lib/python_parameters --single-version-externally-managed
[0.735s] running egg_info
[0.735s] writing ../../build/python_parameters/python_parameters.egg-info/PKG-INFO
[0.735s] writing dependency_links to ../../build/python_parameters/python_parameters.egg-info/dependency_links.txt
[0.735s] writing entry points to ../../build/python_parameters/python_parameters.egg-info/entry_points.txt
[0.735s] writing requirements to ../../build/python_parameters/python_parameters.egg-info/requires.txt
[0.735s] writing top-level names to ../../build/python_parameters/python_parameters.egg-info/top_level.txt
[0.758s] reading manifest file '../../build/python_parameters/python_parameters.egg-info/SOURCES.txt'
[0.758s] writing manifest file '../../build/python_parameters/python_parameters.egg-info/SOURCES.txt'
[0.758s] running build
[0.758s] running build_py
[0.758s] running install
[0.759s] running install_lib
[0.760s] running install_data
[0.761s] copying launch/python_parameters_launch.py -> /home/can/ros2_ws/install/python_parameters/share/python_parameters
[0.761s] running install_egg_info
[0.762s] removing '/home/can/ros2_ws/install/python_parameters/lib/python3.8/site-packages/python_parameters-0.0.0-py3.8.egg-info' (and everything under it)
[0.762s] Copying ../../build/python_parameters/python_parameters.egg-info to /home/can/ros2_ws/install/python_parameters/lib/python3.8/site-packages/python_parameters-0.0.0-py3.8.egg-info
[0.763s] running install_scripts
[0.775s] Installing minimal_param_node script to /home/can/ros2_ws/install/python_parameters/lib/python_parameters
[0.775s] writing list of installed files to '/home/can/ros2_ws/build/python_parameters/install.log'
[0.786s] Invoked command in '/home/can/ros2_ws/src/python_parameters' returned '0': PYTHONPATH=/home/can/ros2_ws/build/python_parameters/prefix_override:/home/can/ros2_ws/install/python_parameters/lib/python3.8/site-packages:${PYTHONPATH} /usr/bin/python3 setup.py egg_info --egg-base ../../build/python_parameters build --build-base /home/can/ros2_ws/build/python_parameters/build install --record /home/can/ros2_ws/build/python_parameters/install.log --install-scripts $base/lib/python_parameters --single-version-externally-managed
